mode: set
github.com/platinummonkey/spoke/pkg/orgs/members.go:12.74,21.16 3 0
github.com/platinummonkey/spoke/pkg/orgs/members.go:21.16,23.3 1 0
github.com/platinummonkey/spoke/pkg/orgs/members.go:24.2,27.18 3 0
github.com/platinummonkey/spoke/pkg/orgs/members.go:27.18,35.17 4 0
github.com/platinummonkey/spoke/pkg/orgs/members.go:35.17,37.4 1 0
github.com/platinummonkey/spoke/pkg/orgs/members.go:38.3,38.18 1 0
github.com/platinummonkey/spoke/pkg/orgs/members.go:38.18,40.4 1 0
github.com/platinummonkey/spoke/pkg/orgs/members.go:41.3,41.21 1 0
github.com/platinummonkey/spoke/pkg/orgs/members.go:41.21,43.4 1 0
github.com/platinummonkey/spoke/pkg/orgs/members.go:44.3,44.36 1 0
github.com/platinummonkey/spoke/pkg/orgs/members.go:47.2,47.21 1 0
github.com/platinummonkey/spoke/pkg/orgs/members.go:51.78,66.26 6 0
github.com/platinummonkey/spoke/pkg/orgs/members.go:66.26,68.3 1 0
github.com/platinummonkey/spoke/pkg/orgs/members.go:69.2,69.16 1 0
github.com/platinummonkey/spoke/pkg/orgs/members.go:69.16,71.3 1 0
github.com/platinummonkey/spoke/pkg/orgs/members.go:73.2,73.17 1 0
github.com/platinummonkey/spoke/pkg/orgs/members.go:73.17,75.3 1 0
github.com/platinummonkey/spoke/pkg/orgs/members.go:76.2,76.20 1 0
github.com/platinummonkey/spoke/pkg/orgs/members.go:76.20,78.3 1 0
github.com/platinummonkey/spoke/pkg/orgs/members.go:80.2,80.20 1 0
github.com/platinummonkey/spoke/pkg/orgs/members.go:84.98,91.16 3 0
github.com/platinummonkey/spoke/pkg/orgs/members.go:91.16,93.3 1 0
github.com/platinummonkey/spoke/pkg/orgs/members.go:95.2,96.16 2 0
github.com/platinummonkey/spoke/pkg/orgs/members.go:96.16,98.3 1 0
github.com/platinummonkey/spoke/pkg/orgs/members.go:99.2,99.23 1 0
github.com/platinummonkey/spoke/pkg/orgs/members.go:99.23,101.3 1 0
github.com/platinummonkey/spoke/pkg/orgs/members.go:103.2,103.12 1 0
github.com/platinummonkey/spoke/pkg/orgs/members.go:107.87,110.16 3 0
github.com/platinummonkey/spoke/pkg/orgs/members.go:110.16,112.3 1 0
github.com/platinummonkey/spoke/pkg/orgs/members.go:114.2,115.16 2 0
github.com/platinummonkey/spoke/pkg/orgs/members.go:115.16,117.3 1 0
github.com/platinummonkey/spoke/pkg/orgs/members.go:118.2,118.23 1 0
github.com/platinummonkey/spoke/pkg/orgs/members.go:118.23,120.3 1 0
github.com/platinummonkey/spoke/pkg/orgs/members.go:122.2,122.12 1 0
github.com/platinummonkey/spoke/pkg/orgs/members.go:126.67,129.16 3 0
github.com/platinummonkey/spoke/pkg/orgs/members.go:129.16,131.3 1 0
github.com/platinummonkey/spoke/pkg/orgs/members.go:133.2,134.16 2 0
github.com/platinummonkey/spoke/pkg/orgs/members.go:134.16,136.3 1 0
github.com/platinummonkey/spoke/pkg/orgs/members.go:137.2,137.23 1 0
github.com/platinummonkey/spoke/pkg/orgs/members.go:137.23,139.3 1 0
github.com/platinummonkey/spoke/pkg/orgs/members.go:141.2,141.12 1 0
github.com/platinummonkey/spoke/pkg/orgs/members.go:145.77,148.16 2 0
github.com/platinummonkey/spoke/pkg/orgs/members.go:148.16,150.3 1 0
github.com/platinummonkey/spoke/pkg/orgs/members.go:151.2,154.35 2 0
github.com/platinummonkey/spoke/pkg/orgs/members.go:154.35,156.3 1 0
github.com/platinummonkey/spoke/pkg/orgs/members.go:157.2,157.35 1 0
github.com/platinummonkey/spoke/pkg/orgs/members.go:157.35,159.3 1 0
github.com/platinummonkey/spoke/pkg/orgs/members.go:161.2,171.16 3 0
github.com/platinummonkey/spoke/pkg/orgs/members.go:171.16,173.3 1 0
github.com/platinummonkey/spoke/pkg/orgs/members.go:175.2,175.12 1 0
github.com/platinummonkey/spoke/pkg/orgs/members.go:179.79,191.26 4 0
github.com/platinummonkey/spoke/pkg/orgs/members.go:191.26,193.3 1 0
github.com/platinummonkey/spoke/pkg/orgs/members.go:194.2,194.16 1 0
github.com/platinummonkey/spoke/pkg/orgs/members.go:194.16,196.3 1 0
github.com/platinummonkey/spoke/pkg/orgs/members.go:198.2,198.24 1 0
github.com/platinummonkey/spoke/pkg/orgs/members.go:202.82,210.16 3 0
github.com/platinummonkey/spoke/pkg/orgs/members.go:210.16,212.3 1 0
github.com/platinummonkey/spoke/pkg/orgs/members.go:213.2,216.18 3 0
github.com/platinummonkey/spoke/pkg/orgs/members.go:216.18,222.17 2 0
github.com/platinummonkey/spoke/pkg/orgs/members.go:222.17,224.4 1 0
github.com/platinummonkey/spoke/pkg/orgs/members.go:225.3,225.48 1 0
github.com/platinummonkey/spoke/pkg/orgs/members.go:228.2,228.25 1 0
github.com/platinummonkey/spoke/pkg/orgs/members.go:232.78,235.16 2 0
github.com/platinummonkey/spoke/pkg/orgs/members.go:235.16,237.3 1 0
github.com/platinummonkey/spoke/pkg/orgs/members.go:238.2,254.26 9 0
github.com/platinummonkey/spoke/pkg/orgs/members.go:254.26,256.3 1 0
github.com/platinummonkey/spoke/pkg/orgs/members.go:257.2,257.16 1 0
github.com/platinummonkey/spoke/pkg/orgs/members.go:257.16,259.3 1 0
github.com/platinummonkey/spoke/pkg/orgs/members.go:262.2,262.22 1 0
github.com/platinummonkey/spoke/pkg/orgs/members.go:262.22,264.3 1 0
github.com/platinummonkey/spoke/pkg/orgs/members.go:267.2,267.33 1 0
github.com/platinummonkey/spoke/pkg/orgs/members.go:267.33,269.3 1 0
github.com/platinummonkey/spoke/pkg/orgs/members.go:272.2,278.16 3 0
github.com/platinummonkey/spoke/pkg/orgs/members.go:278.16,280.3 1 0
github.com/platinummonkey/spoke/pkg/orgs/members.go:283.2,285.16 3 0
github.com/platinummonkey/spoke/pkg/orgs/members.go:285.16,287.3 1 0
github.com/platinummonkey/spoke/pkg/orgs/members.go:289.2,289.20 1 0
github.com/platinummonkey/spoke/pkg/orgs/members.go:293.60,296.16 3 0
github.com/platinummonkey/spoke/pkg/orgs/members.go:296.16,298.3 1 0
github.com/platinummonkey/spoke/pkg/orgs/members.go:300.2,301.16 2 0
github.com/platinummonkey/spoke/pkg/orgs/members.go:301.16,303.3 1 0
github.com/platinummonkey/spoke/pkg/orgs/members.go:304.2,304.23 1 0
github.com/platinummonkey/spoke/pkg/orgs/members.go:304.23,306.3 1 0
github.com/platinummonkey/spoke/pkg/orgs/members.go:308.2,308.12 1 0
github.com/platinummonkey/spoke/pkg/orgs/members.go:312.61,315.16 3 0
github.com/platinummonkey/spoke/pkg/orgs/members.go:315.16,317.3 1 0
github.com/platinummonkey/spoke/pkg/orgs/members.go:318.2,318.12 1 0
github.com/platinummonkey/spoke/pkg/orgs/quotas.go:9.63,11.16 2 1
github.com/platinummonkey/spoke/pkg/orgs/quotas.go:11.16,13.3 1 1
github.com/platinummonkey/spoke/pkg/orgs/quotas.go:15.2,16.16 2 1
github.com/platinummonkey/spoke/pkg/orgs/quotas.go:16.16,18.3 1 1
github.com/platinummonkey/spoke/pkg/orgs/quotas.go:20.2,20.45 1 1
github.com/platinummonkey/spoke/pkg/orgs/quotas.go:20.45,26.3 1 1
github.com/platinummonkey/spoke/pkg/orgs/quotas.go:28.2,28.12 1 1
github.com/platinummonkey/spoke/pkg/orgs/quotas.go:32.83,34.16 2 1
github.com/platinummonkey/spoke/pkg/orgs/quotas.go:34.16,36.3 1 1
github.com/platinummonkey/spoke/pkg/orgs/quotas.go:39.2,46.77 3 1
github.com/platinummonkey/spoke/pkg/orgs/quotas.go:46.77,48.3 1 1
github.com/platinummonkey/spoke/pkg/orgs/quotas.go:50.2,50.42 1 1
github.com/platinummonkey/spoke/pkg/orgs/quotas.go:50.42,56.3 1 1
github.com/platinummonkey/spoke/pkg/orgs/quotas.go:58.2,58.12 1 1
github.com/platinummonkey/spoke/pkg/orgs/quotas.go:62.87,64.16 2 1
github.com/platinummonkey/spoke/pkg/orgs/quotas.go:64.16,66.3 1 1
github.com/platinummonkey/spoke/pkg/orgs/quotas.go:68.2,69.16 2 1
github.com/platinummonkey/spoke/pkg/orgs/quotas.go:69.16,71.3 1 0
github.com/platinummonkey/spoke/pkg/orgs/quotas.go:73.2,73.65 1 1
github.com/platinummonkey/spoke/pkg/orgs/quotas.go:73.65,79.3 1 1
github.com/platinummonkey/spoke/pkg/orgs/quotas.go:81.2,81.12 1 1
github.com/platinummonkey/spoke/pkg/orgs/quotas.go:85.67,87.16 2 1
github.com/platinummonkey/spoke/pkg/orgs/quotas.go:87.16,89.3 1 0
github.com/platinummonkey/spoke/pkg/orgs/quotas.go:91.2,92.16 2 1
github.com/platinummonkey/spoke/pkg/orgs/quotas.go:92.16,94.3 1 0
github.com/platinummonkey/spoke/pkg/orgs/quotas.go:96.2,96.61 1 1
github.com/platinummonkey/spoke/pkg/orgs/quotas.go:96.61,102.3 1 1
github.com/platinummonkey/spoke/pkg/orgs/quotas.go:104.2,104.12 1 1
github.com/platinummonkey/spoke/pkg/orgs/quotas.go:108.64,110.16 2 1
github.com/platinummonkey/spoke/pkg/orgs/quotas.go:110.16,112.3 1 1
github.com/platinummonkey/spoke/pkg/orgs/quotas.go:115.2,121.89 3 1
github.com/platinummonkey/spoke/pkg/orgs/quotas.go:121.89,123.3 1 1
github.com/platinummonkey/spoke/pkg/orgs/quotas.go:125.2,125.48 1 1
github.com/platinummonkey/spoke/pkg/orgs/quotas.go:125.48,131.3 1 1
github.com/platinummonkey/spoke/pkg/orgs/quotas.go:133.2,133.12 1 1
github.com/platinummonkey/spoke/pkg/orgs/quotas.go:137.63,144.16 3 1
github.com/platinummonkey/spoke/pkg/orgs/quotas.go:144.16,146.3 1 1
github.com/platinummonkey/spoke/pkg/orgs/quotas.go:148.2,149.16 2 1
github.com/platinummonkey/spoke/pkg/orgs/quotas.go:149.16,151.3 1 1
github.com/platinummonkey/spoke/pkg/orgs/quotas.go:152.2,152.23 1 1
github.com/platinummonkey/spoke/pkg/orgs/quotas.go:152.23,154.56 1 1
github.com/platinummonkey/spoke/pkg/orgs/quotas.go:154.56,156.4 1 1
github.com/platinummonkey/spoke/pkg/orgs/quotas.go:157.3,157.35 1 1
github.com/platinummonkey/spoke/pkg/orgs/quotas.go:160.2,160.12 1 1
github.com/platinummonkey/spoke/pkg/orgs/quotas.go:164.64,171.16 3 1
github.com/platinummonkey/spoke/pkg/orgs/quotas.go:171.16,173.3 1 0
github.com/platinummonkey/spoke/pkg/orgs/quotas.go:175.2,176.16 2 1
github.com/platinummonkey/spoke/pkg/orgs/quotas.go:176.16,178.3 1 1
github.com/platinummonkey/spoke/pkg/orgs/quotas.go:179.2,179.23 1 1
github.com/platinummonkey/spoke/pkg/orgs/quotas.go:179.23,180.56 1 1
github.com/platinummonkey/spoke/pkg/orgs/quotas.go:180.56,182.4 1 0
github.com/platinummonkey/spoke/pkg/orgs/quotas.go:183.3,183.36 1 1
github.com/platinummonkey/spoke/pkg/orgs/quotas.go:186.2,186.12 1 1
github.com/platinummonkey/spoke/pkg/orgs/quotas.go:190.76,197.16 3 1
github.com/platinummonkey/spoke/pkg/orgs/quotas.go:197.16,199.3 1 0
github.com/platinummonkey/spoke/pkg/orgs/quotas.go:201.2,202.16 2 1
github.com/platinummonkey/spoke/pkg/orgs/quotas.go:202.16,204.3 1 1
github.com/platinummonkey/spoke/pkg/orgs/quotas.go:205.2,205.23 1 1
github.com/platinummonkey/spoke/pkg/orgs/quotas.go:205.23,206.56 1 1
github.com/platinummonkey/spoke/pkg/orgs/quotas.go:206.56,208.4 1 0
github.com/platinummonkey/spoke/pkg/orgs/quotas.go:209.3,209.42 1 1
github.com/platinummonkey/spoke/pkg/orgs/quotas.go:212.2,212.12 1 1
github.com/platinummonkey/spoke/pkg/orgs/quotas.go:216.67,223.16 3 1
github.com/platinummonkey/spoke/pkg/orgs/quotas.go:223.16,225.3 1 0
github.com/platinummonkey/spoke/pkg/orgs/quotas.go:227.2,228.16 2 1
github.com/platinummonkey/spoke/pkg/orgs/quotas.go:228.16,230.3 1 1
github.com/platinummonkey/spoke/pkg/orgs/quotas.go:231.2,231.23 1 1
github.com/platinummonkey/spoke/pkg/orgs/quotas.go:231.23,232.56 1 1
github.com/platinummonkey/spoke/pkg/orgs/quotas.go:232.56,234.4 1 0
github.com/platinummonkey/spoke/pkg/orgs/quotas.go:235.3,235.39 1 1
github.com/platinummonkey/spoke/pkg/orgs/quotas.go:238.2,238.12 1 1
github.com/platinummonkey/spoke/pkg/orgs/quotas.go:242.67,249.16 3 1
github.com/platinummonkey/spoke/pkg/orgs/quotas.go:249.16,251.3 1 0
github.com/platinummonkey/spoke/pkg/orgs/quotas.go:253.2,254.16 2 1
github.com/platinummonkey/spoke/pkg/orgs/quotas.go:254.16,256.3 1 1
github.com/platinummonkey/spoke/pkg/orgs/quotas.go:257.2,257.23 1 1
github.com/platinummonkey/spoke/pkg/orgs/quotas.go:257.23,258.56 1 1
github.com/platinummonkey/spoke/pkg/orgs/quotas.go:258.56,260.4 1 0
github.com/platinummonkey/spoke/pkg/orgs/quotas.go:261.3,261.39 1 1
github.com/platinummonkey/spoke/pkg/orgs/quotas.go:264.2,264.12 1 1
github.com/platinummonkey/spoke/pkg/orgs/quotas.go:268.63,275.16 3 1
github.com/platinummonkey/spoke/pkg/orgs/quotas.go:275.16,277.3 1 1
github.com/platinummonkey/spoke/pkg/orgs/quotas.go:278.2,278.12 1 1
github.com/platinummonkey/spoke/pkg/orgs/quotas.go:282.64,289.16 3 1
github.com/platinummonkey/spoke/pkg/orgs/quotas.go:289.16,291.3 1 1
github.com/platinummonkey/spoke/pkg/orgs/quotas.go:292.2,292.12 1 1
github.com/platinummonkey/spoke/pkg/orgs/quotas.go:296.76,303.16 3 1
github.com/platinummonkey/spoke/pkg/orgs/quotas.go:303.16,305.3 1 1
github.com/platinummonkey/spoke/pkg/orgs/quotas.go:306.2,306.12 1 1
github.com/platinummonkey/spoke/pkg/orgs/service.go:19.54,21.2 1 0
github.com/platinummonkey/spoke/pkg/orgs/service.go:24.71,26.20 1 0
github.com/platinummonkey/spoke/pkg/orgs/service.go:26.20,28.3 1 0
github.com/platinummonkey/spoke/pkg/orgs/service.go:31.2,31.25 1 0
github.com/platinummonkey/spoke/pkg/orgs/service.go:31.25,33.3 1 0
github.com/platinummonkey/spoke/pkg/orgs/service.go:34.2,34.22 1 0
github.com/platinummonkey/spoke/pkg/orgs/service.go:34.22,36.3 1 0
github.com/platinummonkey/spoke/pkg/orgs/service.go:37.2,40.16 3 0
github.com/platinummonkey/spoke/pkg/orgs/service.go:40.16,42.3 1 0
github.com/platinummonkey/spoke/pkg/orgs/service.go:44.2,52.16 3 0
github.com/platinummonkey/spoke/pkg/orgs/service.go:52.16,54.3 1 0
github.com/platinummonkey/spoke/pkg/orgs/service.go:57.2,59.47 3 0
github.com/platinummonkey/spoke/pkg/orgs/service.go:59.47,61.3 1 0
github.com/platinummonkey/spoke/pkg/orgs/service.go:64.2,64.56 1 0
github.com/platinummonkey/spoke/pkg/orgs/service.go:64.56,66.3 1 0
github.com/platinummonkey/spoke/pkg/orgs/service.go:68.2,68.12 1 0
github.com/platinummonkey/spoke/pkg/orgs/service.go:72.76,86.26 5 0
github.com/platinummonkey/spoke/pkg/orgs/service.go:86.26,88.3 1 0
github.com/platinummonkey/spoke/pkg/orgs/service.go:89.2,89.16 1 0
github.com/platinummonkey/spoke/pkg/orgs/service.go:89.16,91.3 1 0
github.com/platinummonkey/spoke/pkg/orgs/service.go:93.2,93.68 1 0
github.com/platinummonkey/spoke/pkg/orgs/service.go:93.68,95.3 1 0
github.com/platinummonkey/spoke/pkg/orgs/service.go:97.2,97.17 1 0
github.com/platinummonkey/spoke/pkg/orgs/service.go:101.85,115.26 5 0
github.com/platinummonkey/spoke/pkg/orgs/service.go:115.26,117.3 1 0
github.com/platinummonkey/spoke/pkg/orgs/service.go:118.2,118.16 1 0
github.com/platinummonkey/spoke/pkg/orgs/service.go:118.16,120.3 1 0
github.com/platinummonkey/spoke/pkg/orgs/service.go:122.2,122.68 1 0
github.com/platinummonkey/spoke/pkg/orgs/service.go:122.68,124.3 1 0
github.com/platinummonkey/spoke/pkg/orgs/service.go:126.2,126.17 1 0
github.com/platinummonkey/spoke/pkg/orgs/service.go:130.84,140.16 3 0
github.com/platinummonkey/spoke/pkg/orgs/service.go:140.16,142.3 1 0
github.com/platinummonkey/spoke/pkg/orgs/service.go:143.2,146.18 3 0
github.com/platinummonkey/spoke/pkg/orgs/service.go:146.18,153.17 3 0
github.com/platinummonkey/spoke/pkg/orgs/service.go:153.17,155.4 1 0
github.com/platinummonkey/spoke/pkg/orgs/service.go:156.3,156.69 1 0
github.com/platinummonkey/spoke/pkg/orgs/service.go:156.69,158.4 1 0
github.com/platinummonkey/spoke/pkg/orgs/service.go:159.3,159.27 1 0
github.com/platinummonkey/spoke/pkg/orgs/service.go:162.2,162.18 1 0
github.com/platinummonkey/spoke/pkg/orgs/service.go:166.89,171.32 4 0
github.com/platinummonkey/spoke/pkg/orgs/service.go:171.32,175.3 3 0
github.com/platinummonkey/spoke/pkg/orgs/service.go:176.2,176.32 1 0
github.com/platinummonkey/spoke/pkg/orgs/service.go:176.32,180.3 3 0
github.com/platinummonkey/spoke/pkg/orgs/service.go:181.2,181.29 1 0
github.com/platinummonkey/spoke/pkg/orgs/service.go:181.29,183.17 2 0
github.com/platinummonkey/spoke/pkg/orgs/service.go:183.17,185.4 1 0
github.com/platinummonkey/spoke/pkg/orgs/service.go:186.3,188.11 3 0
github.com/platinummonkey/spoke/pkg/orgs/service.go:191.2,191.26 1 0
github.com/platinummonkey/spoke/pkg/orgs/service.go:191.26,193.3 1 0
github.com/platinummonkey/spoke/pkg/orgs/service.go:195.2,199.16 4 0
github.com/platinummonkey/spoke/pkg/orgs/service.go:199.16,201.3 1 0
github.com/platinummonkey/spoke/pkg/orgs/service.go:203.2,204.16 2 0
github.com/platinummonkey/spoke/pkg/orgs/service.go:204.16,206.3 1 0
github.com/platinummonkey/spoke/pkg/orgs/service.go:207.2,207.23 1 0
github.com/platinummonkey/spoke/pkg/orgs/service.go:207.23,209.3 1 0
github.com/platinummonkey/spoke/pkg/orgs/service.go:211.2,211.12 1 0
github.com/platinummonkey/spoke/pkg/orgs/service.go:215.62,218.16 3 0
github.com/platinummonkey/spoke/pkg/orgs/service.go:218.16,220.3 1 0
github.com/platinummonkey/spoke/pkg/orgs/service.go:222.2,223.16 2 0
github.com/platinummonkey/spoke/pkg/orgs/service.go:223.16,225.3 1 0
github.com/platinummonkey/spoke/pkg/orgs/service.go:226.2,226.23 1 0
github.com/platinummonkey/spoke/pkg/orgs/service.go:226.23,228.3 1 0
github.com/platinummonkey/spoke/pkg/orgs/service.go:230.2,230.12 1 0
github.com/platinummonkey/spoke/pkg/orgs/service.go:234.70,248.26 5 1
github.com/platinummonkey/spoke/pkg/orgs/service.go:248.26,250.3 1 0
github.com/platinummonkey/spoke/pkg/orgs/service.go:251.2,251.16 1 1
github.com/platinummonkey/spoke/pkg/orgs/service.go:251.16,253.3 1 1
github.com/platinummonkey/spoke/pkg/orgs/service.go:255.2,255.33 1 1
github.com/platinummonkey/spoke/pkg/orgs/service.go:255.33,256.84 1 1
github.com/platinummonkey/spoke/pkg/orgs/service.go:256.84,258.4 1 0
github.com/platinummonkey/spoke/pkg/orgs/service.go:261.2,261.20 1 1
github.com/platinummonkey/spoke/pkg/orgs/service.go:265.78,274.16 3 0
github.com/platinummonkey/spoke/pkg/orgs/service.go:274.16,276.3 1 0
github.com/platinummonkey/spoke/pkg/orgs/service.go:278.2,279.16 2 0
github.com/platinummonkey/spoke/pkg/orgs/service.go:279.16,281.3 1 0
github.com/platinummonkey/spoke/pkg/orgs/service.go:282.2,282.23 1 0
github.com/platinummonkey/spoke/pkg/orgs/service.go:282.23,284.3 1 0
github.com/platinummonkey/spoke/pkg/orgs/service.go:286.2,286.12 1 0
github.com/platinummonkey/spoke/pkg/orgs/service.go:290.76,291.19 1 0
github.com/platinummonkey/spoke/pkg/orgs/service.go:292.22,299.4 1 0
github.com/platinummonkey/spoke/pkg/orgs/service.go:300.23,307.4 1 0
github.com/platinummonkey/spoke/pkg/orgs/service.go:308.22,315.4 1 0
github.com/platinummonkey/spoke/pkg/orgs/service.go:316.26,323.4 1 0
github.com/platinummonkey/spoke/pkg/orgs/service.go:324.10,332.4 1 0
github.com/platinummonkey/spoke/pkg/orgs/service.go:337.65,339.16 2 0
github.com/platinummonkey/spoke/pkg/orgs/service.go:339.16,341.3 1 0
github.com/platinummonkey/spoke/pkg/orgs/service.go:343.2,351.57 2 0
github.com/platinummonkey/spoke/pkg/orgs/service.go:355.68,371.26 4 1
github.com/platinummonkey/spoke/pkg/orgs/service.go:371.26,373.56 1 0
github.com/platinummonkey/spoke/pkg/orgs/service.go:373.56,375.4 1 0
github.com/platinummonkey/spoke/pkg/orgs/service.go:376.3,376.27 1 0
github.com/platinummonkey/spoke/pkg/orgs/service.go:378.2,378.16 1 1
github.com/platinummonkey/spoke/pkg/orgs/service.go:378.16,380.3 1 1
github.com/platinummonkey/spoke/pkg/orgs/service.go:382.2,382.19 1 1
github.com/platinummonkey/spoke/pkg/orgs/service.go:386.88,396.16 3 0
github.com/platinummonkey/spoke/pkg/orgs/service.go:396.16,398.3 1 0
github.com/platinummonkey/spoke/pkg/orgs/service.go:399.2,402.18 3 0
github.com/platinummonkey/spoke/pkg/orgs/service.go:402.18,409.17 2 0
github.com/platinummonkey/spoke/pkg/orgs/service.go:409.17,411.4 1 0
github.com/platinummonkey/spoke/pkg/orgs/service.go:412.3,412.33 1 0
github.com/platinummonkey/spoke/pkg/orgs/service.go:415.2,415.20 1 0
github.com/platinummonkey/spoke/pkg/orgs/service.go:419.63,421.2 1 0
github.com/platinummonkey/spoke/pkg/orgs/service.go:424.68,436.2 6 1
github.com/platinummonkey/spoke/pkg/orgs/service.go:440.39,443.39 3 0
github.com/platinummonkey/spoke/pkg/orgs/service.go:443.39,444.67 1 0
github.com/platinummonkey/spoke/pkg/orgs/service.go:444.67,446.4 1 0
github.com/platinummonkey/spoke/pkg/orgs/service.go:447.3,447.12 1 0
github.com/platinummonkey/spoke/pkg/orgs/service.go:449.2,449.13 1 0
github.com/platinummonkey/spoke/pkg/orgs/service.go:453.38,455.40 2 0
github.com/platinummonkey/spoke/pkg/orgs/service.go:455.40,457.3 1 0
github.com/platinummonkey/spoke/pkg/orgs/service.go:458.2,458.35 1 0
github.com/platinummonkey/spoke/pkg/orgs/types.go:136.45,138.2 1 0
github.com/platinummonkey/spoke/pkg/orgs/types.go:141.38,144.2 2 1
