mode: set
/Users/cody.lee/gtp/spoke/mayor/rig/pkg/plugins/buf/cache.go:31.24,40.2 4 1
/Users/cody.lee/gtp/spoke/mayor/rig/pkg/plugins/buf/cache.go:43.74,47.16 3 1
/Users/cody.lee/gtp/spoke/mayor/rig/pkg/plugins/buf/cache.go:47.16,48.25 1 1
/Users/cody.lee/gtp/spoke/mayor/rig/pkg/plugins/buf/cache.go:48.25,50.4 1 1
/Users/cody.lee/gtp/spoke/mayor/rig/pkg/plugins/buf/cache.go:51.3,51.18 1 0
/Users/cody.lee/gtp/spoke/mayor/rig/pkg/plugins/buf/cache.go:54.2,55.53 2 1
/Users/cody.lee/gtp/spoke/mayor/rig/pkg/plugins/buf/cache.go:55.53,57.3 1 1
/Users/cody.lee/gtp/spoke/mayor/rig/pkg/plugins/buf/cache.go:59.2,59.20 1 1
/Users/cody.lee/gtp/spoke/mayor/rig/pkg/plugins/buf/cache.go:63.52,64.57 1 1
/Users/cody.lee/gtp/spoke/mayor/rig/pkg/plugins/buf/cache.go:64.57,66.3 1 0
/Users/cody.lee/gtp/spoke/mayor/rig/pkg/plugins/buf/cache.go:68.2,71.16 3 1
/Users/cody.lee/gtp/spoke/mayor/rig/pkg/plugins/buf/cache.go:71.16,73.3 1 0
/Users/cody.lee/gtp/spoke/mayor/rig/pkg/plugins/buf/cache.go:75.2,75.63 1 1
/Users/cody.lee/gtp/spoke/mayor/rig/pkg/plugins/buf/cache.go:75.63,77.3 1 0
/Users/cody.lee/gtp/spoke/mayor/rig/pkg/plugins/buf/cache.go:79.2,79.12 1 1
/Users/cody.lee/gtp/spoke/mayor/rig/pkg/plugins/buf/cache.go:83.65,85.16 2 1
/Users/cody.lee/gtp/spoke/mayor/rig/pkg/plugins/buf/cache.go:85.16,87.3 1 1
/Users/cody.lee/gtp/spoke/mayor/rig/pkg/plugins/buf/cache.go:89.2,90.27 2 1
/Users/cody.lee/gtp/spoke/mayor/rig/pkg/plugins/buf/cache.go:94.54,95.58 1 1
/Users/cody.lee/gtp/spoke/mayor/rig/pkg/plugins/buf/cache.go:95.58,97.3 1 1
/Users/cody.lee/gtp/spoke/mayor/rig/pkg/plugins/buf/cache.go:99.2,101.91 2 1
/Users/cody.lee/gtp/spoke/mayor/rig/pkg/plugins/buf/cache.go:101.91,102.17 1 1
/Users/cody.lee/gtp/spoke/mayor/rig/pkg/plugins/buf/cache.go:102.17,104.4 1 0
/Users/cody.lee/gtp/spoke/mayor/rig/pkg/plugins/buf/cache.go:106.3,106.52 1 1
/Users/cody.lee/gtp/spoke/mayor/rig/pkg/plugins/buf/cache.go:106.52,108.4 1 1
/Users/cody.lee/gtp/spoke/mayor/rig/pkg/plugins/buf/cache.go:110.3,111.17 2 1
/Users/cody.lee/gtp/spoke/mayor/rig/pkg/plugins/buf/cache.go:111.17,113.4 1 0
/Users/cody.lee/gtp/spoke/mayor/rig/pkg/plugins/buf/cache.go:115.3,116.54 2 1
/Users/cody.lee/gtp/spoke/mayor/rig/pkg/plugins/buf/cache.go:116.54,118.4 1 1
/Users/cody.lee/gtp/spoke/mayor/rig/pkg/plugins/buf/cache.go:120.3,121.13 2 1
/Users/cody.lee/gtp/spoke/mayor/rig/pkg/plugins/buf/cache.go:124.2,124.16 1 1
/Users/cody.lee/gtp/spoke/mayor/rig/pkg/plugins/buf/cache.go:124.16,126.3 1 0
/Users/cody.lee/gtp/spoke/mayor/rig/pkg/plugins/buf/cache.go:128.2,128.21 1 1
/Users/cody.lee/gtp/spoke/mayor/rig/pkg/plugins/buf/cache.go:132.62,135.16 2 1
/Users/cody.lee/gtp/spoke/mayor/rig/pkg/plugins/buf/cache.go:135.16,137.29 1 1
/Users/cody.lee/gtp/spoke/mayor/rig/pkg/plugins/buf/cache.go:137.29,141.4 2 1
/Users/cody.lee/gtp/spoke/mayor/rig/pkg/plugins/buf/cache.go:145.2,146.32 2 1
/Users/cody.lee/gtp/spoke/mayor/rig/pkg/plugins/buf/cache.go:150.31,152.49 1 1
/Users/cody.lee/gtp/spoke/mayor/rig/pkg/plugins/buf/cache.go:152.49,154.3 1 0
/Users/cody.lee/gtp/spoke/mayor/rig/pkg/plugins/buf/cache.go:157.2,157.36 1 1
/Users/cody.lee/gtp/spoke/mayor/rig/pkg/plugins/buf/cache.go:161.47,165.16 3 1
/Users/cody.lee/gtp/spoke/mayor/rig/pkg/plugins/buf/cache.go:165.16,167.3 1 0
/Users/cody.lee/gtp/spoke/mayor/rig/pkg/plugins/buf/cache.go:169.2,169.32 1 1
/Users/cody.lee/gtp/spoke/mayor/rig/pkg/plugins/buf/cache.go:169.32,171.3 1 1
/Users/cody.lee/gtp/spoke/mayor/rig/pkg/plugins/buf/cache.go:173.2,173.23 1 1
/Users/cody.lee/gtp/spoke/mayor/rig/pkg/plugins/buf/cache.go:177.68,179.16 2 1
/Users/cody.lee/gtp/spoke/mayor/rig/pkg/plugins/buf/cache.go:179.16,181.3 1 0
/Users/cody.lee/gtp/spoke/mayor/rig/pkg/plugins/buf/cache.go:183.2,186.32 3 1
/Users/cody.lee/gtp/spoke/mayor/rig/pkg/plugins/buf/cache.go:186.32,187.38 1 1
/Users/cody.lee/gtp/spoke/mayor/rig/pkg/plugins/buf/cache.go:187.38,188.72 1 1
/Users/cody.lee/gtp/spoke/mayor/rig/pkg/plugins/buf/cache.go:188.72,190.5 1 1
/Users/cody.lee/gtp/spoke/mayor/rig/pkg/plugins/buf/cache.go:194.2,194.20 1 1
/Users/cody.lee/gtp/spoke/mayor/rig/pkg/plugins/buf/cache.go:198.53,202.16 3 1
/Users/cody.lee/gtp/spoke/mayor/rig/pkg/plugins/buf/cache.go:202.16,204.3 1 0
/Users/cody.lee/gtp/spoke/mayor/rig/pkg/plugins/buf/cache.go:206.2,206.32 1 1
/Users/cody.lee/gtp/spoke/mayor/rig/pkg/plugins/buf/cache.go:206.32,208.62 1 1
/Users/cody.lee/gtp/spoke/mayor/rig/pkg/plugins/buf/cache.go:208.62,210.12 2 1
/Users/cody.lee/gtp/spoke/mayor/rig/pkg/plugins/buf/cache.go:214.3,215.17 2 1
/Users/cody.lee/gtp/spoke/mayor/rig/pkg/plugins/buf/cache.go:215.17,217.12 2 1
/Users/cody.lee/gtp/spoke/mayor/rig/pkg/plugins/buf/cache.go:220.3,220.39 1 1
/Users/cody.lee/gtp/spoke/mayor/rig/pkg/plugins/buf/cache.go:220.39,222.4 1 1
/Users/cody.lee/gtp/spoke/mayor/rig/pkg/plugins/buf/cache.go:225.2,225.23 1 1
/Users/cody.lee/gtp/spoke/mayor/rig/pkg/plugins/buf/cache.go:229.67,234.2 3 1
/Users/cody.lee/gtp/spoke/mayor/rig/pkg/plugins/buf/cache.go:237.68,239.16 2 1
/Users/cody.lee/gtp/spoke/mayor/rig/pkg/plugins/buf/cache.go:239.16,241.3 1 1
/Users/cody.lee/gtp/spoke/mayor/rig/pkg/plugins/buf/cache.go:243.2,244.41 2 1
/Users/cody.lee/gtp/spoke/mayor/rig/pkg/plugins/buf/cache.go:248.89,251.16 2 1
/Users/cody.lee/gtp/spoke/mayor/rig/pkg/plugins/buf/cache.go:251.16,253.3 1 1
/Users/cody.lee/gtp/spoke/mayor/rig/pkg/plugins/buf/cache.go:256.2,257.16 2 1
/Users/cody.lee/gtp/spoke/mayor/rig/pkg/plugins/buf/cache.go:257.16,259.3 1 1
/Users/cody.lee/gtp/spoke/mayor/rig/pkg/plugins/buf/cache.go:261.2,271.43 2 1
/Users/cody.lee/gtp/spoke/mayor/rig/pkg/plugins/buf/cache.go:271.43,273.3 1 0
/Users/cody.lee/gtp/spoke/mayor/rig/pkg/plugins/buf/cache.go:275.2,275.19 1 1
