mode: set
github.com/platinummonkey/spoke/pkg/plugins/buf/adapter.go:25.71,31.2 1 1
github.com/platinummonkey/spoke/pkg/plugins/buf/adapter.go:34.93,37.9 2 1
github.com/platinummonkey/spoke/pkg/plugins/buf/adapter.go:37.9,39.3 1 1
github.com/platinummonkey/spoke/pkg/plugins/buf/adapter.go:41.2,42.9 2 1
github.com/platinummonkey/spoke/pkg/plugins/buf/adapter.go:42.9,44.3 1 1
github.com/platinummonkey/spoke/pkg/plugins/buf/adapter.go:46.2,53.21 2 1
github.com/platinummonkey/spoke/pkg/plugins/buf/adapter.go:57.57,59.2 1 1
github.com/platinummonkey/spoke/pkg/plugins/buf/adapter.go:62.41,63.14 1 1
github.com/platinummonkey/spoke/pkg/plugins/buf/adapter.go:63.14,65.3 1 1
github.com/platinummonkey/spoke/pkg/plugins/buf/adapter.go:68.2,68.18 1 1
github.com/platinummonkey/spoke/pkg/plugins/buf/adapter.go:68.18,70.3 1 0
github.com/platinummonkey/spoke/pkg/plugins/buf/adapter.go:70.8,73.17 2 1
github.com/platinummonkey/spoke/pkg/plugins/buf/adapter.go:73.17,75.4 1 1
github.com/platinummonkey/spoke/pkg/plugins/buf/adapter.go:76.3,76.24 1 0
github.com/platinummonkey/spoke/pkg/plugins/buf/adapter.go:80.2,80.41 1 0
github.com/platinummonkey/spoke/pkg/plugins/buf/adapter.go:80.41,82.3 1 0
github.com/platinummonkey/spoke/pkg/plugins/buf/adapter.go:85.2,88.12 3 0
github.com/platinummonkey/spoke/pkg/plugins/buf/adapter.go:92.43,95.2 2 1
github.com/platinummonkey/spoke/pkg/plugins/buf/adapter.go:98.68,99.27 1 1
github.com/platinummonkey/spoke/pkg/plugins/buf/adapter.go:99.27,101.3 1 1
github.com/platinummonkey/spoke/pkg/plugins/buf/adapter.go:102.2,102.23 1 1
github.com/platinummonkey/spoke/pkg/plugins/buf/adapter.go:106.115,107.15 1 1
github.com/platinummonkey/spoke/pkg/plugins/buf/adapter.go:107.15,109.3 1 1
github.com/platinummonkey/spoke/pkg/plugins/buf/adapter.go:111.2,118.39 4 1
github.com/platinummonkey/spoke/pkg/plugins/buf/adapter.go:118.39,120.3 1 1
github.com/platinummonkey/spoke/pkg/plugins/buf/adapter.go:123.2,126.26 2 1
github.com/platinummonkey/spoke/pkg/plugins/buf/adapter.go:126.26,128.39 2 1
github.com/platinummonkey/spoke/pkg/plugins/buf/adapter.go:128.39,129.19 1 1
github.com/platinummonkey/spoke/pkg/plugins/buf/adapter.go:129.19,131.5 1 1
github.com/platinummonkey/spoke/pkg/plugins/buf/adapter.go:131.10,133.5 1 1
github.com/platinummonkey/spoke/pkg/plugins/buf/adapter.go:135.3,135.20 1 1
github.com/platinummonkey/spoke/pkg/plugins/buf/adapter.go:135.20,138.4 2 1
github.com/platinummonkey/spoke/pkg/plugins/buf/adapter.go:142.2,144.17 2 1
github.com/platinummonkey/spoke/pkg/plugins/buf/adapter.go:148.86,149.21 1 1
github.com/platinummonkey/spoke/pkg/plugins/buf/adapter.go:149.21,151.3 1 1
github.com/platinummonkey/spoke/pkg/plugins/buf/adapter.go:154.2,154.29 1 1
github.com/platinummonkey/spoke/pkg/plugins/buf/adapter.go:154.29,155.42 1 1
github.com/platinummonkey/spoke/pkg/plugins/buf/adapter.go:155.42,157.4 1 1
github.com/platinummonkey/spoke/pkg/plugins/buf/adapter.go:160.2,160.12 1 1
github.com/platinummonkey/spoke/pkg/plugins/buf/adapter.go:164.44,168.2 3 1
github.com/platinummonkey/spoke/pkg/plugins/buf/adapter.go:171.51,175.2 3 1
github.com/platinummonkey/spoke/pkg/plugins/buf/adapter.go:178.54,181.20 2 1
github.com/platinummonkey/spoke/pkg/plugins/buf/adapter.go:181.20,183.3 1 1
github.com/platinummonkey/spoke/pkg/plugins/buf/adapter.go:184.2,184.18 1 0
github.com/platinummonkey/spoke/pkg/plugins/buf/adapter.go:188.54,191.2 1 1
github.com/platinummonkey/spoke/pkg/plugins/buf/adapter.go:194.70,214.2 4 1
github.com/platinummonkey/spoke/pkg/plugins/buf/adapter.go:217.76,221.35 2 1
github.com/platinummonkey/spoke/pkg/plugins/buf/adapter.go:221.35,223.3 1 1
github.com/platinummonkey/spoke/pkg/plugins/buf/adapter.go:224.2,224.72 1 1
github.com/platinummonkey/spoke/pkg/plugins/buf/adapter.go:224.72,226.3 1 1
github.com/platinummonkey/spoke/pkg/plugins/buf/adapter.go:227.2,227.76 1 1
github.com/platinummonkey/spoke/pkg/plugins/buf/adapter.go:227.76,229.3 1 1
github.com/platinummonkey/spoke/pkg/plugins/buf/adapter.go:230.2,230.76 1 1
github.com/platinummonkey/spoke/pkg/plugins/buf/adapter.go:230.76,232.3 1 1
github.com/platinummonkey/spoke/pkg/plugins/buf/adapter.go:233.2,233.37 1 1
github.com/platinummonkey/spoke/pkg/plugins/buf/adapter.go:233.37,235.3 1 1
github.com/platinummonkey/spoke/pkg/plugins/buf/adapter.go:236.2,236.72 1 1
github.com/platinummonkey/spoke/pkg/plugins/buf/adapter.go:236.72,238.3 1 1
github.com/platinummonkey/spoke/pkg/plugins/buf/adapter.go:239.2,239.38 1 1
github.com/platinummonkey/spoke/pkg/plugins/buf/adapter.go:239.38,241.3 1 1
github.com/platinummonkey/spoke/pkg/plugins/buf/adapter.go:242.2,242.70 1 1
github.com/platinummonkey/spoke/pkg/plugins/buf/adapter.go:242.70,244.3 1 1
github.com/platinummonkey/spoke/pkg/plugins/buf/adapter.go:247.2,247.24 1 1
github.com/platinummonkey/spoke/pkg/plugins/buf/adapter.go:251.49,253.16 2 1
github.com/platinummonkey/spoke/pkg/plugins/buf/adapter.go:253.16,255.3 1 1
github.com/platinummonkey/spoke/pkg/plugins/buf/adapter.go:258.2,258.27 1 1
github.com/platinummonkey/spoke/pkg/plugins/buf/adapter.go:258.27,260.54 1 1
github.com/platinummonkey/spoke/pkg/plugins/buf/adapter.go:260.54,262.4 1 0
github.com/platinummonkey/spoke/pkg/plugins/buf/adapter.go:265.2,265.12 1 1
github.com/platinummonkey/spoke/pkg/plugins/buf/cache.go:31.24,40.2 4 1
github.com/platinummonkey/spoke/pkg/plugins/buf/cache.go:43.74,47.16 3 1
github.com/platinummonkey/spoke/pkg/plugins/buf/cache.go:47.16,48.25 1 1
github.com/platinummonkey/spoke/pkg/plugins/buf/cache.go:48.25,50.4 1 1
github.com/platinummonkey/spoke/pkg/plugins/buf/cache.go:51.3,51.18 1 0
github.com/platinummonkey/spoke/pkg/plugins/buf/cache.go:54.2,55.53 2 1
github.com/platinummonkey/spoke/pkg/plugins/buf/cache.go:55.53,57.3 1 1
github.com/platinummonkey/spoke/pkg/plugins/buf/cache.go:59.2,59.20 1 1
github.com/platinummonkey/spoke/pkg/plugins/buf/cache.go:63.52,64.57 1 1
github.com/platinummonkey/spoke/pkg/plugins/buf/cache.go:64.57,66.3 1 0
github.com/platinummonkey/spoke/pkg/plugins/buf/cache.go:68.2,71.16 3 1
github.com/platinummonkey/spoke/pkg/plugins/buf/cache.go:71.16,73.3 1 0
github.com/platinummonkey/spoke/pkg/plugins/buf/cache.go:75.2,75.63 1 1
github.com/platinummonkey/spoke/pkg/plugins/buf/cache.go:75.63,77.3 1 0
github.com/platinummonkey/spoke/pkg/plugins/buf/cache.go:79.2,79.12 1 1
github.com/platinummonkey/spoke/pkg/plugins/buf/cache.go:83.65,85.16 2 1
github.com/platinummonkey/spoke/pkg/plugins/buf/cache.go:85.16,87.3 1 1
github.com/platinummonkey/spoke/pkg/plugins/buf/cache.go:89.2,90.27 2 1
github.com/platinummonkey/spoke/pkg/plugins/buf/cache.go:94.54,95.58 1 1
github.com/platinummonkey/spoke/pkg/plugins/buf/cache.go:95.58,97.3 1 1
github.com/platinummonkey/spoke/pkg/plugins/buf/cache.go:99.2,101.91 2 1
github.com/platinummonkey/spoke/pkg/plugins/buf/cache.go:101.91,102.17 1 1
github.com/platinummonkey/spoke/pkg/plugins/buf/cache.go:102.17,104.4 1 0
github.com/platinummonkey/spoke/pkg/plugins/buf/cache.go:106.3,106.52 1 1
github.com/platinummonkey/spoke/pkg/plugins/buf/cache.go:106.52,108.4 1 1
github.com/platinummonkey/spoke/pkg/plugins/buf/cache.go:110.3,111.17 2 1
github.com/platinummonkey/spoke/pkg/plugins/buf/cache.go:111.17,113.4 1 0
github.com/platinummonkey/spoke/pkg/plugins/buf/cache.go:115.3,116.54 2 1
github.com/platinummonkey/spoke/pkg/plugins/buf/cache.go:116.54,118.4 1 1
github.com/platinummonkey/spoke/pkg/plugins/buf/cache.go:120.3,121.13 2 1
github.com/platinummonkey/spoke/pkg/plugins/buf/cache.go:124.2,124.16 1 1
github.com/platinummonkey/spoke/pkg/plugins/buf/cache.go:124.16,126.3 1 0
github.com/platinummonkey/spoke/pkg/plugins/buf/cache.go:128.2,128.21 1 1
github.com/platinummonkey/spoke/pkg/plugins/buf/cache.go:132.62,135.16 2 1
github.com/platinummonkey/spoke/pkg/plugins/buf/cache.go:135.16,137.29 1 1
github.com/platinummonkey/spoke/pkg/plugins/buf/cache.go:137.29,141.4 2 1
github.com/platinummonkey/spoke/pkg/plugins/buf/cache.go:145.2,146.32 2 1
github.com/platinummonkey/spoke/pkg/plugins/buf/cache.go:150.31,152.49 1 1
github.com/platinummonkey/spoke/pkg/plugins/buf/cache.go:152.49,154.3 1 0
github.com/platinummonkey/spoke/pkg/plugins/buf/cache.go:157.2,157.36 1 1
github.com/platinummonkey/spoke/pkg/plugins/buf/cache.go:161.47,165.16 3 1
github.com/platinummonkey/spoke/pkg/plugins/buf/cache.go:165.16,167.3 1 0
github.com/platinummonkey/spoke/pkg/plugins/buf/cache.go:169.2,169.32 1 1
github.com/platinummonkey/spoke/pkg/plugins/buf/cache.go:169.32,171.3 1 1
github.com/platinummonkey/spoke/pkg/plugins/buf/cache.go:173.2,173.23 1 1
github.com/platinummonkey/spoke/pkg/plugins/buf/cache.go:177.68,179.16 2 1
github.com/platinummonkey/spoke/pkg/plugins/buf/cache.go:179.16,181.3 1 0
github.com/platinummonkey/spoke/pkg/plugins/buf/cache.go:183.2,186.32 3 1
github.com/platinummonkey/spoke/pkg/plugins/buf/cache.go:186.32,187.38 1 1
github.com/platinummonkey/spoke/pkg/plugins/buf/cache.go:187.38,188.72 1 1
github.com/platinummonkey/spoke/pkg/plugins/buf/cache.go:188.72,190.5 1 1
github.com/platinummonkey/spoke/pkg/plugins/buf/cache.go:194.2,194.20 1 1
github.com/platinummonkey/spoke/pkg/plugins/buf/cache.go:198.53,202.16 3 1
github.com/platinummonkey/spoke/pkg/plugins/buf/cache.go:202.16,204.3 1 0
github.com/platinummonkey/spoke/pkg/plugins/buf/cache.go:206.2,206.32 1 1
github.com/platinummonkey/spoke/pkg/plugins/buf/cache.go:206.32,208.62 1 1
github.com/platinummonkey/spoke/pkg/plugins/buf/cache.go:208.62,210.12 2 1
github.com/platinummonkey/spoke/pkg/plugins/buf/cache.go:214.3,215.17 2 1
github.com/platinummonkey/spoke/pkg/plugins/buf/cache.go:215.17,217.12 2 1
github.com/platinummonkey/spoke/pkg/plugins/buf/cache.go:220.3,220.39 1 1
github.com/platinummonkey/spoke/pkg/plugins/buf/cache.go:220.39,222.4 1 1
github.com/platinummonkey/spoke/pkg/plugins/buf/cache.go:225.2,225.23 1 1
github.com/platinummonkey/spoke/pkg/plugins/buf/cache.go:229.67,234.2 3 1
github.com/platinummonkey/spoke/pkg/plugins/buf/cache.go:237.68,239.16 2 1
github.com/platinummonkey/spoke/pkg/plugins/buf/cache.go:239.16,241.3 1 1
github.com/platinummonkey/spoke/pkg/plugins/buf/cache.go:243.2,244.41 2 1
github.com/platinummonkey/spoke/pkg/plugins/buf/cache.go:248.89,251.16 2 1
github.com/platinummonkey/spoke/pkg/plugins/buf/cache.go:251.16,253.3 1 1
github.com/platinummonkey/spoke/pkg/plugins/buf/cache.go:256.2,257.16 2 1
github.com/platinummonkey/spoke/pkg/plugins/buf/cache.go:257.16,259.3 1 1
github.com/platinummonkey/spoke/pkg/plugins/buf/cache.go:261.2,271.43 2 1
github.com/platinummonkey/spoke/pkg/plugins/buf/cache.go:271.43,273.3 1 0
github.com/platinummonkey/spoke/pkg/plugins/buf/cache.go:275.2,275.19 1 1
github.com/platinummonkey/spoke/pkg/plugins/buf/downloader.go:25.34,34.2 2 1
github.com/platinummonkey/spoke/pkg/plugins/buf/downloader.go:38.74,42.20 2 1
github.com/platinummonkey/spoke/pkg/plugins/buf/downloader.go:42.20,44.3 1 1
github.com/platinummonkey/spoke/pkg/plugins/buf/downloader.go:46.2,59.52 6 1
github.com/platinummonkey/spoke/pkg/plugins/buf/downloader.go:59.52,61.3 1 1
github.com/platinummonkey/spoke/pkg/plugins/buf/downloader.go:64.2,65.31 2 1
github.com/platinummonkey/spoke/pkg/plugins/buf/downloader.go:65.31,67.3 1 0
github.com/platinummonkey/spoke/pkg/plugins/buf/downloader.go:68.2,71.47 2 1
github.com/platinummonkey/spoke/pkg/plugins/buf/downloader.go:71.47,73.3 1 1
github.com/platinummonkey/spoke/pkg/plugins/buf/downloader.go:76.2,77.16 2 1
github.com/platinummonkey/spoke/pkg/plugins/buf/downloader.go:77.16,79.3 1 0
github.com/platinummonkey/spoke/pkg/plugins/buf/downloader.go:80.2,82.38 2 1
github.com/platinummonkey/spoke/pkg/plugins/buf/downloader.go:82.38,84.3 1 1
github.com/platinummonkey/spoke/pkg/plugins/buf/downloader.go:87.2,88.16 2 1
github.com/platinummonkey/spoke/pkg/plugins/buf/downloader.go:88.16,90.3 1 0
github.com/platinummonkey/spoke/pkg/plugins/buf/downloader.go:91.2,95.56 3 1
github.com/platinummonkey/spoke/pkg/plugins/buf/downloader.go:95.56,97.3 1 0
github.com/platinummonkey/spoke/pkg/plugins/buf/downloader.go:100.2,103.80 2 1
github.com/platinummonkey/spoke/pkg/plugins/buf/downloader.go:103.80,105.3 1 1
github.com/platinummonkey/spoke/pkg/plugins/buf/downloader.go:108.2,108.47 1 1
github.com/platinummonkey/spoke/pkg/plugins/buf/downloader.go:108.47,110.3 1 0
github.com/platinummonkey/spoke/pkg/plugins/buf/downloader.go:113.2,113.51 1 1
github.com/platinummonkey/spoke/pkg/plugins/buf/downloader.go:113.51,115.3 1 0
github.com/platinummonkey/spoke/pkg/plugins/buf/downloader.go:117.2,117.24 1 1
github.com/platinummonkey/spoke/pkg/plugins/buf/downloader.go:121.84,123.44 1 1
github.com/platinummonkey/spoke/pkg/plugins/buf/downloader.go:123.44,125.3 1 1
github.com/platinummonkey/spoke/pkg/plugins/buf/downloader.go:125.8,125.96 1 1
github.com/platinummonkey/spoke/pkg/plugins/buf/downloader.go:125.96,127.3 1 1
github.com/platinummonkey/spoke/pkg/plugins/buf/downloader.go:130.2,130.71 1 1
github.com/platinummonkey/spoke/pkg/plugins/buf/downloader.go:130.71,132.3 1 1
github.com/platinummonkey/spoke/pkg/plugins/buf/downloader.go:135.2,135.57 1 1
github.com/platinummonkey/spoke/pkg/plugins/buf/downloader.go:139.80,141.16 2 1
github.com/platinummonkey/spoke/pkg/plugins/buf/downloader.go:141.16,143.3 1 1
github.com/platinummonkey/spoke/pkg/plugins/buf/downloader.go:144.2,146.27 2 1
github.com/platinummonkey/spoke/pkg/plugins/buf/downloader.go:146.27,148.83 1 1
github.com/platinummonkey/spoke/pkg/plugins/buf/downloader.go:148.83,150.18 2 1
github.com/platinummonkey/spoke/pkg/plugins/buf/downloader.go:150.18,152.5 1 0
github.com/platinummonkey/spoke/pkg/plugins/buf/downloader.go:153.4,157.18 4 1
github.com/platinummonkey/spoke/pkg/plugins/buf/downloader.go:157.18,159.5 1 1
github.com/platinummonkey/spoke/pkg/plugins/buf/downloader.go:160.4,162.50 2 1
github.com/platinummonkey/spoke/pkg/plugins/buf/downloader.go:162.50,164.5 1 0
github.com/platinummonkey/spoke/pkg/plugins/buf/downloader.go:166.4,166.14 1 1
github.com/platinummonkey/spoke/pkg/plugins/buf/downloader.go:170.2,170.65 1 1
github.com/platinummonkey/spoke/pkg/plugins/buf/downloader.go:174.82,176.16 2 1
github.com/platinummonkey/spoke/pkg/plugins/buf/downloader.go:176.16,178.3 1 1
github.com/platinummonkey/spoke/pkg/plugins/buf/downloader.go:179.2,182.16 3 1
github.com/platinummonkey/spoke/pkg/plugins/buf/downloader.go:182.16,184.3 1 1
github.com/platinummonkey/spoke/pkg/plugins/buf/downloader.go:185.2,189.6 3 1
github.com/platinummonkey/spoke/pkg/plugins/buf/downloader.go:189.6,191.20 2 1
github.com/platinummonkey/spoke/pkg/plugins/buf/downloader.go:191.20,192.9 1 1
github.com/platinummonkey/spoke/pkg/plugins/buf/downloader.go:194.3,194.17 1 1
github.com/platinummonkey/spoke/pkg/plugins/buf/downloader.go:194.17,196.4 1 0
github.com/platinummonkey/spoke/pkg/plugins/buf/downloader.go:199.3,199.93 1 1
github.com/platinummonkey/spoke/pkg/plugins/buf/downloader.go:199.93,202.18 3 1
github.com/platinummonkey/spoke/pkg/plugins/buf/downloader.go:202.18,204.5 1 1
github.com/platinummonkey/spoke/pkg/plugins/buf/downloader.go:205.4,207.57 2 1
github.com/platinummonkey/spoke/pkg/plugins/buf/downloader.go:207.57,209.5 1 0
github.com/platinummonkey/spoke/pkg/plugins/buf/downloader.go:211.4,211.14 1 1
github.com/platinummonkey/spoke/pkg/plugins/buf/downloader.go:215.2,215.65 1 1
github.com/platinummonkey/spoke/pkg/plugins/buf/downloader.go:219.41,221.2 1 1
github.com/platinummonkey/spoke/pkg/plugins/buf/downloader.go:224.52,227.88 2 1
github.com/platinummonkey/spoke/pkg/plugins/buf/downloader.go:227.88,228.17 1 1
github.com/platinummonkey/spoke/pkg/plugins/buf/downloader.go:228.17,230.4 1 1
github.com/platinummonkey/spoke/pkg/plugins/buf/downloader.go:231.3,231.20 1 1
github.com/platinummonkey/spoke/pkg/plugins/buf/downloader.go:231.20,233.4 1 1
github.com/platinummonkey/spoke/pkg/plugins/buf/downloader.go:234.3,234.13 1 1
github.com/platinummonkey/spoke/pkg/plugins/buf/downloader.go:237.2,237.18 1 1
github.com/platinummonkey/spoke/pkg/plugins/buf/downloader.go:241.60,244.55 2 1
github.com/platinummonkey/spoke/pkg/plugins/buf/downloader.go:244.55,246.3 1 1
github.com/platinummonkey/spoke/pkg/plugins/buf/downloader.go:248.2,249.16 2 1
github.com/platinummonkey/spoke/pkg/plugins/buf/downloader.go:249.16,251.3 1 0
github.com/platinummonkey/spoke/pkg/plugins/buf/downloader.go:253.2,253.32 1 1
github.com/platinummonkey/spoke/pkg/plugins/buf/downloader.go:253.32,254.21 1 1
github.com/platinummonkey/spoke/pkg/plugins/buf/downloader.go:254.21,255.12 1 1
github.com/platinummonkey/spoke/pkg/plugins/buf/downloader.go:258.3,262.17 4 1
github.com/platinummonkey/spoke/pkg/plugins/buf/downloader.go:262.17,263.12 1 0
github.com/platinummonkey/spoke/pkg/plugins/buf/downloader.go:266.3,266.47 1 1
github.com/platinummonkey/spoke/pkg/plugins/buf/downloader.go:266.47,267.28 1 1
github.com/platinummonkey/spoke/pkg/plugins/buf/downloader.go:267.28,269.5 1 1
github.com/platinummonkey/spoke/pkg/plugins/buf/downloader.go:273.2,273.21 1 1
github.com/platinummonkey/spoke/pkg/plugins/buf/integration.go:9.56,10.66 1 1
github.com/platinummonkey/spoke/pkg/plugins/buf/integration.go:10.66,12.17 2 1
github.com/platinummonkey/spoke/pkg/plugins/buf/integration.go:12.17,14.4 1 1
github.com/platinummonkey/spoke/pkg/plugins/buf/integration.go:15.3,15.22 1 1
github.com/platinummonkey/spoke/pkg/plugins/buf/integration.go:20.46,22.2 1 1
