mode: set
github.com/platinummonkey/spoke/pkg/observability/health.go:20.71,25.2 1 1
github.com/platinummonkey/spoke/pkg/observability/health.go:50.74,57.2 3 1
github.com/platinummonkey/spoke/pkg/observability/health.go:60.75,69.38 5 1
github.com/platinummonkey/spoke/pkg/observability/health.go:69.38,71.3 1 1
github.com/platinummonkey/spoke/pkg/observability/health.go:71.8,73.3 1 1
github.com/platinummonkey/spoke/pkg/observability/health.go:75.2,75.35 1 1
github.com/platinummonkey/spoke/pkg/observability/health.go:79.65,88.17 2 1
github.com/platinummonkey/spoke/pkg/observability/health.go:88.17,91.41 3 1
github.com/platinummonkey/spoke/pkg/observability/health.go:91.41,93.4 1 1
github.com/platinummonkey/spoke/pkg/observability/health.go:93.9,93.83 1 1
github.com/platinummonkey/spoke/pkg/observability/health.go:93.83,95.4 1 1
github.com/platinummonkey/spoke/pkg/observability/health.go:99.2,99.20 1 1
github.com/platinummonkey/spoke/pkg/observability/health.go:99.20,102.44 3 1
github.com/platinummonkey/spoke/pkg/observability/health.go:102.44,104.40 1 1
github.com/platinummonkey/spoke/pkg/observability/health.go:104.40,106.5 1 1
github.com/platinummonkey/spoke/pkg/observability/health.go:113.2,113.15 1 1
github.com/platinummonkey/spoke/pkg/observability/health.go:117.77,128.16 5 1
github.com/platinummonkey/spoke/pkg/observability/health.go:128.16,132.3 3 1
github.com/platinummonkey/spoke/pkg/observability/health.go:135.2,137.16 3 1
github.com/platinummonkey/spoke/pkg/observability/health.go:137.16,141.3 3 1
github.com/platinummonkey/spoke/pkg/observability/health.go:144.2,145.55 2 1
github.com/platinummonkey/spoke/pkg/observability/health.go:145.55,148.3 2 1
github.com/platinummonkey/spoke/pkg/observability/health.go:150.2,150.15 1 1
github.com/platinummonkey/spoke/pkg/observability/health.go:154.74,165.16 5 1
github.com/platinummonkey/spoke/pkg/observability/health.go:165.16,169.3 3 1
github.com/platinummonkey/spoke/pkg/observability/health.go:172.2,173.16 2 1
github.com/platinummonkey/spoke/pkg/observability/health.go:173.16,176.3 1 0
github.com/platinummonkey/spoke/pkg/observability/health.go:178.2,178.15 1 1
github.com/platinummonkey/spoke/pkg/observability/health.go:182.71,186.2 3 1
github.com/platinummonkey/spoke/pkg/observability/logger.go:22.35,24.2 1 1
github.com/platinummonkey/spoke/pkg/observability/logger.go:34.58,35.19 1 1
github.com/platinummonkey/spoke/pkg/observability/logger.go:35.19,37.3 1 1
github.com/platinummonkey/spoke/pkg/observability/logger.go:38.2,42.3 1 1
github.com/platinummonkey/spoke/pkg/observability/logger.go:58.67,64.29 2 1
github.com/platinummonkey/spoke/pkg/observability/logger.go:64.29,66.3 1 1
github.com/platinummonkey/spoke/pkg/observability/logger.go:67.2,68.18 2 1
github.com/platinummonkey/spoke/pkg/observability/logger.go:72.68,78.29 2 1
github.com/platinummonkey/spoke/pkg/observability/logger.go:78.29,80.3 1 1
github.com/platinummonkey/spoke/pkg/observability/logger.go:81.2,81.27 1 1
github.com/platinummonkey/spoke/pkg/observability/logger.go:81.27,83.3 1 1
github.com/platinummonkey/spoke/pkg/observability/logger.go:84.2,84.18 1 1
github.com/platinummonkey/spoke/pkg/observability/logger.go:88.47,89.16 1 1
github.com/platinummonkey/spoke/pkg/observability/logger.go:89.16,91.3 1 1
github.com/platinummonkey/spoke/pkg/observability/logger.go:92.2,92.42 1 1
github.com/platinummonkey/spoke/pkg/observability/logger.go:96.40,98.2 1 1
github.com/platinummonkey/spoke/pkg/observability/logger.go:101.61,103.2 1 1
github.com/platinummonkey/spoke/pkg/observability/logger.go:106.39,108.2 1 1
github.com/platinummonkey/spoke/pkg/observability/logger.go:111.60,113.2 1 1
github.com/platinummonkey/spoke/pkg/observability/logger.go:116.39,118.2 1 1
github.com/platinummonkey/spoke/pkg/observability/logger.go:121.60,123.2 1 1
github.com/platinummonkey/spoke/pkg/observability/logger.go:126.40,128.2 1 1
github.com/platinummonkey/spoke/pkg/observability/logger.go:131.61,133.2 1 1
github.com/platinummonkey/spoke/pkg/observability/logger.go:136.85,137.21 1 1
github.com/platinummonkey/spoke/pkg/observability/logger.go:137.21,139.3 1 1
github.com/platinummonkey/spoke/pkg/observability/logger.go:141.2,149.29 2 1
github.com/platinummonkey/spoke/pkg/observability/logger.go:149.29,151.3 1 1
github.com/platinummonkey/spoke/pkg/observability/logger.go:154.2,154.27 1 1
github.com/platinummonkey/spoke/pkg/observability/logger.go:154.27,156.3 1 0
github.com/platinummonkey/spoke/pkg/observability/logger.go:159.2,160.16 2 1
github.com/platinummonkey/spoke/pkg/observability/logger.go:160.16,164.3 2 1
github.com/platinummonkey/spoke/pkg/observability/logger.go:166.2,167.30 2 1
github.com/platinummonkey/spoke/pkg/observability/logger.go:183.75,185.2 1 1
github.com/platinummonkey/spoke/pkg/observability/logger.go:188.47,189.59 1 1
github.com/platinummonkey/spoke/pkg/observability/logger.go:189.59,191.3 1 1
github.com/platinummonkey/spoke/pkg/observability/logger.go:192.2,192.11 1 1
github.com/platinummonkey/spoke/pkg/observability/logger.go:196.69,198.2 1 1
github.com/platinummonkey/spoke/pkg/observability/logger.go:201.44,202.53 1 1
github.com/platinummonkey/spoke/pkg/observability/logger.go:202.53,204.3 1 1
github.com/platinummonkey/spoke/pkg/observability/logger.go:205.2,205.11 1 1
github.com/platinummonkey/spoke/pkg/observability/logger.go:209.70,211.2 1 1
github.com/platinummonkey/spoke/pkg/observability/logger.go:214.45,215.54 1 1
github.com/platinummonkey/spoke/pkg/observability/logger.go:215.54,217.3 1 1
github.com/platinummonkey/spoke/pkg/observability/logger.go:218.2,218.40 1 1
github.com/platinummonkey/spoke/pkg/observability/logger.go:222.47,225.53 2 1
github.com/platinummonkey/spoke/pkg/observability/logger.go:225.53,227.3 1 1
github.com/platinummonkey/spoke/pkg/observability/logger.go:229.2,229.44 1 1
github.com/platinummonkey/spoke/pkg/observability/logger.go:229.44,231.3 1 1
github.com/platinummonkey/spoke/pkg/observability/logger.go:233.2,233.15 1 1
github.com/platinummonkey/spoke/pkg/observability/metrics.go:55.57,274.2 3 1
github.com/platinummonkey/spoke/pkg/observability/metrics.go:283.49,286.2 2 1
github.com/platinummonkey/spoke/pkg/observability/metrics.go:288.56,292.2 3 1
github.com/platinummonkey/spoke/pkg/observability/metrics.go:295.78,296.46 1 1
github.com/platinummonkey/spoke/pkg/observability/metrics.go:296.46,297.72 1 1
github.com/platinummonkey/spoke/pkg/observability/metrics.go:297.72,307.27 3 1
github.com/platinummonkey/spoke/pkg/observability/metrics.go:307.27,309.5 1 1
github.com/platinummonkey/spoke/pkg/observability/metrics.go:312.4,320.100 6 1
github.com/platinummonkey/spoke/pkg/observability/metrics.go:326.81,328.2 1 1
github.com/platinummonkey/spoke/pkg/observability/metrics_otel.go:41.45,53.16 5 1
github.com/platinummonkey/spoke/pkg/observability/metrics_otel.go:53.16,55.3 1 0
github.com/platinummonkey/spoke/pkg/observability/metrics_otel.go:57.2,62.16 2 1
github.com/platinummonkey/spoke/pkg/observability/metrics_otel.go:62.16,64.3 1 0
github.com/platinummonkey/spoke/pkg/observability/metrics_otel.go:66.2,71.16 2 1
github.com/platinummonkey/spoke/pkg/observability/metrics_otel.go:71.16,73.3 1 0
github.com/platinummonkey/spoke/pkg/observability/metrics_otel.go:75.2,80.16 2 1
github.com/platinummonkey/spoke/pkg/observability/metrics_otel.go:80.16,82.3 1 0
github.com/platinummonkey/spoke/pkg/observability/metrics_otel.go:85.2,90.16 2 1
github.com/platinummonkey/spoke/pkg/observability/metrics_otel.go:90.16,92.3 1 0
github.com/platinummonkey/spoke/pkg/observability/metrics_otel.go:94.2,99.16 2 1
github.com/platinummonkey/spoke/pkg/observability/metrics_otel.go:99.16,101.3 1 0
github.com/platinummonkey/spoke/pkg/observability/metrics_otel.go:103.2,108.16 2 1
github.com/platinummonkey/spoke/pkg/observability/metrics_otel.go:108.16,110.3 1 0
github.com/platinummonkey/spoke/pkg/observability/metrics_otel.go:112.2,117.16 2 1
github.com/platinummonkey/spoke/pkg/observability/metrics_otel.go:117.16,119.3 1 0
github.com/platinummonkey/spoke/pkg/observability/metrics_otel.go:121.2,126.16 2 1
github.com/platinummonkey/spoke/pkg/observability/metrics_otel.go:126.16,128.3 1 0
github.com/platinummonkey/spoke/pkg/observability/metrics_otel.go:131.2,136.16 2 1
github.com/platinummonkey/spoke/pkg/observability/metrics_otel.go:136.16,138.3 1 0
github.com/platinummonkey/spoke/pkg/observability/metrics_otel.go:140.2,145.16 2 1
github.com/platinummonkey/spoke/pkg/observability/metrics_otel.go:145.16,147.3 1 0
github.com/platinummonkey/spoke/pkg/observability/metrics_otel.go:149.2,154.16 2 1
github.com/platinummonkey/spoke/pkg/observability/metrics_otel.go:154.16,156.3 1 0
github.com/platinummonkey/spoke/pkg/observability/metrics_otel.go:158.2,163.16 2 1
github.com/platinummonkey/spoke/pkg/observability/metrics_otel.go:163.16,165.3 1 0
github.com/platinummonkey/spoke/pkg/observability/metrics_otel.go:168.2,173.16 2 1
github.com/platinummonkey/spoke/pkg/observability/metrics_otel.go:173.16,175.3 1 0
github.com/platinummonkey/spoke/pkg/observability/metrics_otel.go:177.2,182.16 2 1
github.com/platinummonkey/spoke/pkg/observability/metrics_otel.go:182.16,184.3 1 0
github.com/platinummonkey/spoke/pkg/observability/metrics_otel.go:186.2,191.16 2 1
github.com/platinummonkey/spoke/pkg/observability/metrics_otel.go:191.16,193.3 1 0
github.com/platinummonkey/spoke/pkg/observability/metrics_otel.go:195.2,195.15 1 1
github.com/platinummonkey/spoke/pkg/observability/metrics_otel.go:199.157,209.21 4 1
github.com/platinummonkey/spoke/pkg/observability/metrics_otel.go:209.21,211.3 1 1
github.com/platinummonkey/spoke/pkg/observability/metrics_otel.go:212.2,212.22 1 1
github.com/platinummonkey/spoke/pkg/observability/metrics_otel.go:212.22,214.3 1 1
github.com/platinummonkey/spoke/pkg/observability/metrics_otel.go:218.111,222.16 2 1
github.com/platinummonkey/spoke/pkg/observability/metrics_otel.go:222.16,224.3 1 1
github.com/platinummonkey/spoke/pkg/observability/metrics_otel.go:224.8,226.3 1 1
github.com/platinummonkey/spoke/pkg/observability/metrics_otel.go:228.2,229.84 2 1
github.com/platinummonkey/spoke/pkg/observability/metrics_otel.go:233.91,236.2 2 1
github.com/platinummonkey/spoke/pkg/observability/metrics_otel.go:239.77,244.2 2 1
github.com/platinummonkey/spoke/pkg/observability/metrics_otel.go:247.78,252.2 2 1
github.com/platinummonkey/spoke/pkg/observability/metrics_otel.go:255.82,260.2 2 1
github.com/platinummonkey/spoke/pkg/observability/metrics_otel.go:263.90,268.2 2 1
github.com/platinummonkey/spoke/pkg/observability/metrics_otel.go:271.146,276.16 2 1
github.com/platinummonkey/spoke/pkg/observability/metrics_otel.go:276.16,278.3 1 1
github.com/platinummonkey/spoke/pkg/observability/metrics_otel.go:278.8,280.3 1 1
github.com/platinummonkey/spoke/pkg/observability/metrics_otel.go:282.2,285.15 3 1
github.com/platinummonkey/spoke/pkg/observability/metrics_otel.go:285.15,287.3 1 1
github.com/platinummonkey/spoke/pkg/observability/otel.go:37.92,38.18 1 1
github.com/platinummonkey/spoke/pkg/observability/otel.go:38.18,41.3 2 1
github.com/platinummonkey/spoke/pkg/observability/otel.go:43.2,57.16 3 1
github.com/platinummonkey/spoke/pkg/observability/otel.go:57.16,59.3 1 0
github.com/platinummonkey/spoke/pkg/observability/otel.go:62.2,66.18 2 1
github.com/platinummonkey/spoke/pkg/observability/otel.go:66.18,68.3 1 1
github.com/platinummonkey/spoke/pkg/observability/otel.go:71.2,72.16 2 1
github.com/platinummonkey/spoke/pkg/observability/otel.go:72.16,74.3 1 0
github.com/platinummonkey/spoke/pkg/observability/otel.go:77.2,78.16 2 1
github.com/platinummonkey/spoke/pkg/observability/otel.go:78.16,80.70 1 0
github.com/platinummonkey/spoke/pkg/observability/otel.go:80.70,82.4 1 0
github.com/platinummonkey/spoke/pkg/observability/otel.go:83.3,83.73 1 0
github.com/platinummonkey/spoke/pkg/observability/otel.go:87.2,101.8 5 1
github.com/platinummonkey/spoke/pkg/observability/otel.go:105.165,114.16 4 1
github.com/platinummonkey/spoke/pkg/observability/otel.go:114.16,116.3 1 0
github.com/platinummonkey/spoke/pkg/observability/otel.go:119.2,129.16 3 1
github.com/platinummonkey/spoke/pkg/observability/otel.go:133.161,142.16 4 1
github.com/platinummonkey/spoke/pkg/observability/otel.go:142.16,144.3 1 0
github.com/platinummonkey/spoke/pkg/observability/otel.go:147.2,155.16 3 1
github.com/platinummonkey/spoke/pkg/observability/otel.go:159.88,160.22 1 1
github.com/platinummonkey/spoke/pkg/observability/otel.go:160.22,162.3 1 1
github.com/platinummonkey/spoke/pkg/observability/otel.go:164.2,169.37 3 1
github.com/platinummonkey/spoke/pkg/observability/otel.go:169.37,170.64 1 1
github.com/platinummonkey/spoke/pkg/observability/otel.go:170.64,173.4 2 0
github.com/platinummonkey/spoke/pkg/observability/otel.go:173.9,175.4 1 1
github.com/platinummonkey/spoke/pkg/observability/otel.go:179.2,179.36 1 1
github.com/platinummonkey/spoke/pkg/observability/otel.go:179.36,180.63 1 1
github.com/platinummonkey/spoke/pkg/observability/otel.go:180.63,183.4 2 1
github.com/platinummonkey/spoke/pkg/observability/otel.go:183.9,185.4 1 0
github.com/platinummonkey/spoke/pkg/observability/otel.go:188.2,188.19 1 1
github.com/platinummonkey/spoke/pkg/observability/otel.go:188.19,190.3 1 1
github.com/platinummonkey/spoke/pkg/observability/otel.go:192.2,193.12 2 1
github.com/platinummonkey/spoke/pkg/observability/otel.go:197.80,199.25 2 1
github.com/platinummonkey/spoke/pkg/observability/otel.go:199.25,201.3 1 1
github.com/platinummonkey/spoke/pkg/observability/otel.go:203.2,207.4 2 1
github.com/platinummonkey/spoke/pkg/observability/shutdown.go:27.102,28.18 1 1
github.com/platinummonkey/spoke/pkg/observability/shutdown.go:28.18,30.3 1 1
github.com/platinummonkey/spoke/pkg/observability/shutdown.go:31.2,36.3 1 1
github.com/platinummonkey/spoke/pkg/observability/shutdown.go:40.66,44.2 3 1
github.com/platinummonkey/spoke/pkg/observability/shutdown.go:47.52,61.22 7 0
github.com/platinummonkey/spoke/pkg/observability/shutdown.go:61.22,63.49 2 0
github.com/platinummonkey/spoke/pkg/observability/shutdown.go:63.49,66.4 2 0
github.com/platinummonkey/spoke/pkg/observability/shutdown.go:67.3,67.50 1 0
github.com/platinummonkey/spoke/pkg/observability/shutdown.go:71.2,78.27 6 0
github.com/platinummonkey/spoke/pkg/observability/shutdown.go:78.27,80.47 2 0
github.com/platinummonkey/spoke/pkg/observability/shutdown.go:80.47,83.42 3 0
github.com/platinummonkey/spoke/pkg/observability/shutdown.go:83.42,86.5 2 0
github.com/platinummonkey/spoke/pkg/observability/shutdown.go:86.10,88.5 1 0
github.com/platinummonkey/spoke/pkg/observability/shutdown.go:93.2,94.12 2 0
github.com/platinummonkey/spoke/pkg/observability/shutdown.go:94.12,97.3 2 0
github.com/platinummonkey/spoke/pkg/observability/shutdown.go:99.2,99.9 1 0
github.com/platinummonkey/spoke/pkg/observability/shutdown.go:100.14,101.53 1 0
github.com/platinummonkey/spoke/pkg/observability/shutdown.go:102.20,104.48 2 0
github.com/platinummonkey/spoke/pkg/observability/shutdown.go:108.2,110.27 3 0
github.com/platinummonkey/spoke/pkg/observability/shutdown.go:110.27,112.3 1 0
github.com/platinummonkey/spoke/pkg/observability/shutdown.go:114.2,114.21 1 0
github.com/platinummonkey/spoke/pkg/observability/shutdown.go:114.21,116.3 1 0
github.com/platinummonkey/spoke/pkg/observability/shutdown.go:118.2,119.12 2 0
github.com/platinummonkey/spoke/pkg/observability/shutdown.go:123.97,126.35 2 0
github.com/platinummonkey/spoke/pkg/observability/shutdown.go:126.35,128.3 1 0
github.com/platinummonkey/spoke/pkg/observability/shutdown.go:130.2,130.34 1 0
