mode: atomic
github.com/platinummonkey/spoke/pkg/storage/postgres/cache.go:23.102,32.47 3 0
github.com/platinummonkey/spoke/pkg/storage/postgres/cache.go:32.47,34.3 1 0
github.com/platinummonkey/spoke/pkg/storage/postgres/cache.go:36.2,45.8 1 0
github.com/platinummonkey/spoke/pkg/storage/postgres/cache.go:49.36,51.2 1 25
github.com/platinummonkey/spoke/pkg/storage/postgres/cache.go:54.61,55.55 1 0
github.com/platinummonkey/spoke/pkg/storage/postgres/cache.go:55.55,57.3 1 0
github.com/platinummonkey/spoke/pkg/storage/postgres/cache.go:60.2,63.12 3 0
github.com/platinummonkey/spoke/pkg/storage/postgres/cache.go:67.66,73.16 4 3
github.com/platinummonkey/spoke/pkg/storage/postgres/cache.go:73.16,75.65 2 3
github.com/platinummonkey/spoke/pkg/storage/postgres/cache.go:75.65,77.4 1 3
github.com/platinummonkey/spoke/pkg/storage/postgres/cache.go:81.2,82.16 2 0
github.com/platinummonkey/spoke/pkg/storage/postgres/cache.go:82.16,84.3 1 0
github.com/platinummonkey/spoke/pkg/storage/postgres/cache.go:87.2,88.16 2 0
github.com/platinummonkey/spoke/pkg/storage/postgres/cache.go:88.16,90.3 1 0
github.com/platinummonkey/spoke/pkg/storage/postgres/cache.go:92.2,92.20 1 0
github.com/platinummonkey/spoke/pkg/storage/postgres/cache.go:96.59,102.16 4 1
github.com/platinummonkey/spoke/pkg/storage/postgres/cache.go:102.16,104.66 2 1
github.com/platinummonkey/spoke/pkg/storage/postgres/cache.go:104.66,106.4 1 1
github.com/platinummonkey/spoke/pkg/storage/postgres/cache.go:110.2,111.16 2 0
github.com/platinummonkey/spoke/pkg/storage/postgres/cache.go:111.16,113.3 1 0
github.com/platinummonkey/spoke/pkg/storage/postgres/cache.go:116.2,117.16 2 0
github.com/platinummonkey/spoke/pkg/storage/postgres/cache.go:117.16,119.3 1 0
github.com/platinummonkey/spoke/pkg/storage/postgres/cache.go:121.2,121.21 1 0
github.com/platinummonkey/spoke/pkg/storage/postgres/cache.go:125.64,126.57 1 0
github.com/platinummonkey/spoke/pkg/storage/postgres/cache.go:126.57,128.3 1 0
github.com/platinummonkey/spoke/pkg/storage/postgres/cache.go:131.2,138.12 3 0
github.com/platinummonkey/spoke/pkg/storage/postgres/cache.go:142.83,148.16 4 1
github.com/platinummonkey/spoke/pkg/storage/postgres/cache.go:148.16,150.62 2 1
github.com/platinummonkey/spoke/pkg/storage/postgres/cache.go:150.62,152.4 1 1
github.com/platinummonkey/spoke/pkg/storage/postgres/cache.go:156.2,157.16 2 0
github.com/platinummonkey/spoke/pkg/storage/postgres/cache.go:157.16,159.3 1 0
github.com/platinummonkey/spoke/pkg/storage/postgres/cache.go:162.2,163.16 2 0
github.com/platinummonkey/spoke/pkg/storage/postgres/cache.go:163.16,165.3 1 0
github.com/platinummonkey/spoke/pkg/storage/postgres/cache.go:167.2,167.17 1 0
github.com/platinummonkey/spoke/pkg/storage/postgres/cache.go:171.78,177.16 4 2
github.com/platinummonkey/spoke/pkg/storage/postgres/cache.go:177.16,179.67 2 2
github.com/platinummonkey/spoke/pkg/storage/postgres/cache.go:179.67,181.4 1 2
github.com/platinummonkey/spoke/pkg/storage/postgres/cache.go:185.2,186.16 2 0
github.com/platinummonkey/spoke/pkg/storage/postgres/cache.go:186.16,188.3 1 0
github.com/platinummonkey/spoke/pkg/storage/postgres/cache.go:191.2,192.16 2 0
github.com/platinummonkey/spoke/pkg/storage/postgres/cache.go:192.16,194.3 1 0
github.com/platinummonkey/spoke/pkg/storage/postgres/cache.go:196.2,196.22 1 0
github.com/platinummonkey/spoke/pkg/storage/postgres/cache.go:200.83,206.16 4 2
github.com/platinummonkey/spoke/pkg/storage/postgres/cache.go:206.16,208.63 2 2
github.com/platinummonkey/spoke/pkg/storage/postgres/cache.go:208.63,210.4 1 2
github.com/platinummonkey/spoke/pkg/storage/postgres/cache.go:214.2,215.16 2 0
github.com/platinummonkey/spoke/pkg/storage/postgres/cache.go:215.16,217.3 1 0
github.com/platinummonkey/spoke/pkg/storage/postgres/cache.go:220.2,221.16 2 0
github.com/platinummonkey/spoke/pkg/storage/postgres/cache.go:221.16,223.3 1 0
github.com/platinummonkey/spoke/pkg/storage/postgres/cache.go:225.2,225.18 1 0
github.com/platinummonkey/spoke/pkg/storage/postgres/cache.go:229.58,232.2 2 12
github.com/platinummonkey/spoke/pkg/storage/postgres/cache.go:235.74,241.2 2 1
github.com/platinummonkey/spoke/pkg/storage/postgres/cache.go:244.44,247.2 2 1
github.com/platinummonkey/spoke/pkg/storage/postgres/cache.go:250.70,255.16 3 2
github.com/platinummonkey/spoke/pkg/storage/postgres/cache.go:255.16,257.3 1 0
github.com/platinummonkey/spoke/pkg/storage/postgres/cache.go:260.2,261.16 2 2
github.com/platinummonkey/spoke/pkg/storage/postgres/cache.go:261.16,263.3 1 0
github.com/platinummonkey/spoke/pkg/storage/postgres/cache.go:265.2,269.8 1 2
github.com/platinummonkey/spoke/pkg/storage/postgres/cache.go:273.42,276.16 2 0
github.com/platinummonkey/spoke/pkg/storage/postgres/cache.go:276.16,278.3 1 0
github.com/platinummonkey/spoke/pkg/storage/postgres/cache.go:280.2,281.33 2 0
github.com/platinummonkey/spoke/pkg/storage/postgres/cache.go:281.33,284.17 2 0
github.com/platinummonkey/spoke/pkg/storage/postgres/cache.go:284.17,285.12 1 0
github.com/platinummonkey/spoke/pkg/storage/postgres/cache.go:287.3,291.17 3 0
github.com/platinummonkey/spoke/pkg/storage/postgres/cache.go:291.17,292.12 1 0
github.com/platinummonkey/spoke/pkg/storage/postgres/cache.go:295.3,296.17 2 0
github.com/platinummonkey/spoke/pkg/storage/postgres/cache.go:296.17,297.12 1 0
github.com/platinummonkey/spoke/pkg/storage/postgres/cache.go:299.3,302.36 2 0
github.com/platinummonkey/spoke/pkg/storage/postgres/cache.go:302.36,303.14 1 0
github.com/platinummonkey/spoke/pkg/storage/postgres/cache.go:303.14,304.10 1 0
github.com/platinummonkey/spoke/pkg/storage/postgres/cache.go:306.4,307.18 2 0
github.com/platinummonkey/spoke/pkg/storage/postgres/cache.go:307.18,308.13 1 0
github.com/platinummonkey/spoke/pkg/storage/postgres/cache.go:310.4,314.5 1 0
github.com/platinummonkey/spoke/pkg/storage/postgres/cache.go:319.2,320.16 2 0
github.com/platinummonkey/spoke/pkg/storage/postgres/cache.go:320.16,322.3 1 0
github.com/platinummonkey/spoke/pkg/storage/postgres/cache.go:324.2,324.12 1 0
github.com/platinummonkey/spoke/pkg/storage/postgres/cache.go:328.66,332.2 3 103
github.com/platinummonkey/spoke/pkg/storage/postgres/cache.go:335.61,339.2 3 111
github.com/platinummonkey/spoke/pkg/storage/postgres/connection.go:37.80,45.16 3 0
github.com/platinummonkey/spoke/pkg/storage/postgres/connection.go:45.16,47.3 1 0
github.com/platinummonkey/spoke/pkg/storage/postgres/connection.go:50.2,59.49 7 0
github.com/platinummonkey/spoke/pkg/storage/postgres/connection.go:59.49,62.3 2 0
github.com/platinummonkey/spoke/pkg/storage/postgres/connection.go:64.2,67.48 2 0
github.com/platinummonkey/spoke/pkg/storage/postgres/connection.go:67.48,69.17 2 0
github.com/platinummonkey/spoke/pkg/storage/postgres/connection.go:69.17,72.12 2 0
github.com/platinummonkey/spoke/pkg/storage/postgres/connection.go:76.3,77.26 2 0
github.com/platinummonkey/spoke/pkg/storage/postgres/connection.go:77.26,79.4 1 0
github.com/platinummonkey/spoke/pkg/storage/postgres/connection.go:80.3,90.17 8 0
github.com/platinummonkey/spoke/pkg/storage/postgres/connection.go:90.17,94.12 3 0
github.com/platinummonkey/spoke/pkg/storage/postgres/connection.go:97.3,97.45 1 0
github.com/platinummonkey/spoke/pkg/storage/postgres/connection.go:100.2,100.26 1 0
github.com/platinummonkey/spoke/pkg/storage/postgres/connection.go:100.26,102.3 1 0
github.com/platinummonkey/spoke/pkg/storage/postgres/connection.go:102.8,104.3 1 0
github.com/platinummonkey/spoke/pkg/storage/postgres/connection.go:106.2,106.16 1 0
github.com/platinummonkey/spoke/pkg/storage/postgres/connection.go:110.48,112.2 1 0
github.com/platinummonkey/spoke/pkg/storage/postgres/connection.go:116.48,121.23 4 0
github.com/platinummonkey/spoke/pkg/storage/postgres/connection.go:121.23,124.3 1 0
github.com/platinummonkey/spoke/pkg/storage/postgres/connection.go:127.2,134.16 6 0
github.com/platinummonkey/spoke/pkg/storage/postgres/connection.go:138.54,145.2 5 0
github.com/platinummonkey/spoke/pkg/storage/postgres/connection.go:148.69,150.52 1 0
github.com/platinummonkey/spoke/pkg/storage/postgres/connection.go:150.52,152.3 1 0
github.com/platinummonkey/spoke/pkg/storage/postgres/connection.go:155.2,161.35 6 0
github.com/platinummonkey/spoke/pkg/storage/postgres/connection.go:161.35,162.50 1 0
github.com/platinummonkey/spoke/pkg/storage/postgres/connection.go:162.50,164.4 1 0
github.com/platinummonkey/spoke/pkg/storage/postgres/connection.go:167.2,167.59 1 0
github.com/platinummonkey/spoke/pkg/storage/postgres/connection.go:167.59,170.3 1 0
github.com/platinummonkey/spoke/pkg/storage/postgres/connection.go:172.2,172.12 1 0
github.com/platinummonkey/spoke/pkg/storage/postgres/connection.go:176.54,185.38 5 0
github.com/platinummonkey/spoke/pkg/storage/postgres/connection.go:185.38,187.3 1 0
github.com/platinummonkey/spoke/pkg/storage/postgres/connection.go:189.2,189.14 1 0
github.com/platinummonkey/spoke/pkg/storage/postgres/connection.go:200.79,207.38 5 0
github.com/platinummonkey/spoke/pkg/storage/postgres/connection.go:207.38,208.50 1 0
github.com/platinummonkey/spoke/pkg/storage/postgres/connection.go:208.50,212.4 2 0
github.com/platinummonkey/spoke/pkg/storage/postgres/connection.go:212.9,214.4 1 0
github.com/platinummonkey/spoke/pkg/storage/postgres/connection.go:217.2,218.16 2 0
github.com/platinummonkey/spoke/pkg/storage/postgres/connection.go:222.66,224.16 2 0
github.com/platinummonkey/spoke/pkg/storage/postgres/connection.go:224.16,226.3 1 0
github.com/platinummonkey/spoke/pkg/storage/postgres/connection.go:229.2,230.25 2 0
github.com/platinummonkey/spoke/pkg/storage/postgres/connection.go:230.25,232.3 1 0
github.com/platinummonkey/spoke/pkg/storage/postgres/connection.go:233.2,242.49 7 0
github.com/platinummonkey/spoke/pkg/storage/postgres/connection.go:242.49,245.3 2 0
github.com/platinummonkey/spoke/pkg/storage/postgres/connection.go:247.2,251.12 4 0
github.com/platinummonkey/spoke/pkg/storage/postgres/connection.go:255.44,259.43 2 0
github.com/platinummonkey/spoke/pkg/storage/postgres/connection.go:259.43,261.3 1 0
github.com/platinummonkey/spoke/pkg/storage/postgres/connection.go:264.2,269.35 5 0
github.com/platinummonkey/spoke/pkg/storage/postgres/connection.go:269.35,270.41 1 0
github.com/platinummonkey/spoke/pkg/storage/postgres/connection.go:270.41,272.4 1 0
github.com/platinummonkey/spoke/pkg/storage/postgres/connection.go:275.2,275.19 1 0
github.com/platinummonkey/spoke/pkg/storage/postgres/connection.go:275.19,277.3 1 0
github.com/platinummonkey/spoke/pkg/storage/postgres/connection.go:279.2,279.12 1 0
github.com/platinummonkey/spoke/pkg/storage/postgres/connection.go:284.99,285.19 1 0
github.com/platinummonkey/spoke/pkg/storage/postgres/connection.go:285.19,287.3 1 0
github.com/platinummonkey/spoke/pkg/storage/postgres/connection.go:289.2,290.12 2 0
github.com/platinummonkey/spoke/pkg/storage/postgres/connection.go:290.12,294.16 2 0
github.com/platinummonkey/spoke/pkg/storage/postgres/connection.go:294.16,295.32 1 0
github.com/platinummonkey/spoke/pkg/storage/postgres/connection.go:295.32,297.5 1 0
github.com/platinummonkey/spoke/pkg/storage/postgres/connection.go:300.3,300.7 1 0
github.com/platinummonkey/spoke/pkg/storage/postgres/connection.go:300.7,301.11 1 0
github.com/platinummonkey/spoke/pkg/storage/postgres/connection.go:302.20,307.20 4 0
github.com/platinummonkey/spoke/pkg/storage/postgres/connection.go:307.20,309.6 1 0
github.com/platinummonkey/spoke/pkg/storage/postgres/connection.go:311.22,312.11 1 0
github.com/platinummonkey/spoke/pkg/storage/postgres/connection.go:319.55,320.26 1 0
github.com/platinummonkey/spoke/pkg/storage/postgres/connection.go:320.26,322.3 1 0
github.com/platinummonkey/spoke/pkg/storage/postgres/connection.go:324.2,327.27 3 0
github.com/platinummonkey/spoke/pkg/storage/postgres/connection.go:327.27,329.20 2 0
github.com/platinummonkey/spoke/pkg/storage/postgres/connection.go:329.20,331.4 1 0
github.com/platinummonkey/spoke/pkg/storage/postgres/connection.go:334.2,334.15 1 0
github.com/platinummonkey/spoke/pkg/storage/postgres/postgres.go:32.74,45.16 3 0
github.com/platinummonkey/spoke/pkg/storage/postgres/postgres.go:45.16,47.3 1 0
github.com/platinummonkey/spoke/pkg/storage/postgres/postgres.go:50.2,54.29 3 0
github.com/platinummonkey/spoke/pkg/storage/postgres/postgres.go:54.29,56.17 2 0
github.com/platinummonkey/spoke/pkg/storage/postgres/postgres.go:56.17,58.4 1 0
github.com/platinummonkey/spoke/pkg/storage/postgres/postgres.go:62.2,63.50 2 0
github.com/platinummonkey/spoke/pkg/storage/postgres/postgres.go:63.50,65.17 2 0
github.com/platinummonkey/spoke/pkg/storage/postgres/postgres.go:65.17,67.4 1 0
github.com/platinummonkey/spoke/pkg/storage/postgres/postgres.go:70.2,76.8 1 0
github.com/platinummonkey/spoke/pkg/storage/postgres/postgres.go:81.66,83.2 1 0
github.com/platinummonkey/spoke/pkg/storage/postgres/postgres.go:85.71,87.2 1 0
github.com/platinummonkey/spoke/pkg/storage/postgres/postgres.go:89.64,91.2 1 0
github.com/platinummonkey/spoke/pkg/storage/postgres/postgres.go:93.69,95.2 1 0
github.com/platinummonkey/spoke/pkg/storage/postgres/postgres.go:97.88,99.2 1 0
github.com/platinummonkey/spoke/pkg/storage/postgres/postgres.go:101.83,103.2 1 0
github.com/platinummonkey/spoke/pkg/storage/postgres/postgres.go:105.69,107.2 1 0
github.com/platinummonkey/spoke/pkg/storage/postgres/postgres.go:109.88,111.2 1 0
github.com/platinummonkey/spoke/pkg/storage/postgres/postgres.go:115.94,138.16 5 0
github.com/platinummonkey/spoke/pkg/storage/postgres/postgres.go:138.16,142.3 3 0
github.com/platinummonkey/spoke/pkg/storage/postgres/postgres.go:145.2,145.26 1 0
github.com/platinummonkey/spoke/pkg/storage/postgres/postgres.go:145.26,147.3 1 0
github.com/platinummonkey/spoke/pkg/storage/postgres/postgres.go:149.2,150.12 2 0
github.com/platinummonkey/spoke/pkg/storage/postgres/postgres.go:153.99,165.26 3 0
github.com/platinummonkey/spoke/pkg/storage/postgres/postgres.go:165.26,166.85 1 0
github.com/platinummonkey/spoke/pkg/storage/postgres/postgres.go:166.85,170.4 3 0
github.com/platinummonkey/spoke/pkg/storage/postgres/postgres.go:172.2,188.26 5 0
github.com/platinummonkey/spoke/pkg/storage/postgres/postgres.go:188.26,191.3 2 0
github.com/platinummonkey/spoke/pkg/storage/postgres/postgres.go:191.8,191.23 1 0
github.com/platinummonkey/spoke/pkg/storage/postgres/postgres.go:191.23,195.3 3 0
github.com/platinummonkey/spoke/pkg/storage/postgres/postgres.go:198.2,198.26 1 0
github.com/platinummonkey/spoke/pkg/storage/postgres/postgres.go:198.26,200.3 1 0
github.com/platinummonkey/spoke/pkg/storage/postgres/postgres.go:202.2,203.21 2 0
github.com/platinummonkey/spoke/pkg/storage/postgres/postgres.go:206.90,209.2 2 0
github.com/platinummonkey/spoke/pkg/storage/postgres/postgres.go:211.118,215.16 3 0
github.com/platinummonkey/spoke/pkg/storage/postgres/postgres.go:215.16,217.3 1 0
github.com/platinummonkey/spoke/pkg/storage/postgres/postgres.go:220.2,228.16 3 0
github.com/platinummonkey/spoke/pkg/storage/postgres/postgres.go:228.16,230.3 1 0
github.com/platinummonkey/spoke/pkg/storage/postgres/postgres.go:231.2,234.18 3 0
github.com/platinummonkey/spoke/pkg/storage/postgres/postgres.go:234.18,237.17 3 0
github.com/platinummonkey/spoke/pkg/storage/postgres/postgres.go:237.17,239.4 1 0
github.com/platinummonkey/spoke/pkg/storage/postgres/postgres.go:240.3,240.32 1 0
github.com/platinummonkey/spoke/pkg/storage/postgres/postgres.go:243.2,243.28 1 0
github.com/platinummonkey/spoke/pkg/storage/postgres/postgres.go:248.97,261.23 3 0
github.com/platinummonkey/spoke/pkg/storage/postgres/postgres.go:261.23,264.3 2 0
github.com/platinummonkey/spoke/pkg/storage/postgres/postgres.go:267.2,269.26 3 0
github.com/platinummonkey/spoke/pkg/storage/postgres/postgres.go:269.26,272.3 2 0
github.com/platinummonkey/spoke/pkg/storage/postgres/postgres.go:272.8,272.23 1 0
github.com/platinummonkey/spoke/pkg/storage/postgres/postgres.go:272.23,276.3 3 0
github.com/platinummonkey/spoke/pkg/storage/postgres/postgres.go:279.2,280.16 2 0
github.com/platinummonkey/spoke/pkg/storage/postgres/postgres.go:280.16,284.3 3 0
github.com/platinummonkey/spoke/pkg/storage/postgres/postgres.go:285.2,296.32 5 0
github.com/platinummonkey/spoke/pkg/storage/postgres/postgres.go:296.32,298.3 1 0
github.com/platinummonkey/spoke/pkg/storage/postgres/postgres.go:301.2,302.35 2 0
github.com/platinummonkey/spoke/pkg/storage/postgres/postgres.go:302.35,304.50 2 0
github.com/platinummonkey/spoke/pkg/storage/postgres/postgres.go:304.50,306.4 1 0
github.com/platinummonkey/spoke/pkg/storage/postgres/postgres.go:309.2,317.16 2 0
github.com/platinummonkey/spoke/pkg/storage/postgres/postgres.go:317.16,321.3 3 0
github.com/platinummonkey/spoke/pkg/storage/postgres/postgres.go:324.2,329.37 2 0
github.com/platinummonkey/spoke/pkg/storage/postgres/postgres.go:329.37,333.17 3 0
github.com/platinummonkey/spoke/pkg/storage/postgres/postgres.go:333.17,337.4 3 0
github.com/platinummonkey/spoke/pkg/storage/postgres/postgres.go:340.3,352.17 3 0
github.com/platinummonkey/spoke/pkg/storage/postgres/postgres.go:352.17,356.4 3 0
github.com/platinummonkey/spoke/pkg/storage/postgres/postgres.go:360.2,360.36 1 0
github.com/platinummonkey/spoke/pkg/storage/postgres/postgres.go:360.36,364.3 3 0
github.com/platinummonkey/spoke/pkg/storage/postgres/postgres.go:367.2,367.26 1 0
github.com/platinummonkey/spoke/pkg/storage/postgres/postgres.go:367.26,369.3 1 0
github.com/platinummonkey/spoke/pkg/storage/postgres/postgres.go:371.2,372.12 2 0
github.com/platinummonkey/spoke/pkg/storage/postgres/postgres.go:375.116,387.23 3 0
github.com/platinummonkey/spoke/pkg/storage/postgres/postgres.go:387.23,390.3 2 0
github.com/platinummonkey/spoke/pkg/storage/postgres/postgres.go:393.2,393.26 1 0
github.com/platinummonkey/spoke/pkg/storage/postgres/postgres.go:393.26,394.115 1 0
github.com/platinummonkey/spoke/pkg/storage/postgres/postgres.go:394.115,398.4 3 0
github.com/platinummonkey/spoke/pkg/storage/postgres/postgres.go:400.2,423.26 8 0
github.com/platinummonkey/spoke/pkg/storage/postgres/postgres.go:423.26,426.3 2 0
github.com/platinummonkey/spoke/pkg/storage/postgres/postgres.go:426.8,426.23 1 0
github.com/platinummonkey/spoke/pkg/storage/postgres/postgres.go:426.23,430.3 3 0
github.com/platinummonkey/spoke/pkg/storage/postgres/postgres.go:433.2,445.16 4 0
github.com/platinummonkey/spoke/pkg/storage/postgres/postgres.go:445.16,449.3 3 0
github.com/platinummonkey/spoke/pkg/storage/postgres/postgres.go:450.2,453.18 3 0
github.com/platinummonkey/spoke/pkg/storage/postgres/postgres.go:453.18,455.72 2 0
github.com/platinummonkey/spoke/pkg/storage/postgres/postgres.go:455.72,459.4 3 0
github.com/platinummonkey/spoke/pkg/storage/postgres/postgres.go:462.3,463.17 2 0
github.com/platinummonkey/spoke/pkg/storage/postgres/postgres.go:463.17,467.4 3 0
github.com/platinummonkey/spoke/pkg/storage/postgres/postgres.go:469.3,471.17 3 0
github.com/platinummonkey/spoke/pkg/storage/postgres/postgres.go:471.17,475.4 3 0
github.com/platinummonkey/spoke/pkg/storage/postgres/postgres.go:477.3,480.5 1 0
github.com/platinummonkey/spoke/pkg/storage/postgres/postgres.go:483.2,483.35 1 0
github.com/platinummonkey/spoke/pkg/storage/postgres/postgres.go:483.35,487.3 3 0
github.com/platinummonkey/spoke/pkg/storage/postgres/postgres.go:489.2,498.26 2 0
github.com/platinummonkey/spoke/pkg/storage/postgres/postgres.go:498.26,500.3 1 0
github.com/platinummonkey/spoke/pkg/storage/postgres/postgres.go:502.2,504.20 3 0
github.com/platinummonkey/spoke/pkg/storage/postgres/postgres.go:507.111,518.16 3 0
github.com/platinummonkey/spoke/pkg/storage/postgres/postgres.go:518.16,520.3 1 0
github.com/platinummonkey/spoke/pkg/storage/postgres/postgres.go:521.2,524.18 3 0
github.com/platinummonkey/spoke/pkg/storage/postgres/postgres.go:524.18,529.17 4 0
github.com/platinummonkey/spoke/pkg/storage/postgres/postgres.go:529.17,531.4 1 0
github.com/platinummonkey/spoke/pkg/storage/postgres/postgres.go:533.3,535.34 2 0
github.com/platinummonkey/spoke/pkg/storage/postgres/postgres.go:538.2,538.22 1 0
github.com/platinummonkey/spoke/pkg/storage/postgres/postgres.go:541.97,544.2 1 0
github.com/platinummonkey/spoke/pkg/storage/postgres/postgres.go:546.116,547.23 1 0
github.com/platinummonkey/spoke/pkg/storage/postgres/postgres.go:547.23,549.3 1 0
github.com/platinummonkey/spoke/pkg/storage/postgres/postgres.go:552.2,563.26 4 0
github.com/platinummonkey/spoke/pkg/storage/postgres/postgres.go:563.26,565.3 1 0
github.com/platinummonkey/spoke/pkg/storage/postgres/postgres.go:565.8,565.23 1 0
github.com/platinummonkey/spoke/pkg/storage/postgres/postgres.go:565.23,567.3 1 0
github.com/platinummonkey/spoke/pkg/storage/postgres/postgres.go:570.2,571.16 2 0
github.com/platinummonkey/spoke/pkg/storage/postgres/postgres.go:571.16,573.3 1 0
github.com/platinummonkey/spoke/pkg/storage/postgres/postgres.go:574.2,577.16 3 0
github.com/platinummonkey/spoke/pkg/storage/postgres/postgres.go:577.16,579.3 1 0
github.com/platinummonkey/spoke/pkg/storage/postgres/postgres.go:581.2,584.8 1 0
github.com/platinummonkey/spoke/pkg/storage/postgres/postgres.go:587.139,590.2 1 0
github.com/platinummonkey/spoke/pkg/storage/postgres/postgres.go:592.99,593.23 1 0
github.com/platinummonkey/spoke/pkg/storage/postgres/postgres.go:593.23,595.3 1 0
github.com/platinummonkey/spoke/pkg/storage/postgres/postgres.go:598.2,600.39 2 0
github.com/platinummonkey/spoke/pkg/storage/postgres/postgres.go:603.127,604.23 1 0
github.com/platinummonkey/spoke/pkg/storage/postgres/postgres.go:604.23,606.3 1 0
github.com/platinummonkey/spoke/pkg/storage/postgres/postgres.go:609.2,610.16 2 0
github.com/platinummonkey/spoke/pkg/storage/postgres/postgres.go:610.16,612.3 1 0
github.com/platinummonkey/spoke/pkg/storage/postgres/postgres.go:615.2,615.69 1 0
github.com/platinummonkey/spoke/pkg/storage/postgres/postgres.go:618.129,621.2 1 0
github.com/platinummonkey/spoke/pkg/storage/postgres/postgres.go:623.132,626.2 1 0
github.com/platinummonkey/spoke/pkg/storage/postgres/postgres.go:628.90,629.26 1 0
github.com/platinummonkey/spoke/pkg/storage/postgres/postgres.go:629.26,631.3 1 0
github.com/platinummonkey/spoke/pkg/storage/postgres/postgres.go:632.2,632.59 1 0
github.com/platinummonkey/spoke/pkg/storage/postgres/postgres.go:635.66,637.46 1 0
github.com/platinummonkey/spoke/pkg/storage/postgres/postgres.go:637.46,639.3 1 0
github.com/platinummonkey/spoke/pkg/storage/postgres/postgres.go:642.2,642.23 1 0
github.com/platinummonkey/spoke/pkg/storage/postgres/postgres.go:642.23,643.53 1 0
github.com/platinummonkey/spoke/pkg/storage/postgres/postgres.go:643.53,645.4 1 0
github.com/platinummonkey/spoke/pkg/storage/postgres/postgres.go:649.2,649.26 1 0
github.com/platinummonkey/spoke/pkg/storage/postgres/postgres.go:649.26,650.49 1 0
github.com/platinummonkey/spoke/pkg/storage/postgres/postgres.go:650.49,652.4 1 0
github.com/platinummonkey/spoke/pkg/storage/postgres/postgres.go:655.2,655.12 1 0
github.com/platinummonkey/spoke/pkg/storage/postgres/postgres.go:659.43,661.2 1 0
github.com/platinummonkey/spoke/pkg/storage/postgres/postgres.go:664.51,666.2 1 0
github.com/platinummonkey/spoke/pkg/storage/postgres/postgres.go:669.69,671.2 1 0
github.com/platinummonkey/spoke/pkg/storage/postgres/postgres.go:674.45,676.2 1 0
github.com/platinummonkey/spoke/pkg/storage/postgres/postgres.go:680.45,682.2 1 0
github.com/platinummonkey/spoke/pkg/storage/postgres/postgres.go:685.41,686.17 1 0
github.com/platinummonkey/spoke/pkg/storage/postgres/postgres.go:686.17,688.3 1 0
github.com/platinummonkey/spoke/pkg/storage/postgres/postgres.go:689.2,689.26 1 0
github.com/platinummonkey/spoke/pkg/storage/postgres/postgres.go:689.26,691.3 1 0
github.com/platinummonkey/spoke/pkg/storage/postgres/postgres.go:692.2,692.12 1 0
github.com/platinummonkey/spoke/pkg/storage/postgres/redis.go:21.66,24.16 2 0
github.com/platinummonkey/spoke/pkg/storage/postgres/redis.go:24.16,26.3 1 0
github.com/platinummonkey/spoke/pkg/storage/postgres/redis.go:29.2,29.32 1 0
github.com/platinummonkey/spoke/pkg/storage/postgres/redis.go:29.32,31.3 1 0
github.com/platinummonkey/spoke/pkg/storage/postgres/redis.go:32.2,32.25 1 0
github.com/platinummonkey/spoke/pkg/storage/postgres/redis.go:32.25,34.3 1 0
github.com/platinummonkey/spoke/pkg/storage/postgres/redis.go:35.2,35.32 1 0
github.com/platinummonkey/spoke/pkg/storage/postgres/redis.go:35.32,37.3 1 0
github.com/platinummonkey/spoke/pkg/storage/postgres/redis.go:38.2,38.30 1 0
github.com/platinummonkey/spoke/pkg/storage/postgres/redis.go:38.30,40.3 1 0
github.com/platinummonkey/spoke/pkg/storage/postgres/redis.go:43.2,55.47 8 0
github.com/platinummonkey/spoke/pkg/storage/postgres/redis.go:55.47,57.3 1 0
github.com/platinummonkey/spoke/pkg/storage/postgres/redis.go:59.2,62.8 1 0
github.com/platinummonkey/spoke/pkg/storage/postgres/redis.go:66.88,70.22 3 0
github.com/platinummonkey/spoke/pkg/storage/postgres/redis.go:70.22,72.3 1 0
github.com/platinummonkey/spoke/pkg/storage/postgres/redis.go:72.8,72.23 1 0
github.com/platinummonkey/spoke/pkg/storage/postgres/redis.go:72.23,74.3 1 0
github.com/platinummonkey/spoke/pkg/storage/postgres/redis.go:76.2,77.62 2 0
github.com/platinummonkey/spoke/pkg/storage/postgres/redis.go:77.62,81.3 2 0
github.com/platinummonkey/spoke/pkg/storage/postgres/redis.go:83.2,83.21 1 0
github.com/platinummonkey/spoke/pkg/storage/postgres/redis.go:87.80,92.16 4 0
github.com/platinummonkey/spoke/pkg/storage/postgres/redis.go:92.16,94.3 1 0
github.com/platinummonkey/spoke/pkg/storage/postgres/redis.go:96.2,96.48 1 0
github.com/platinummonkey/spoke/pkg/storage/postgres/redis.go:100.80,103.2 2 0
github.com/platinummonkey/spoke/pkg/storage/postgres/redis.go:106.105,110.22 3 0
github.com/platinummonkey/spoke/pkg/storage/postgres/redis.go:110.22,112.3 1 0
github.com/platinummonkey/spoke/pkg/storage/postgres/redis.go:112.8,112.23 1 0
github.com/platinummonkey/spoke/pkg/storage/postgres/redis.go:112.23,114.3 1 0
github.com/platinummonkey/spoke/pkg/storage/postgres/redis.go:116.2,117.57 2 0
github.com/platinummonkey/spoke/pkg/storage/postgres/redis.go:117.57,121.3 2 0
github.com/platinummonkey/spoke/pkg/storage/postgres/redis.go:123.2,123.16 1 0
github.com/platinummonkey/spoke/pkg/storage/postgres/redis.go:127.83,132.16 4 0
github.com/platinummonkey/spoke/pkg/storage/postgres/redis.go:132.16,134.3 1 0
github.com/platinummonkey/spoke/pkg/storage/postgres/redis.go:136.2,136.48 1 0
github.com/platinummonkey/spoke/pkg/storage/postgres/redis.go:140.96,143.2 2 0
github.com/platinummonkey/spoke/pkg/storage/postgres/redis.go:146.89,147.35 1 0
github.com/platinummonkey/spoke/pkg/storage/postgres/redis.go:147.35,150.22 2 0
github.com/platinummonkey/spoke/pkg/storage/postgres/redis.go:150.22,151.62 1 0
github.com/platinummonkey/spoke/pkg/storage/postgres/redis.go:151.62,153.5 1 0
github.com/platinummonkey/spoke/pkg/storage/postgres/redis.go:155.3,155.36 1 0
github.com/platinummonkey/spoke/pkg/storage/postgres/redis.go:155.36,157.4 1 0
github.com/platinummonkey/spoke/pkg/storage/postgres/redis.go:159.2,159.12 1 0
github.com/platinummonkey/spoke/pkg/storage/postgres/redis.go:163.55,165.2 1 0
github.com/platinummonkey/spoke/pkg/storage/postgres/redis.go:168.49,170.2 1 0
github.com/platinummonkey/spoke/pkg/storage/postgres/redis.go:173.37,175.2 1 0
github.com/platinummonkey/spoke/pkg/storage/postgres/redis.go:178.55,180.2 1 0
github.com/platinummonkey/spoke/pkg/storage/postgres/redis.go:183.76,185.2 1 0
github.com/platinummonkey/spoke/pkg/storage/postgres/redis.go:188.95,190.2 1 0
github.com/platinummonkey/spoke/pkg/storage/postgres/redis.go:193.83,195.2 1 0
github.com/platinummonkey/spoke/pkg/storage/postgres/redis.go:198.121,200.2 1 0
github.com/platinummonkey/spoke/pkg/storage/postgres/redis.go:203.79,205.2 1 0
github.com/platinummonkey/spoke/pkg/storage/postgres/s3.go:32.57,39.52 4 0
github.com/platinummonkey/spoke/pkg/storage/postgres/s3.go:39.52,49.3 1 0
github.com/platinummonkey/spoke/pkg/storage/postgres/s3.go:49.8,54.3 1 0
github.com/platinummonkey/spoke/pkg/storage/postgres/s3.go:56.2,56.16 1 0
github.com/platinummonkey/spoke/pkg/storage/postgres/s3.go:56.16,58.3 1 0
github.com/platinummonkey/spoke/pkg/storage/postgres/s3.go:61.2,61.62 1 0
github.com/platinummonkey/spoke/pkg/storage/postgres/s3.go:61.62,62.27 1 0
github.com/platinummonkey/spoke/pkg/storage/postgres/s3.go:62.27,64.4 1 0
github.com/platinummonkey/spoke/pkg/storage/postgres/s3.go:65.3,65.25 1 0
github.com/platinummonkey/spoke/pkg/storage/postgres/s3.go:65.25,67.4 1 0
github.com/platinummonkey/spoke/pkg/storage/postgres/s3.go:71.2,71.91 1 0
github.com/platinummonkey/spoke/pkg/storage/postgres/s3.go:71.91,73.3 1 0
github.com/platinummonkey/spoke/pkg/storage/postgres/s3.go:75.2,79.8 1 0
github.com/platinummonkey/spoke/pkg/storage/postgres/s3.go:83.108,96.16 4 0
github.com/platinummonkey/spoke/pkg/storage/postgres/s3.go:96.16,100.3 3 0
github.com/platinummonkey/spoke/pkg/storage/postgres/s3.go:102.2,119.16 5 0
github.com/platinummonkey/spoke/pkg/storage/postgres/s3.go:119.16,123.3 3 0
github.com/platinummonkey/spoke/pkg/storage/postgres/s3.go:125.2,126.12 2 0
github.com/platinummonkey/spoke/pkg/storage/postgres/s3.go:130.86,145.16 4 0
github.com/platinummonkey/spoke/pkg/storage/postgres/s3.go:145.16,149.3 3 0
github.com/platinummonkey/spoke/pkg/storage/postgres/s3.go:151.2,151.33 1 0
github.com/platinummonkey/spoke/pkg/storage/postgres/s3.go:151.33,153.3 1 0
github.com/platinummonkey/spoke/pkg/storage/postgres/s3.go:154.2,155.25 2 0
github.com/platinummonkey/spoke/pkg/storage/postgres/s3.go:159.80,165.16 2 0
github.com/platinummonkey/spoke/pkg/storage/postgres/s3.go:165.16,167.27 1 0
github.com/platinummonkey/spoke/pkg/storage/postgres/s3.go:167.27,169.4 1 0
github.com/platinummonkey/spoke/pkg/storage/postgres/s3.go:170.3,170.72 1 0
github.com/platinummonkey/spoke/pkg/storage/postgres/s3.go:173.2,173.18 1 0
github.com/platinummonkey/spoke/pkg/storage/postgres/s3.go:177.72,183.16 2 0
github.com/platinummonkey/spoke/pkg/storage/postgres/s3.go:183.16,185.3 1 0
github.com/platinummonkey/spoke/pkg/storage/postgres/s3.go:187.2,187.12 1 0
github.com/platinummonkey/spoke/pkg/storage/postgres/s3.go:191.59,196.16 2 0
github.com/platinummonkey/spoke/pkg/storage/postgres/s3.go:196.16,198.3 1 0
github.com/platinummonkey/spoke/pkg/storage/postgres/s3.go:200.2,200.12 1 0
github.com/platinummonkey/spoke/pkg/storage/postgres/s3.go:204.111,226.16 9 0
github.com/platinummonkey/spoke/pkg/storage/postgres/s3.go:226.16,230.3 3 0
github.com/platinummonkey/spoke/pkg/storage/postgres/s3.go:232.2,232.13 1 0
github.com/platinummonkey/spoke/pkg/storage/postgres/s3.go:232.13,235.86 2 0
github.com/platinummonkey/spoke/pkg/storage/postgres/s3.go:235.86,239.4 3 0
github.com/platinummonkey/spoke/pkg/storage/postgres/s3.go:240.8,242.3 1 0
github.com/platinummonkey/spoke/pkg/storage/postgres/s3.go:244.2,245.21 2 0
github.com/platinummonkey/spoke/pkg/storage/postgres/s3.go:250.99,256.16 2 0
github.com/platinummonkey/spoke/pkg/storage/postgres/s3.go:256.16,259.3 1 0
github.com/platinummonkey/spoke/pkg/storage/postgres/s3.go:262.2,266.16 2 0
github.com/platinummonkey/spoke/pkg/storage/postgres/s3.go:266.16,268.39 1 0
github.com/platinummonkey/spoke/pkg/storage/postgres/s3.go:268.39,270.4 1 0
github.com/platinummonkey/spoke/pkg/storage/postgres/s3.go:273.2,273.12 1 0
github.com/platinummonkey/spoke/pkg/storage/postgres/s3.go:276.38,280.2 1 0
github.com/platinummonkey/spoke/pkg/storage/postgres/s3.go:282.49,284.2 1 0
github.com/platinummonkey/spoke/pkg/storage/postgres/s3.go:286.44,288.2 1 0
github.com/platinummonkey/spoke/pkg/storage/postgres/s3.go:290.47,291.43 1 0
github.com/platinummonkey/spoke/pkg/storage/postgres/s3.go:291.43,292.35 1 0
github.com/platinummonkey/spoke/pkg/storage/postgres/s3.go:292.35,294.4 1 0
github.com/platinummonkey/spoke/pkg/storage/postgres/s3.go:296.2,296.14 1 0
