mode: set
github.com/platinummonkey/spoke/pkg/webhooks/delivery.go:45.57,46.18 1 1
github.com/platinummonkey/spoke/pkg/webhooks/delivery.go:46.18,48.3 1 1
github.com/platinummonkey/spoke/pkg/webhooks/delivery.go:49.2,52.3 1 1
github.com/platinummonkey/spoke/pkg/webhooks/delivery.go:56.50,61.30 3 1
github.com/platinummonkey/spoke/pkg/webhooks/delivery.go:61.30,63.3 1 1
github.com/platinummonkey/spoke/pkg/webhooks/delivery.go:65.2,65.22 1 1
github.com/platinummonkey/spoke/pkg/webhooks/delivery.go:69.64,74.2 4 1
github.com/platinummonkey/spoke/pkg/webhooks/delivery.go:77.85,82.29 4 1
github.com/platinummonkey/spoke/pkg/webhooks/delivery.go:82.29,83.33 1 1
github.com/platinummonkey/spoke/pkg/webhooks/delivery.go:83.33,85.4 1 1
github.com/platinummonkey/spoke/pkg/webhooks/delivery.go:89.2,89.37 1 1
github.com/platinummonkey/spoke/pkg/webhooks/delivery.go:89.37,90.40 1 1
github.com/platinummonkey/spoke/pkg/webhooks/delivery.go:90.40,91.55 1 1
github.com/platinummonkey/spoke/pkg/webhooks/delivery.go:91.55,93.5 1 1
github.com/platinummonkey/spoke/pkg/webhooks/delivery.go:97.2,97.38 1 1
github.com/platinummonkey/spoke/pkg/webhooks/delivery.go:97.38,99.3 1 1
github.com/platinummonkey/spoke/pkg/webhooks/delivery.go:101.2,101.15 1 1
github.com/platinummonkey/spoke/pkg/webhooks/delivery.go:105.70,110.29 4 1
github.com/platinummonkey/spoke/pkg/webhooks/delivery.go:110.29,111.29 1 1
github.com/platinummonkey/spoke/pkg/webhooks/delivery.go:111.29,113.4 1 1
github.com/platinummonkey/spoke/pkg/webhooks/delivery.go:115.2,115.15 1 1
github.com/platinummonkey/spoke/pkg/webhooks/delivery.go:119.53,123.2 3 1
github.com/platinummonkey/spoke/pkg/webhooks/delivery.go:126.63,132.29 5 1
github.com/platinummonkey/spoke/pkg/webhooks/delivery.go:132.29,135.34 1 1
github.com/platinummonkey/spoke/pkg/webhooks/delivery.go:135.34,137.4 1 1
github.com/platinummonkey/spoke/pkg/webhooks/delivery.go:139.2,139.15 1 1
github.com/platinummonkey/spoke/pkg/webhooks/delivery.go:143.42,146.29 2 1
github.com/platinummonkey/spoke/pkg/webhooks/delivery.go:146.29,148.3 1 1
github.com/platinummonkey/spoke/pkg/webhooks/delivery.go:151.2,151.35 1 1
github.com/platinummonkey/spoke/pkg/webhooks/delivery.go:151.35,152.38 1 1
github.com/platinummonkey/spoke/pkg/webhooks/delivery.go:152.38,153.50 1 1
github.com/platinummonkey/spoke/pkg/webhooks/delivery.go:153.50,155.5 1 1
github.com/platinummonkey/spoke/pkg/webhooks/delivery.go:160.2,161.21 2 1
github.com/platinummonkey/spoke/pkg/webhooks/delivery.go:161.21,163.3 1 0
github.com/platinummonkey/spoke/pkg/webhooks/delivery.go:165.2,165.51 1 1
github.com/platinummonkey/spoke/pkg/webhooks/delivery.go:165.51,167.3 1 1
github.com/platinummonkey/spoke/pkg/webhooks/delivery.go:171.69,179.29 4 1
github.com/platinummonkey/spoke/pkg/webhooks/delivery.go:179.29,180.33 1 1
github.com/platinummonkey/spoke/pkg/webhooks/delivery.go:180.33,181.12 1 1
github.com/platinummonkey/spoke/pkg/webhooks/delivery.go:184.3,185.21 2 1
github.com/platinummonkey/spoke/pkg/webhooks/delivery.go:186.30,187.22 1 1
github.com/platinummonkey/spoke/pkg/webhooks/delivery.go:188.29,189.18 1 1
github.com/platinummonkey/spoke/pkg/webhooks/delivery.go:190.31,191.20 1 1
github.com/platinummonkey/spoke/pkg/webhooks/delivery.go:194.3,194.29 1 1
github.com/platinummonkey/spoke/pkg/webhooks/delivery.go:194.29,196.4 1 1
github.com/platinummonkey/spoke/pkg/webhooks/delivery.go:199.2,199.26 1 1
github.com/platinummonkey/spoke/pkg/webhooks/delivery.go:199.26,201.3 1 1
github.com/platinummonkey/spoke/pkg/webhooks/delivery.go:203.2,203.21 1 1
github.com/platinummonkey/spoke/pkg/webhooks/delivery.go:203.21,205.3 1 1
github.com/platinummonkey/spoke/pkg/webhooks/delivery.go:207.2,207.14 1 1
github.com/platinummonkey/spoke/pkg/webhooks/handlers.go:17.67,21.2 1 0
github.com/platinummonkey/spoke/pkg/webhooks/handlers.go:24.62,35.2 10 0
github.com/platinummonkey/spoke/pkg/webhooks/handlers.go:38.81,40.65 2 0
github.com/platinummonkey/spoke/pkg/webhooks/handlers.go:40.65,43.3 2 0
github.com/platinummonkey/spoke/pkg/webhooks/handlers.go:45.2,45.60 1 0
github.com/platinummonkey/spoke/pkg/webhooks/handlers.go:45.60,48.3 2 0
github.com/platinummonkey/spoke/pkg/webhooks/handlers.go:50.2,51.36 2 0
github.com/platinummonkey/spoke/pkg/webhooks/handlers.go:55.80,58.2 2 0
github.com/platinummonkey/spoke/pkg/webhooks/handlers.go:61.78,66.16 4 0
github.com/platinummonkey/spoke/pkg/webhooks/handlers.go:66.16,69.3 2 0
github.com/platinummonkey/spoke/pkg/webhooks/handlers.go:71.2,71.36 1 0
github.com/platinummonkey/spoke/pkg/webhooks/handlers.go:75.81,80.65 4 0
github.com/platinummonkey/spoke/pkg/webhooks/handlers.go:80.65,83.3 2 0
github.com/platinummonkey/spoke/pkg/webhooks/handlers.go:85.2,85.62 1 0
github.com/platinummonkey/spoke/pkg/webhooks/handlers.go:85.62,88.3 2 0
github.com/platinummonkey/spoke/pkg/webhooks/handlers.go:90.2,91.36 2 0
github.com/platinummonkey/spoke/pkg/webhooks/handlers.go:95.81,99.56 3 0
github.com/platinummonkey/spoke/pkg/webhooks/handlers.go:99.56,102.3 2 0
github.com/platinummonkey/spoke/pkg/webhooks/handlers.go:104.2,104.37 1 0
github.com/platinummonkey/spoke/pkg/webhooks/handlers.go:108.83,112.54 3 0
github.com/platinummonkey/spoke/pkg/webhooks/handlers.go:112.54,115.3 2 0
github.com/platinummonkey/spoke/pkg/webhooks/handlers.go:117.2,118.36 2 0
github.com/platinummonkey/spoke/pkg/webhooks/handlers.go:122.85,126.56 3 0
github.com/platinummonkey/spoke/pkg/webhooks/handlers.go:126.56,129.3 2 0
github.com/platinummonkey/spoke/pkg/webhooks/handlers.go:131.2,132.36 2 0
github.com/platinummonkey/spoke/pkg/webhooks/handlers.go:136.79,141.16 4 0
github.com/platinummonkey/spoke/pkg/webhooks/handlers.go:141.16,144.3 2 0
github.com/platinummonkey/spoke/pkg/webhooks/handlers.go:147.2,157.16 3 0
github.com/platinummonkey/spoke/pkg/webhooks/handlers.go:157.16,160.3 2 0
github.com/platinummonkey/spoke/pkg/webhooks/handlers.go:162.2,165.4 1 0
github.com/platinummonkey/spoke/pkg/webhooks/handlers.go:169.83,174.16 4 0
github.com/platinummonkey/spoke/pkg/webhooks/handlers.go:174.16,177.3 2 0
github.com/platinummonkey/spoke/pkg/webhooks/handlers.go:180.2,181.60 2 0
github.com/platinummonkey/spoke/pkg/webhooks/handlers.go:181.60,183.3 1 0
github.com/platinummonkey/spoke/pkg/webhooks/handlers.go:185.2,190.4 2 0
github.com/platinummonkey/spoke/pkg/webhooks/handlers.go:194.84,199.16 4 0
github.com/platinummonkey/spoke/pkg/webhooks/handlers.go:199.16,202.3 2 0
github.com/platinummonkey/spoke/pkg/webhooks/handlers.go:204.2,205.34 2 0
github.com/platinummonkey/spoke/pkg/webhooks/integrations.go:72.52,83.53 4 0
github.com/platinummonkey/spoke/pkg/webhooks/integrations.go:83.53,85.3 1 0
github.com/platinummonkey/spoke/pkg/webhooks/integrations.go:86.2,86.55 1 0
github.com/platinummonkey/spoke/pkg/webhooks/integrations.go:86.55,88.3 1 0
github.com/platinummonkey/spoke/pkg/webhooks/integrations.go:89.2,89.55 1 0
github.com/platinummonkey/spoke/pkg/webhooks/integrations.go:89.55,91.3 1 0
github.com/platinummonkey/spoke/pkg/webhooks/integrations.go:93.2,101.3 1 0
github.com/platinummonkey/spoke/pkg/webhooks/integrations.go:105.52,116.53 4 0
github.com/platinummonkey/spoke/pkg/webhooks/integrations.go:116.53,118.3 1 0
github.com/platinummonkey/spoke/pkg/webhooks/integrations.go:119.2,119.55 1 0
github.com/platinummonkey/spoke/pkg/webhooks/integrations.go:119.55,121.3 1 0
github.com/platinummonkey/spoke/pkg/webhooks/integrations.go:123.2,124.55 2 0
github.com/platinummonkey/spoke/pkg/webhooks/integrations.go:124.55,126.3 1 0
github.com/platinummonkey/spoke/pkg/webhooks/integrations.go:128.2,140.3 1 0
github.com/platinummonkey/spoke/pkg/webhooks/integrations.go:144.88,147.2 2 0
github.com/platinummonkey/spoke/pkg/webhooks/integrations.go:150.88,153.2 2 0
github.com/platinummonkey/spoke/pkg/webhooks/integrations.go:156.75,158.16 2 0
github.com/platinummonkey/spoke/pkg/webhooks/integrations.go:158.16,160.3 1 0
github.com/platinummonkey/spoke/pkg/webhooks/integrations.go:162.2,163.16 2 0
github.com/platinummonkey/spoke/pkg/webhooks/integrations.go:163.16,165.3 1 0
github.com/platinummonkey/spoke/pkg/webhooks/integrations.go:167.2,171.16 4 0
github.com/platinummonkey/spoke/pkg/webhooks/integrations.go:171.16,173.3 1 0
github.com/platinummonkey/spoke/pkg/webhooks/integrations.go:174.2,176.53 2 0
github.com/platinummonkey/spoke/pkg/webhooks/integrations.go:176.53,178.3 1 0
github.com/platinummonkey/spoke/pkg/webhooks/integrations.go:180.2,180.12 1 0
github.com/platinummonkey/spoke/pkg/webhooks/integrations.go:184.48,185.19 1 0
github.com/platinummonkey/spoke/pkg/webhooks/integrations.go:186.73,187.16 1 0
github.com/platinummonkey/spoke/pkg/webhooks/integrations.go:188.74,189.18 1 0
github.com/platinummonkey/spoke/pkg/webhooks/integrations.go:190.31,191.19 1 0
github.com/platinummonkey/spoke/pkg/webhooks/integrations.go:192.10,193.19 1 0
github.com/platinummonkey/spoke/pkg/webhooks/integrations.go:198.53,199.19 1 0
github.com/platinummonkey/spoke/pkg/webhooks/integrations.go:200.73,201.18 1 0
github.com/platinummonkey/spoke/pkg/webhooks/integrations.go:202.74,203.18 1 0
github.com/platinummonkey/spoke/pkg/webhooks/integrations.go:204.31,205.18 1 0
github.com/platinummonkey/spoke/pkg/webhooks/integrations.go:206.10,207.18 1 0
github.com/platinummonkey/spoke/pkg/webhooks/integrations.go:212.48,213.19 1 0
github.com/platinummonkey/spoke/pkg/webhooks/integrations.go:214.26,215.26 1 0
github.com/platinummonkey/spoke/pkg/webhooks/integrations.go:216.26,217.26 1 0
github.com/platinummonkey/spoke/pkg/webhooks/integrations.go:218.26,219.26 1 0
github.com/platinummonkey/spoke/pkg/webhooks/integrations.go:220.27,221.27 1 0
github.com/platinummonkey/spoke/pkg/webhooks/integrations.go:222.27,223.27 1 0
github.com/platinummonkey/spoke/pkg/webhooks/integrations.go:224.31,225.31 1 0
github.com/platinummonkey/spoke/pkg/webhooks/integrations.go:226.32,227.32 1 0
github.com/platinummonkey/spoke/pkg/webhooks/integrations.go:228.30,229.30 1 0
github.com/platinummonkey/spoke/pkg/webhooks/integrations.go:230.27,231.36 1 0
github.com/platinummonkey/spoke/pkg/webhooks/integrations.go:232.29,233.29 1 0
github.com/platinummonkey/spoke/pkg/webhooks/integrations.go:234.10,235.27 1 0
github.com/platinummonkey/spoke/pkg/webhooks/ratelimiter.go:26.73,32.2 1 0
github.com/platinummonkey/spoke/pkg/webhooks/ratelimiter.go:35.53,38.13 3 0
github.com/platinummonkey/spoke/pkg/webhooks/ratelimiter.go:38.13,46.3 2 0
github.com/platinummonkey/spoke/pkg/webhooks/ratelimiter.go:47.2,49.22 2 0
github.com/platinummonkey/spoke/pkg/webhooks/ratelimiter.go:53.36,60.32 5 0
github.com/platinummonkey/spoke/pkg/webhooks/ratelimiter.go:60.32,64.3 3 0
github.com/platinummonkey/spoke/pkg/webhooks/ratelimiter.go:67.2,67.19 1 0
github.com/platinummonkey/spoke/pkg/webhooks/ratelimiter.go:67.19,70.3 2 0
github.com/platinummonkey/spoke/pkg/webhooks/ratelimiter.go:72.2,72.14 1 0
github.com/platinummonkey/spoke/pkg/webhooks/ratelimiter.go:76.48,80.2 3 0
github.com/platinummonkey/spoke/pkg/webhooks/ratelimiter.go:83.59,88.13 4 0
github.com/platinummonkey/spoke/pkg/webhooks/ratelimiter.go:88.13,90.3 1 0
github.com/platinummonkey/spoke/pkg/webhooks/ratelimiter.go:92.2,98.36 5 0
github.com/platinummonkey/spoke/pkg/webhooks/ratelimiter.go:98.36,102.3 3 0
github.com/platinummonkey/spoke/pkg/webhooks/ratelimiter.go:104.2,104.22 1 0
github.com/platinummonkey/spoke/pkg/webhooks/ratelimiter.go:107.24,108.11 1 0
github.com/platinummonkey/spoke/pkg/webhooks/ratelimiter.go:108.11,110.3 1 0
github.com/platinummonkey/spoke/pkg/webhooks/ratelimiter.go:111.2,111.10 1 0
github.com/platinummonkey/spoke/pkg/webhooks/retry.go:20.39,27.2 1 0
github.com/platinummonkey/spoke/pkg/webhooks/retry.go:35.54,36.29 1 0
github.com/platinummonkey/spoke/pkg/webhooks/retry.go:36.29,38.3 1 0
github.com/platinummonkey/spoke/pkg/webhooks/retry.go:39.2,39.30 1 0
github.com/platinummonkey/spoke/pkg/webhooks/retry.go:39.30,41.3 1 0
github.com/platinummonkey/spoke/pkg/webhooks/retry.go:42.2,42.26 1 0
github.com/platinummonkey/spoke/pkg/webhooks/retry.go:42.26,44.3 1 0
github.com/platinummonkey/spoke/pkg/webhooks/retry.go:45.2,45.37 1 0
github.com/platinummonkey/spoke/pkg/webhooks/retry.go:45.37,47.3 1 0
github.com/platinummonkey/spoke/pkg/webhooks/retry.go:49.2,51.3 1 0
github.com/platinummonkey/spoke/pkg/webhooks/retry.go:55.65,56.16 1 0
github.com/platinummonkey/spoke/pkg/webhooks/retry.go:56.16,58.3 1 0
github.com/platinummonkey/spoke/pkg/webhooks/retry.go:60.2,60.38 1 0
github.com/platinummonkey/spoke/pkg/webhooks/retry.go:60.38,62.3 1 0
github.com/platinummonkey/spoke/pkg/webhooks/retry.go:64.2,64.13 1 0
github.com/platinummonkey/spoke/pkg/webhooks/retry.go:68.66,69.19 1 0
github.com/platinummonkey/spoke/pkg/webhooks/retry.go:69.19,71.3 1 0
github.com/platinummonkey/spoke/pkg/webhooks/retry.go:74.2,77.40 2 0
github.com/platinummonkey/spoke/pkg/webhooks/retry.go:77.40,79.3 1 0
github.com/platinummonkey/spoke/pkg/webhooks/retry.go:81.2,81.29 1 0
github.com/platinummonkey/spoke/pkg/webhooks/retry.go:85.61,88.2 2 0
github.com/platinummonkey/spoke/pkg/webhooks/retry.go:100.118,107.2 1 0
github.com/platinummonkey/spoke/pkg/webhooks/retry.go:110.79,113.12 2 0
github.com/platinummonkey/spoke/pkg/webhooks/retry.go:113.12,115.16 1 0
github.com/platinummonkey/spoke/pkg/webhooks/retry.go:115.16,116.32 1 0
github.com/platinummonkey/spoke/pkg/webhooks/retry.go:116.32,118.5 1 0
github.com/platinummonkey/spoke/pkg/webhooks/retry.go:121.3,121.7 1 0
github.com/platinummonkey/spoke/pkg/webhooks/retry.go:121.7,122.11 1 0
github.com/platinummonkey/spoke/pkg/webhooks/retry.go:123.22,124.11 1 0
github.com/platinummonkey/spoke/pkg/webhooks/retry.go:125.20,126.11 1 0
github.com/platinummonkey/spoke/pkg/webhooks/retry.go:127.22,128.26 1 0
github.com/platinummonkey/spoke/pkg/webhooks/retry.go:135.30,136.21 1 0
github.com/platinummonkey/spoke/pkg/webhooks/retry.go:136.21,138.3 1 0
github.com/platinummonkey/spoke/pkg/webhooks/retry.go:139.2,139.17 1 0
github.com/platinummonkey/spoke/pkg/webhooks/retry.go:143.59,146.27 2 0
github.com/platinummonkey/spoke/pkg/webhooks/retry.go:146.27,149.17 2 0
github.com/platinummonkey/spoke/pkg/webhooks/retry.go:149.17,156.12 6 0
github.com/platinummonkey/spoke/pkg/webhooks/retry.go:159.3,159.22 1 0
github.com/platinummonkey/spoke/pkg/webhooks/retry.go:159.22,166.12 6 0
github.com/platinummonkey/spoke/pkg/webhooks/retry.go:170.3,170.37 1 0
github.com/platinummonkey/spoke/pkg/webhooks/retry.go:175.94,192.16 7 0
github.com/platinummonkey/spoke/pkg/webhooks/retry.go:192.16,194.51 1 0
github.com/platinummonkey/spoke/pkg/webhooks/retry.go:194.51,199.4 4 0
github.com/platinummonkey/spoke/pkg/webhooks/retry.go:199.9,205.4 4 0
github.com/platinummonkey/spoke/pkg/webhooks/retry.go:206.8,212.3 4 0
github.com/platinummonkey/spoke/pkg/webhooks/retry.go:214.2,214.29 1 0
github.com/platinummonkey/spoke/pkg/webhooks/webhooks.go:61.42,77.2 5 0
github.com/platinummonkey/spoke/pkg/webhooks/webhooks.go:80.65,82.2 1 0
github.com/platinummonkey/spoke/pkg/webhooks/webhooks.go:85.45,87.2 1 0
github.com/platinummonkey/spoke/pkg/webhooks/webhooks.go:90.87,92.2 1 0
github.com/platinummonkey/spoke/pkg/webhooks/webhooks.go:95.76,97.2 1 0
github.com/platinummonkey/spoke/pkg/webhooks/webhooks.go:100.67,101.23 1 0
github.com/platinummonkey/spoke/pkg/webhooks/webhooks.go:101.23,103.3 1 0
github.com/platinummonkey/spoke/pkg/webhooks/webhooks.go:104.2,104.30 1 0
github.com/platinummonkey/spoke/pkg/webhooks/webhooks.go:104.30,106.3 1 0
github.com/platinummonkey/spoke/pkg/webhooks/webhooks.go:108.2,114.12 6 0
github.com/platinummonkey/spoke/pkg/webhooks/webhooks.go:118.62,119.43 1 0
github.com/platinummonkey/spoke/pkg/webhooks/webhooks.go:119.43,121.3 1 0
github.com/platinummonkey/spoke/pkg/webhooks/webhooks.go:122.2,123.12 2 0
github.com/platinummonkey/spoke/pkg/webhooks/webhooks.go:127.76,129.13 2 0
github.com/platinummonkey/spoke/pkg/webhooks/webhooks.go:129.13,131.3 1 0
github.com/platinummonkey/spoke/pkg/webhooks/webhooks.go:133.2,133.23 1 0
github.com/platinummonkey/spoke/pkg/webhooks/webhooks.go:133.23,135.3 1 0
github.com/platinummonkey/spoke/pkg/webhooks/webhooks.go:136.2,136.29 1 0
github.com/platinummonkey/spoke/pkg/webhooks/webhooks.go:136.29,138.3 1 0
github.com/platinummonkey/spoke/pkg/webhooks/webhooks.go:139.2,139.26 1 0
github.com/platinummonkey/spoke/pkg/webhooks/webhooks.go:139.26,141.3 1 0
github.com/platinummonkey/spoke/pkg/webhooks/webhooks.go:142.2,144.12 2 0
github.com/platinummonkey/spoke/pkg/webhooks/webhooks.go:148.77,152.38 3 0
github.com/platinummonkey/spoke/pkg/webhooks/webhooks.go:152.38,153.22 1 0
github.com/platinummonkey/spoke/pkg/webhooks/webhooks.go:153.22,154.12 1 0
github.com/platinummonkey/spoke/pkg/webhooks/webhooks.go:158.3,159.44 2 0
github.com/platinummonkey/spoke/pkg/webhooks/webhooks.go:159.44,160.31 1 0
github.com/platinummonkey/spoke/pkg/webhooks/webhooks.go:160.31,162.10 2 0
github.com/platinummonkey/spoke/pkg/webhooks/webhooks.go:166.3,166.18 1 0
github.com/platinummonkey/spoke/pkg/webhooks/webhooks.go:166.18,167.12 1 0
github.com/platinummonkey/spoke/pkg/webhooks/webhooks.go:171.3,184.69 3 0
github.com/platinummonkey/spoke/pkg/webhooks/webhooks.go:187.2,187.12 1 0
github.com/platinummonkey/spoke/pkg/webhooks/webhooks.go:191.133,199.16 6 0
github.com/platinummonkey/spoke/pkg/webhooks/webhooks.go:199.16,202.57 2 0
github.com/platinummonkey/spoke/pkg/webhooks/webhooks.go:202.57,207.4 4 0
github.com/platinummonkey/spoke/pkg/webhooks/webhooks.go:207.9,212.4 4 0
github.com/platinummonkey/spoke/pkg/webhooks/webhooks.go:213.8,217.3 3 0
github.com/platinummonkey/spoke/pkg/webhooks/webhooks.go:219.2,219.38 1 0
github.com/platinummonkey/spoke/pkg/webhooks/webhooks.go:223.124,225.39 1 0
github.com/platinummonkey/spoke/pkg/webhooks/webhooks.go:225.39,227.3 1 0
github.com/platinummonkey/spoke/pkg/webhooks/webhooks.go:228.2,229.16 2 0
github.com/platinummonkey/spoke/pkg/webhooks/webhooks.go:229.16,231.3 1 0
github.com/platinummonkey/spoke/pkg/webhooks/webhooks.go:233.2,234.16 2 0
github.com/platinummonkey/spoke/pkg/webhooks/webhooks.go:234.16,236.3 1 0
github.com/platinummonkey/spoke/pkg/webhooks/webhooks.go:238.2,244.26 5 0
github.com/platinummonkey/spoke/pkg/webhooks/webhooks.go:244.26,247.3 2 0
github.com/platinummonkey/spoke/pkg/webhooks/webhooks.go:250.2,250.24 1 0
github.com/platinummonkey/spoke/pkg/webhooks/webhooks.go:250.24,252.39 2 0
github.com/platinummonkey/spoke/pkg/webhooks/webhooks.go:252.39,253.23 1 0
github.com/platinummonkey/spoke/pkg/webhooks/webhooks.go:253.23,255.5 1 0
github.com/platinummonkey/spoke/pkg/webhooks/webhooks.go:259.2,260.16 2 0
github.com/platinummonkey/spoke/pkg/webhooks/webhooks.go:260.16,262.3 1 0
github.com/platinummonkey/spoke/pkg/webhooks/webhooks.go:263.2,266.24 2 0
github.com/platinummonkey/spoke/pkg/webhooks/webhooks.go:266.24,268.3 1 0
github.com/platinummonkey/spoke/pkg/webhooks/webhooks.go:270.2,270.53 1 0
github.com/platinummonkey/spoke/pkg/webhooks/webhooks.go:270.53,272.3 1 0
github.com/platinummonkey/spoke/pkg/webhooks/webhooks.go:274.2,274.12 1 0
github.com/platinummonkey/spoke/pkg/webhooks/webhooks.go:278.131,280.2 1 0
github.com/platinummonkey/spoke/pkg/webhooks/webhooks.go:283.69,286.2 2 0
github.com/platinummonkey/spoke/pkg/webhooks/webhooks.go:289.62,293.2 3 0
github.com/platinummonkey/spoke/pkg/webhooks/webhooks.go:298.26,302.2 2 0
github.com/platinummonkey/spoke/pkg/webhooks/webhooks.go:305.53,307.38 2 0
github.com/platinummonkey/spoke/pkg/webhooks/webhooks.go:307.38,309.3 1 0
github.com/platinummonkey/spoke/pkg/webhooks/webhooks.go:310.2,310.17 1 0
github.com/platinummonkey/spoke/pkg/webhooks/webhooks.go:314.67,316.13 2 0
github.com/platinummonkey/spoke/pkg/webhooks/webhooks.go:316.13,318.3 1 0
github.com/platinummonkey/spoke/pkg/webhooks/webhooks.go:319.2,319.21 1 0
github.com/platinummonkey/spoke/pkg/webhooks/webhooks.go:323.62,325.13 2 0
github.com/platinummonkey/spoke/pkg/webhooks/webhooks.go:325.13,327.3 1 0
github.com/platinummonkey/spoke/pkg/webhooks/webhooks.go:328.2,330.12 3 0
github.com/platinummonkey/spoke/pkg/webhooks/webhooks.go:334.60,336.13 2 0
github.com/platinummonkey/spoke/pkg/webhooks/webhooks.go:336.13,338.3 1 0
github.com/platinummonkey/spoke/pkg/webhooks/webhooks.go:339.2,341.12 3 0
