mode: set
/Users/cody.lee/gtp/spoke/mayor/rig/pkg/docs/generator.go:90.32,92.2 1 1
/Users/cody.lee/gtp/spoke/mayor/rig/pkg/docs/generator.go:95.78,105.23 2 1
/Users/cody.lee/gtp/spoke/mayor/rig/pkg/docs/generator.go:105.23,107.3 1 1
/Users/cody.lee/gtp/spoke/mayor/rig/pkg/docs/generator.go:110.2,110.24 1 1
/Users/cody.lee/gtp/spoke/mayor/rig/pkg/docs/generator.go:110.24,112.3 1 1
/Users/cody.lee/gtp/spoke/mayor/rig/pkg/docs/generator.go:115.2,115.34 1 1
/Users/cody.lee/gtp/spoke/mayor/rig/pkg/docs/generator.go:115.34,117.3 1 1
/Users/cody.lee/gtp/spoke/mayor/rig/pkg/docs/generator.go:120.2,120.35 1 1
/Users/cody.lee/gtp/spoke/mayor/rig/pkg/docs/generator.go:120.35,123.3 2 1
/Users/cody.lee/gtp/spoke/mayor/rig/pkg/docs/generator.go:126.2,126.33 1 1
/Users/cody.lee/gtp/spoke/mayor/rig/pkg/docs/generator.go:126.33,129.3 2 1
/Users/cody.lee/gtp/spoke/mayor/rig/pkg/docs/generator.go:132.2,132.35 1 1
/Users/cody.lee/gtp/spoke/mayor/rig/pkg/docs/generator.go:132.35,135.3 2 1
/Users/cody.lee/gtp/spoke/mayor/rig/pkg/docs/generator.go:137.2,137.17 1 1
/Users/cody.lee/gtp/spoke/mayor/rig/pkg/docs/generator.go:141.99,153.35 2 1
/Users/cody.lee/gtp/spoke/mayor/rig/pkg/docs/generator.go:153.35,156.3 2 1
/Users/cody.lee/gtp/spoke/mayor/rig/pkg/docs/generator.go:159.2,159.36 1 1
/Users/cody.lee/gtp/spoke/mayor/rig/pkg/docs/generator.go:159.36,162.3 2 1
/Users/cody.lee/gtp/spoke/mayor/rig/pkg/docs/generator.go:165.2,165.33 1 1
/Users/cody.lee/gtp/spoke/mayor/rig/pkg/docs/generator.go:165.33,168.3 2 1
/Users/cody.lee/gtp/spoke/mayor/rig/pkg/docs/generator.go:170.2,170.12 1 1
/Users/cody.lee/gtp/spoke/mayor/rig/pkg/docs/generator.go:174.75,183.20 2 1
/Users/cody.lee/gtp/spoke/mayor/rig/pkg/docs/generator.go:183.20,186.3 2 1
/Users/cody.lee/gtp/spoke/mayor/rig/pkg/docs/generator.go:186.8,186.27 1 1
/Users/cody.lee/gtp/spoke/mayor/rig/pkg/docs/generator.go:186.27,189.3 2 1
/Users/cody.lee/gtp/spoke/mayor/rig/pkg/docs/generator.go:189.8,189.27 1 1
/Users/cody.lee/gtp/spoke/mayor/rig/pkg/docs/generator.go:189.27,192.3 2 1
/Users/cody.lee/gtp/spoke/mayor/rig/pkg/docs/generator.go:194.2,194.12 1 1
/Users/cody.lee/gtp/spoke/mayor/rig/pkg/docs/generator.go:198.91,206.36 2 1
/Users/cody.lee/gtp/spoke/mayor/rig/pkg/docs/generator.go:206.36,213.3 2 1
/Users/cody.lee/gtp/spoke/mayor/rig/pkg/docs/generator.go:215.2,215.12 1 1
/Users/cody.lee/gtp/spoke/mayor/rig/pkg/docs/generator.go:219.79,226.31 2 1
/Users/cody.lee/gtp/spoke/mayor/rig/pkg/docs/generator.go:226.31,241.3 2 1
/Users/cody.lee/gtp/spoke/mayor/rig/pkg/docs/generator.go:243.2,243.12 1 1
/Users/cody.lee/gtp/spoke/mayor/rig/pkg/docs/generator.go:247.63,248.24 1 1
/Users/cody.lee/gtp/spoke/mayor/rig/pkg/docs/generator.go:248.24,250.3 1 1
/Users/cody.lee/gtp/spoke/mayor/rig/pkg/docs/generator.go:252.2,253.35 2 1
/Users/cody.lee/gtp/spoke/mayor/rig/pkg/docs/generator.go:253.35,260.17 6 1
/Users/cody.lee/gtp/spoke/mayor/rig/pkg/docs/generator.go:260.17,262.4 1 1
/Users/cody.lee/gtp/spoke/mayor/rig/pkg/docs/generator.go:265.2,265.34 1 1
/Users/cody.lee/gtp/spoke/mayor/rig/pkg/docs/generator.go:269.42,272.2 1 1
/Users/cody.lee/gtp/spoke/mayor/rig/pkg/docs/generator.go:275.62,276.33 1 1
/Users/cody.lee/gtp/spoke/mayor/rig/pkg/docs/generator.go:276.33,277.47 1 1
/Users/cody.lee/gtp/spoke/mayor/rig/pkg/docs/generator.go:277.47,279.4 1 1
/Users/cody.lee/gtp/spoke/mayor/rig/pkg/docs/generator.go:281.3,281.60 1 1
/Users/cody.lee/gtp/spoke/mayor/rig/pkg/docs/generator.go:281.60,283.4 1 1
/Users/cody.lee/gtp/spoke/mayor/rig/pkg/docs/generator.go:285.2,285.12 1 1
/Users/cody.lee/gtp/spoke/mayor/rig/pkg/docs/generator.go:289.66,290.41 1 1
/Users/cody.lee/gtp/spoke/mayor/rig/pkg/docs/generator.go:290.41,291.53 1 1
/Users/cody.lee/gtp/spoke/mayor/rig/pkg/docs/generator.go:291.53,293.4 1 1
/Users/cody.lee/gtp/spoke/mayor/rig/pkg/docs/generator.go:294.3,294.61 1 1
/Users/cody.lee/gtp/spoke/mayor/rig/pkg/docs/generator.go:294.61,296.4 1 1
/Users/cody.lee/gtp/spoke/mayor/rig/pkg/docs/generator.go:298.2,298.12 1 1
/Users/cody.lee/gtp/spoke/mayor/rig/pkg/docs/generator.go:302.56,303.31 1 1
/Users/cody.lee/gtp/spoke/mayor/rig/pkg/docs/generator.go:303.31,304.49 1 1
/Users/cody.lee/gtp/spoke/mayor/rig/pkg/docs/generator.go:304.49,306.4 1 1
/Users/cody.lee/gtp/spoke/mayor/rig/pkg/docs/generator.go:309.2,309.33 1 1
/Users/cody.lee/gtp/spoke/mayor/rig/pkg/docs/generator.go:309.33,310.53 1 1
/Users/cody.lee/gtp/spoke/mayor/rig/pkg/docs/generator.go:310.53,312.4 1 1
/Users/cody.lee/gtp/spoke/mayor/rig/pkg/docs/generator.go:314.2,314.12 1 1
/Users/cody.lee/gtp/spoke/mayor/rig/pkg/docs/generator.go:318.60,319.33 1 1
/Users/cody.lee/gtp/spoke/mayor/rig/pkg/docs/generator.go:319.33,320.49 1 1
/Users/cody.lee/gtp/spoke/mayor/rig/pkg/docs/generator.go:320.49,322.4 1 1
/Users/cody.lee/gtp/spoke/mayor/rig/pkg/docs/generator.go:324.2,324.41 1 1
/Users/cody.lee/gtp/spoke/mayor/rig/pkg/docs/generator.go:324.41,325.56 1 1
/Users/cody.lee/gtp/spoke/mayor/rig/pkg/docs/generator.go:325.56,327.4 1 1
/Users/cody.lee/gtp/spoke/mayor/rig/pkg/docs/generator.go:329.2,329.12 1 1
/Users/cody.lee/gtp/spoke/mayor/rig/pkg/docs/generator.go:333.62,334.33 1 1
/Users/cody.lee/gtp/spoke/mayor/rig/pkg/docs/generator.go:334.33,335.23 1 1
/Users/cody.lee/gtp/spoke/mayor/rig/pkg/docs/generator.go:335.23,337.4 1 1
/Users/cody.lee/gtp/spoke/mayor/rig/pkg/docs/generator.go:339.2,339.12 1 1
