mode: set
github.com/platinummonkey/spoke/pkg/docs/generator.go:90.32,92.2 1 0
github.com/platinummonkey/spoke/pkg/docs/generator.go:95.78,105.23 2 0
github.com/platinummonkey/spoke/pkg/docs/generator.go:105.23,107.3 1 0
github.com/platinummonkey/spoke/pkg/docs/generator.go:110.2,110.24 1 0
github.com/platinummonkey/spoke/pkg/docs/generator.go:110.24,112.3 1 0
github.com/platinummonkey/spoke/pkg/docs/generator.go:115.2,115.34 1 0
github.com/platinummonkey/spoke/pkg/docs/generator.go:115.34,117.3 1 0
github.com/platinummonkey/spoke/pkg/docs/generator.go:120.2,120.35 1 0
github.com/platinummonkey/spoke/pkg/docs/generator.go:120.35,123.3 2 0
github.com/platinummonkey/spoke/pkg/docs/generator.go:126.2,126.33 1 0
github.com/platinummonkey/spoke/pkg/docs/generator.go:126.33,129.3 2 0
github.com/platinummonkey/spoke/pkg/docs/generator.go:132.2,132.35 1 0
github.com/platinummonkey/spoke/pkg/docs/generator.go:132.35,135.3 2 0
github.com/platinummonkey/spoke/pkg/docs/generator.go:137.2,137.17 1 0
github.com/platinummonkey/spoke/pkg/docs/generator.go:141.99,153.35 2 0
github.com/platinummonkey/spoke/pkg/docs/generator.go:153.35,156.3 2 0
github.com/platinummonkey/spoke/pkg/docs/generator.go:159.2,159.36 1 0
github.com/platinummonkey/spoke/pkg/docs/generator.go:159.36,162.3 2 0
github.com/platinummonkey/spoke/pkg/docs/generator.go:165.2,165.33 1 0
github.com/platinummonkey/spoke/pkg/docs/generator.go:165.33,168.3 2 0
github.com/platinummonkey/spoke/pkg/docs/generator.go:170.2,170.12 1 0
github.com/platinummonkey/spoke/pkg/docs/generator.go:174.75,183.20 2 0
github.com/platinummonkey/spoke/pkg/docs/generator.go:183.20,186.3 2 0
github.com/platinummonkey/spoke/pkg/docs/generator.go:186.8,186.27 1 0
github.com/platinummonkey/spoke/pkg/docs/generator.go:186.27,189.3 2 0
github.com/platinummonkey/spoke/pkg/docs/generator.go:189.8,189.27 1 0
github.com/platinummonkey/spoke/pkg/docs/generator.go:189.27,192.3 2 0
github.com/platinummonkey/spoke/pkg/docs/generator.go:194.2,194.12 1 0
github.com/platinummonkey/spoke/pkg/docs/generator.go:198.91,206.36 2 0
github.com/platinummonkey/spoke/pkg/docs/generator.go:206.36,213.3 2 0
github.com/platinummonkey/spoke/pkg/docs/generator.go:215.2,215.12 1 0
github.com/platinummonkey/spoke/pkg/docs/generator.go:219.79,226.31 2 0
github.com/platinummonkey/spoke/pkg/docs/generator.go:226.31,241.3 2 0
github.com/platinummonkey/spoke/pkg/docs/generator.go:243.2,243.12 1 0
github.com/platinummonkey/spoke/pkg/docs/generator.go:247.63,248.24 1 0
github.com/platinummonkey/spoke/pkg/docs/generator.go:248.24,250.3 1 0
github.com/platinummonkey/spoke/pkg/docs/generator.go:252.2,253.35 2 0
github.com/platinummonkey/spoke/pkg/docs/generator.go:253.35,260.17 6 0
github.com/platinummonkey/spoke/pkg/docs/generator.go:260.17,262.4 1 0
github.com/platinummonkey/spoke/pkg/docs/generator.go:265.2,265.34 1 0
github.com/platinummonkey/spoke/pkg/docs/generator.go:269.42,272.2 1 0
github.com/platinummonkey/spoke/pkg/docs/generator.go:275.62,276.33 1 0
github.com/platinummonkey/spoke/pkg/docs/generator.go:276.33,277.47 1 0
github.com/platinummonkey/spoke/pkg/docs/generator.go:277.47,279.4 1 0
github.com/platinummonkey/spoke/pkg/docs/generator.go:281.3,281.60 1 0
github.com/platinummonkey/spoke/pkg/docs/generator.go:281.60,283.4 1 0
github.com/platinummonkey/spoke/pkg/docs/generator.go:285.2,285.12 1 0
github.com/platinummonkey/spoke/pkg/docs/generator.go:289.66,290.41 1 0
github.com/platinummonkey/spoke/pkg/docs/generator.go:290.41,291.53 1 0
github.com/platinummonkey/spoke/pkg/docs/generator.go:291.53,293.4 1 0
github.com/platinummonkey/spoke/pkg/docs/generator.go:294.3,294.61 1 0
github.com/platinummonkey/spoke/pkg/docs/generator.go:294.61,296.4 1 0
github.com/platinummonkey/spoke/pkg/docs/generator.go:298.2,298.12 1 0
github.com/platinummonkey/spoke/pkg/docs/generator.go:302.56,303.31 1 0
github.com/platinummonkey/spoke/pkg/docs/generator.go:303.31,304.49 1 0
github.com/platinummonkey/spoke/pkg/docs/generator.go:304.49,306.4 1 0
github.com/platinummonkey/spoke/pkg/docs/generator.go:309.2,309.33 1 0
github.com/platinummonkey/spoke/pkg/docs/generator.go:309.33,310.53 1 0
github.com/platinummonkey/spoke/pkg/docs/generator.go:310.53,312.4 1 0
github.com/platinummonkey/spoke/pkg/docs/generator.go:314.2,314.12 1 0
github.com/platinummonkey/spoke/pkg/docs/generator.go:318.60,319.33 1 0
github.com/platinummonkey/spoke/pkg/docs/generator.go:319.33,320.49 1 0
github.com/platinummonkey/spoke/pkg/docs/generator.go:320.49,322.4 1 0
github.com/platinummonkey/spoke/pkg/docs/generator.go:324.2,324.41 1 0
github.com/platinummonkey/spoke/pkg/docs/generator.go:324.41,325.56 1 0
github.com/platinummonkey/spoke/pkg/docs/generator.go:325.56,327.4 1 0
github.com/platinummonkey/spoke/pkg/docs/generator.go:329.2,329.12 1 0
github.com/platinummonkey/spoke/pkg/docs/generator.go:333.62,334.33 1 0
github.com/platinummonkey/spoke/pkg/docs/generator.go:334.33,335.23 1 0
github.com/platinummonkey/spoke/pkg/docs/generator.go:335.23,337.4 1 0
github.com/platinummonkey/spoke/pkg/docs/generator.go:339.2,339.12 1 0
github.com/platinummonkey/spoke/pkg/docs/handlers.go:21.57,28.2 1 0
github.com/platinummonkey/spoke/pkg/docs/handlers.go:31.59,39.2 4 0
github.com/platinummonkey/spoke/pkg/docs/handlers.go:42.79,49.16 5 0
github.com/platinummonkey/spoke/pkg/docs/handlers.go:49.16,52.3 2 0
github.com/platinummonkey/spoke/pkg/docs/handlers.go:54.2,54.25 1 0
github.com/platinummonkey/spoke/pkg/docs/handlers.go:54.25,57.3 2 0
github.com/platinummonkey/spoke/pkg/docs/handlers.go:60.2,62.16 3 0
github.com/platinummonkey/spoke/pkg/docs/handlers.go:62.16,65.3 2 0
github.com/platinummonkey/spoke/pkg/docs/handlers.go:68.2,69.16 2 0
github.com/platinummonkey/spoke/pkg/docs/handlers.go:69.16,72.3 2 0
github.com/platinummonkey/spoke/pkg/docs/handlers.go:75.2,76.16 2 0
github.com/platinummonkey/spoke/pkg/docs/handlers.go:76.16,79.3 2 0
github.com/platinummonkey/spoke/pkg/docs/handlers.go:81.2,82.23 2 0
github.com/platinummonkey/spoke/pkg/docs/handlers.go:86.87,93.16 5 0
github.com/platinummonkey/spoke/pkg/docs/handlers.go:93.16,96.3 2 0
github.com/platinummonkey/spoke/pkg/docs/handlers.go:98.2,98.25 1 0
github.com/platinummonkey/spoke/pkg/docs/handlers.go:98.25,101.3 2 0
github.com/platinummonkey/spoke/pkg/docs/handlers.go:104.2,106.16 3 0
github.com/platinummonkey/spoke/pkg/docs/handlers.go:106.16,109.3 2 0
github.com/platinummonkey/spoke/pkg/docs/handlers.go:112.2,113.16 2 0
github.com/platinummonkey/spoke/pkg/docs/handlers.go:113.16,116.3 2 0
github.com/platinummonkey/spoke/pkg/docs/handlers.go:119.2,123.27 4 0
github.com/platinummonkey/spoke/pkg/docs/handlers.go:127.83,134.16 5 0
github.com/platinummonkey/spoke/pkg/docs/handlers.go:134.16,137.3 2 0
github.com/platinummonkey/spoke/pkg/docs/handlers.go:139.2,139.25 1 0
github.com/platinummonkey/spoke/pkg/docs/handlers.go:139.25,142.3 2 0
github.com/platinummonkey/spoke/pkg/docs/handlers.go:145.2,147.16 3 0
github.com/platinummonkey/spoke/pkg/docs/handlers.go:147.16,150.3 2 0
github.com/platinummonkey/spoke/pkg/docs/handlers.go:153.2,154.16 2 0
github.com/platinummonkey/spoke/pkg/docs/handlers.go:154.16,157.3 2 0
github.com/platinummonkey/spoke/pkg/docs/handlers.go:159.2,160.32 2 0
github.com/platinummonkey/spoke/pkg/docs/handlers.go:164.80,171.42 5 0
github.com/platinummonkey/spoke/pkg/docs/handlers.go:171.42,174.3 2 0
github.com/platinummonkey/spoke/pkg/docs/handlers.go:177.2,178.16 2 0
github.com/platinummonkey/spoke/pkg/docs/handlers.go:178.16,181.3 2 0
github.com/platinummonkey/spoke/pkg/docs/handlers.go:184.2,185.16 2 0
github.com/platinummonkey/spoke/pkg/docs/handlers.go:185.16,188.3 2 0
github.com/platinummonkey/spoke/pkg/docs/handlers.go:191.2,193.16 3 0
github.com/platinummonkey/spoke/pkg/docs/handlers.go:193.16,196.3 2 0
github.com/platinummonkey/spoke/pkg/docs/handlers.go:199.2,201.16 3 0
github.com/platinummonkey/spoke/pkg/docs/handlers.go:201.16,204.3 2 0
github.com/platinummonkey/spoke/pkg/docs/handlers.go:207.2,208.16 2 0
github.com/platinummonkey/spoke/pkg/docs/handlers.go:208.16,211.3 2 0
github.com/platinummonkey/spoke/pkg/docs/handlers.go:213.2,214.16 2 0
github.com/platinummonkey/spoke/pkg/docs/handlers.go:214.16,217.3 2 0
github.com/platinummonkey/spoke/pkg/docs/handlers.go:220.2,230.37 4 0
github.com/platinummonkey/spoke/pkg/docs/handlers.go:234.90,243.38 6 0
github.com/platinummonkey/spoke/pkg/docs/handlers.go:243.38,245.3 1 0
github.com/platinummonkey/spoke/pkg/docs/handlers.go:247.2,248.38 2 0
github.com/platinummonkey/spoke/pkg/docs/handlers.go:248.38,250.3 1 0
github.com/platinummonkey/spoke/pkg/docs/handlers.go:253.2,253.32 1 0
github.com/platinummonkey/spoke/pkg/docs/handlers.go:253.32,254.46 1 0
github.com/platinummonkey/spoke/pkg/docs/handlers.go:254.46,256.4 1 0
github.com/platinummonkey/spoke/pkg/docs/handlers.go:260.2,260.32 1 0
github.com/platinummonkey/spoke/pkg/docs/handlers.go:260.32,261.46 1 0
github.com/platinummonkey/spoke/pkg/docs/handlers.go:261.46,263.4 1 0
github.com/platinummonkey/spoke/pkg/docs/handlers.go:267.2,267.40 1 0
github.com/platinummonkey/spoke/pkg/docs/handlers.go:267.40,268.50 1 0
github.com/platinummonkey/spoke/pkg/docs/handlers.go:268.50,269.48 1 0
github.com/platinummonkey/spoke/pkg/docs/handlers.go:269.48,271.5 1 0
github.com/platinummonkey/spoke/pkg/docs/handlers.go:275.2,286.38 5 0
github.com/platinummonkey/spoke/pkg/docs/handlers.go:286.38,288.3 1 0
github.com/platinummonkey/spoke/pkg/docs/handlers.go:290.2,291.38 2 0
github.com/platinummonkey/spoke/pkg/docs/handlers.go:291.38,293.3 1 0
github.com/platinummonkey/spoke/pkg/docs/handlers.go:295.2,295.32 1 0
github.com/platinummonkey/spoke/pkg/docs/handlers.go:295.32,296.46 1 0
github.com/platinummonkey/spoke/pkg/docs/handlers.go:296.46,298.4 1 0
github.com/platinummonkey/spoke/pkg/docs/handlers.go:301.2,301.32 1 0
github.com/platinummonkey/spoke/pkg/docs/handlers.go:301.32,302.46 1 0
github.com/platinummonkey/spoke/pkg/docs/handlers.go:302.46,304.4 1 0
github.com/platinummonkey/spoke/pkg/docs/handlers.go:307.2,312.16 2 0
github.com/platinummonkey/spoke/pkg/docs/html.go:16.38,27.2 2 1
github.com/platinummonkey/spoke/pkg/docs/html.go:30.67,32.2 1 1
github.com/platinummonkey/spoke/pkg/docs/html.go:35.94,46.16 4 1
github.com/platinummonkey/spoke/pkg/docs/html.go:46.16,48.3 1 0
github.com/platinummonkey/spoke/pkg/docs/html.go:49.2,49.26 1 1
github.com/platinummonkey/spoke/pkg/docs/html.go:53.35,55.2 1 1
github.com/platinummonkey/spoke/pkg/docs/html.go:58.32,60.2 1 1
github.com/platinummonkey/spoke/pkg/docs/html.go:63.48,64.16 1 0
github.com/platinummonkey/spoke/pkg/docs/html.go:64.16,66.3 1 0
github.com/platinummonkey/spoke/pkg/docs/html.go:69.2,79.29 6 0
github.com/platinummonkey/spoke/pkg/docs/html.go:79.29,80.37 1 0
github.com/platinummonkey/spoke/pkg/docs/html.go:80.37,81.19 1 0
github.com/platinummonkey/spoke/pkg/docs/html.go:81.19,83.5 1 0
github.com/platinummonkey/spoke/pkg/docs/html.go:83.10,85.5 1 0
github.com/platinummonkey/spoke/pkg/docs/html.go:86.4,87.12 2 0
github.com/platinummonkey/spoke/pkg/docs/html.go:90.3,90.18 1 0
github.com/platinummonkey/spoke/pkg/docs/html.go:90.18,92.4 1 0
github.com/platinummonkey/spoke/pkg/docs/html.go:92.9,96.4 2 0
github.com/platinummonkey/spoke/pkg/docs/html.go:99.2,99.50 1 0
github.com/platinummonkey/spoke/pkg/docs/markdown.go:12.46,14.2 1 0
github.com/platinummonkey/spoke/pkg/docs/markdown.go:17.62,24.22 3 0
github.com/platinummonkey/spoke/pkg/docs/markdown.go:24.22,26.3 1 0
github.com/platinummonkey/spoke/pkg/docs/markdown.go:28.2,28.27 1 0
github.com/platinummonkey/spoke/pkg/docs/markdown.go:28.27,30.3 1 0
github.com/platinummonkey/spoke/pkg/docs/markdown.go:33.2,34.27 2 0
github.com/platinummonkey/spoke/pkg/docs/markdown.go:34.27,36.3 1 0
github.com/platinummonkey/spoke/pkg/docs/markdown.go:37.2,37.27 1 0
github.com/platinummonkey/spoke/pkg/docs/markdown.go:37.27,39.3 1 0
github.com/platinummonkey/spoke/pkg/docs/markdown.go:40.2,40.24 1 0
github.com/platinummonkey/spoke/pkg/docs/markdown.go:40.24,42.3 1 0
github.com/platinummonkey/spoke/pkg/docs/markdown.go:43.2,46.27 2 0
github.com/platinummonkey/spoke/pkg/docs/markdown.go:46.27,48.36 2 0
github.com/platinummonkey/spoke/pkg/docs/markdown.go:48.36,50.4 1 0
github.com/platinummonkey/spoke/pkg/docs/markdown.go:54.2,54.27 1 0
github.com/platinummonkey/spoke/pkg/docs/markdown.go:54.27,56.36 2 0
github.com/platinummonkey/spoke/pkg/docs/markdown.go:56.36,58.4 1 0
github.com/platinummonkey/spoke/pkg/docs/markdown.go:62.2,62.24 1 0
github.com/platinummonkey/spoke/pkg/docs/markdown.go:62.24,64.34 2 0
github.com/platinummonkey/spoke/pkg/docs/markdown.go:64.34,66.4 1 0
github.com/platinummonkey/spoke/pkg/docs/markdown.go:69.2,69.19 1 0
github.com/platinummonkey/spoke/pkg/docs/markdown.go:73.78,76.27 2 0
github.com/platinummonkey/spoke/pkg/docs/markdown.go:76.27,78.3 1 0
github.com/platinummonkey/spoke/pkg/docs/markdown.go:80.2,80.20 1 0
github.com/platinummonkey/spoke/pkg/docs/markdown.go:80.20,82.3 1 0
github.com/platinummonkey/spoke/pkg/docs/markdown.go:85.2,85.26 1 0
github.com/platinummonkey/spoke/pkg/docs/markdown.go:85.26,87.38 2 0
github.com/platinummonkey/spoke/pkg/docs/markdown.go:87.38,89.4 1 0
github.com/platinummonkey/spoke/pkg/docs/markdown.go:94.79,97.54 2 0
github.com/platinummonkey/spoke/pkg/docs/markdown.go:97.54,99.3 1 0
github.com/platinummonkey/spoke/pkg/docs/markdown.go:99.8,99.35 1 0
github.com/platinummonkey/spoke/pkg/docs/markdown.go:99.35,101.3 1 0
github.com/platinummonkey/spoke/pkg/docs/markdown.go:101.8,101.35 1 0
github.com/platinummonkey/spoke/pkg/docs/markdown.go:101.35,103.3 1 0
github.com/platinummonkey/spoke/pkg/docs/markdown.go:105.2,107.30 2 0
github.com/platinummonkey/spoke/pkg/docs/markdown.go:107.30,109.3 1 0
github.com/platinummonkey/spoke/pkg/docs/markdown.go:111.2,111.23 1 0
github.com/platinummonkey/spoke/pkg/docs/markdown.go:111.23,113.3 1 0
github.com/platinummonkey/spoke/pkg/docs/markdown.go:116.2,121.54 4 0
github.com/platinummonkey/spoke/pkg/docs/markdown.go:121.54,123.3 1 0
github.com/platinummonkey/spoke/pkg/docs/markdown.go:127.89,132.27 3 0
github.com/platinummonkey/spoke/pkg/docs/markdown.go:132.27,134.3 1 0
github.com/platinummonkey/spoke/pkg/docs/markdown.go:136.2,136.20 1 0
github.com/platinummonkey/spoke/pkg/docs/markdown.go:136.20,138.3 1 0
github.com/platinummonkey/spoke/pkg/docs/markdown.go:141.2,141.25 1 0
github.com/platinummonkey/spoke/pkg/docs/markdown.go:141.25,145.36 3 0
github.com/platinummonkey/spoke/pkg/docs/markdown.go:145.36,147.24 2 0
github.com/platinummonkey/spoke/pkg/docs/markdown.go:147.24,149.5 1 0
github.com/platinummonkey/spoke/pkg/docs/markdown.go:150.4,150.29 1 0
github.com/platinummonkey/spoke/pkg/docs/markdown.go:150.29,152.5 1 0
github.com/platinummonkey/spoke/pkg/docs/markdown.go:154.4,155.19 2 0
github.com/platinummonkey/spoke/pkg/docs/markdown.go:155.19,157.5 1 0
github.com/platinummonkey/spoke/pkg/docs/markdown.go:159.4,160.42 1 0
github.com/platinummonkey/spoke/pkg/docs/markdown.go:162.3,162.22 1 0
github.com/platinummonkey/spoke/pkg/docs/markdown.go:166.2,166.33 1 0
github.com/platinummonkey/spoke/pkg/docs/markdown.go:166.33,168.3 1 0
github.com/platinummonkey/spoke/pkg/docs/markdown.go:171.2,171.41 1 0
github.com/platinummonkey/spoke/pkg/docs/markdown.go:171.41,173.3 1 0
github.com/platinummonkey/spoke/pkg/docs/markdown.go:177.73,180.28 2 0
github.com/platinummonkey/spoke/pkg/docs/markdown.go:180.28,182.3 1 0
github.com/platinummonkey/spoke/pkg/docs/markdown.go:184.2,184.21 1 0
github.com/platinummonkey/spoke/pkg/docs/markdown.go:184.21,186.3 1 0
github.com/platinummonkey/spoke/pkg/docs/markdown.go:189.2,189.26 1 0
github.com/platinummonkey/spoke/pkg/docs/markdown.go:189.26,193.37 3 0
github.com/platinummonkey/spoke/pkg/docs/markdown.go:193.37,195.24 2 0
github.com/platinummonkey/spoke/pkg/docs/markdown.go:195.24,197.5 1 0
github.com/platinummonkey/spoke/pkg/docs/markdown.go:199.4,200.37 1 0
github.com/platinummonkey/spoke/pkg/docs/markdown.go:202.3,202.22 1 0
github.com/platinummonkey/spoke/pkg/docs/markdown.go:207.89,217.20 5 0
github.com/platinummonkey/spoke/pkg/docs/markdown.go:217.20,219.3 1 0
github.com/platinummonkey/spoke/pkg/docs/markdown.go:221.2,221.19 1 0
github.com/platinummonkey/spoke/pkg/docs/test_debug.go:11.37,13.74 1 0
github.com/platinummonkey/spoke/pkg/docs/test_debug.go:13.74,16.4 2 0
github.com/platinummonkey/spoke/pkg/docs/test_debug.go:19.2,24.87 4 0
github.com/platinummonkey/spoke/pkg/docs/test_debug.go:24.87,29.3 4 0
github.com/platinummonkey/spoke/pkg/docs/test_debug.go:31.2,37.43 5 0
