mode: set
github.com/platinummonkey/spoke/pkg/plugins/basic_language_plugin.go:22.88,27.2 1 1
github.com/platinummonkey/spoke/pkg/plugins/basic_language_plugin.go:30.52,32.2 1 1
github.com/platinummonkey/spoke/pkg/plugins/basic_language_plugin.go:35.44,37.45 1 1
github.com/platinummonkey/spoke/pkg/plugins/basic_language_plugin.go:37.45,39.3 1 1
github.com/platinummonkey/spoke/pkg/plugins/basic_language_plugin.go:41.2,41.12 1 1
github.com/platinummonkey/spoke/pkg/plugins/basic_language_plugin.go:45.46,48.2 1 1
github.com/platinummonkey/spoke/pkg/plugins/basic_language_plugin.go:51.63,53.2 1 1
github.com/platinummonkey/spoke/pkg/plugins/basic_language_plugin.go:56.110,57.27 1 1
github.com/platinummonkey/spoke/pkg/plugins/basic_language_plugin.go:57.27,59.3 1 1
github.com/platinummonkey/spoke/pkg/plugins/basic_language_plugin.go:61.2,64.39 2 1
github.com/platinummonkey/spoke/pkg/plugins/basic_language_plugin.go:64.39,66.3 1 1
github.com/platinummonkey/spoke/pkg/plugins/basic_language_plugin.go:69.2,69.26 1 1
github.com/platinummonkey/spoke/pkg/plugins/basic_language_plugin.go:69.26,71.23 2 1
github.com/platinummonkey/spoke/pkg/plugins/basic_language_plugin.go:71.23,73.4 1 1
github.com/platinummonkey/spoke/pkg/plugins/basic_language_plugin.go:74.3,74.90 1 1
github.com/platinummonkey/spoke/pkg/plugins/basic_language_plugin.go:78.2,82.26 3 1
github.com/platinummonkey/spoke/pkg/plugins/basic_language_plugin.go:82.26,84.39 2 1
github.com/platinummonkey/spoke/pkg/plugins/basic_language_plugin.go:84.39,85.19 1 1
github.com/platinummonkey/spoke/pkg/plugins/basic_language_plugin.go:85.19,87.5 1 1
github.com/platinummonkey/spoke/pkg/plugins/basic_language_plugin.go:87.10,89.5 1 1
github.com/platinummonkey/spoke/pkg/plugins/basic_language_plugin.go:91.3,91.20 1 1
github.com/platinummonkey/spoke/pkg/plugins/basic_language_plugin.go:91.20,94.4 2 1
github.com/platinummonkey/spoke/pkg/plugins/basic_language_plugin.go:98.2,100.17 2 1
github.com/platinummonkey/spoke/pkg/plugins/basic_language_plugin.go:104.89,105.27 1 1
github.com/platinummonkey/spoke/pkg/plugins/basic_language_plugin.go:105.27,107.3 1 1
github.com/platinummonkey/spoke/pkg/plugins/basic_language_plugin.go:109.2,109.21 1 1
github.com/platinummonkey/spoke/pkg/plugins/basic_language_plugin.go:109.21,111.3 1 1
github.com/platinummonkey/spoke/pkg/plugins/basic_language_plugin.go:114.2,114.29 1 1
github.com/platinummonkey/spoke/pkg/plugins/basic_language_plugin.go:114.29,116.53 2 1
github.com/platinummonkey/spoke/pkg/plugins/basic_language_plugin.go:116.53,117.36 1 1
github.com/platinummonkey/spoke/pkg/plugins/basic_language_plugin.go:117.36,119.10 2 1
github.com/platinummonkey/spoke/pkg/plugins/basic_language_plugin.go:123.3,123.19 1 1
github.com/platinummonkey/spoke/pkg/plugins/basic_language_plugin.go:123.19,126.4 1 1
github.com/platinummonkey/spoke/pkg/plugins/basic_language_plugin.go:129.2,129.12 1 1
github.com/platinummonkey/spoke/pkg/plugins/basic_language_plugin.go:133.56,136.45 2 1
github.com/platinummonkey/spoke/pkg/plugins/basic_language_plugin.go:136.45,138.17 2 1
github.com/platinummonkey/spoke/pkg/plugins/basic_language_plugin.go:138.17,140.4 1 1
github.com/platinummonkey/spoke/pkg/plugins/basic_language_plugin.go:142.3,143.53 2 1
github.com/platinummonkey/spoke/pkg/plugins/basic_language_plugin.go:143.53,145.4 1 1
github.com/platinummonkey/spoke/pkg/plugins/basic_language_plugin.go:147.3,148.13 2 1
github.com/platinummonkey/spoke/pkg/plugins/basic_language_plugin.go:152.2,152.62 1 1
github.com/platinummonkey/spoke/pkg/plugins/basic_language_plugin.go:152.62,154.65 2 1
github.com/platinummonkey/spoke/pkg/plugins/basic_language_plugin.go:154.65,156.4 1 1
github.com/platinummonkey/spoke/pkg/plugins/basic_language_plugin.go:158.3,159.13 2 1
github.com/platinummonkey/spoke/pkg/plugins/basic_language_plugin.go:163.2,172.12 2 1
github.com/platinummonkey/spoke/pkg/plugins/loader.go:31.59,32.16 1 1
github.com/platinummonkey/spoke/pkg/plugins/loader.go:32.16,34.3 1 1
github.com/platinummonkey/spoke/pkg/plugins/loader.go:36.2,41.3 1 1
github.com/platinummonkey/spoke/pkg/plugins/loader.go:45.64,49.2 3 1
github.com/platinummonkey/spoke/pkg/plugins/loader.go:52.73,55.35 2 1
github.com/platinummonkey/spoke/pkg/plugins/loader.go:55.35,56.49 1 1
github.com/platinummonkey/spoke/pkg/plugins/loader.go:56.49,58.12 2 1
github.com/platinummonkey/spoke/pkg/plugins/loader.go:61.3,62.17 2 1
github.com/platinummonkey/spoke/pkg/plugins/loader.go:62.17,64.12 2 0
github.com/platinummonkey/spoke/pkg/plugins/loader.go:67.3,67.33 1 1
github.com/platinummonkey/spoke/pkg/plugins/loader.go:67.33,68.22 1 1
github.com/platinummonkey/spoke/pkg/plugins/loader.go:68.22,69.13 1 1
github.com/platinummonkey/spoke/pkg/plugins/loader.go:72.4,74.18 3 1
github.com/platinummonkey/spoke/pkg/plugins/loader.go:74.18,76.13 2 1
github.com/platinummonkey/spoke/pkg/plugins/loader.go:79.4,79.37 1 1
github.com/platinummonkey/spoke/pkg/plugins/loader.go:83.2,83.21 1 1
github.com/platinummonkey/spoke/pkg/plugins/loader.go:87.79,89.2 1 1
github.com/platinummonkey/spoke/pkg/plugins/loader.go:92.69,97.13 4 1
github.com/platinummonkey/spoke/pkg/plugins/loader.go:97.13,99.3 1 1
github.com/platinummonkey/spoke/pkg/plugins/loader.go:101.2,101.40 1 1
github.com/platinummonkey/spoke/pkg/plugins/loader.go:101.40,103.3 1 0
github.com/platinummonkey/spoke/pkg/plugins/loader.go:105.2,106.12 2 1
github.com/platinummonkey/spoke/pkg/plugins/loader.go:110.60,116.2 4 1
github.com/platinummonkey/spoke/pkg/plugins/loader.go:119.47,124.41 4 1
github.com/platinummonkey/spoke/pkg/plugins/loader.go:124.41,126.3 1 1
github.com/platinummonkey/spoke/pkg/plugins/loader.go:128.2,128.16 1 1
github.com/platinummonkey/spoke/pkg/plugins/loader.go:132.91,135.16 2 1
github.com/platinummonkey/spoke/pkg/plugins/loader.go:135.16,137.3 1 1
github.com/platinummonkey/spoke/pkg/plugins/loader.go:140.2,140.79 1 1
github.com/platinummonkey/spoke/pkg/plugins/loader.go:140.79,142.3 1 1
github.com/platinummonkey/spoke/pkg/plugins/loader.go:145.2,145.72 1 1
github.com/platinummonkey/spoke/pkg/plugins/loader.go:145.72,148.3 1 1
github.com/platinummonkey/spoke/pkg/plugins/loader.go:151.2,153.23 2 1
github.com/platinummonkey/spoke/pkg/plugins/loader.go:154.26,155.63 1 1
github.com/platinummonkey/spoke/pkg/plugins/loader.go:156.27,157.64 1 1
github.com/platinummonkey/spoke/pkg/plugins/loader.go:158.24,159.61 1 1
github.com/platinummonkey/spoke/pkg/plugins/loader.go:160.10,161.71 1 0
github.com/platinummonkey/spoke/pkg/plugins/loader.go:164.2,164.16 1 1
github.com/platinummonkey/spoke/pkg/plugins/loader.go:164.16,166.3 1 1
github.com/platinummonkey/spoke/pkg/plugins/loader.go:169.2,169.38 1 1
github.com/platinummonkey/spoke/pkg/plugins/loader.go:169.38,171.3 1 1
github.com/platinummonkey/spoke/pkg/plugins/loader.go:174.2,180.20 5 1
github.com/platinummonkey/spoke/pkg/plugins/loader.go:184.112,186.27 1 1
github.com/platinummonkey/spoke/pkg/plugins/loader.go:186.27,188.3 1 1
github.com/platinummonkey/spoke/pkg/plugins/loader.go:191.2,191.57 1 1
github.com/platinummonkey/spoke/pkg/plugins/loader.go:195.89,197.16 2 1
github.com/platinummonkey/spoke/pkg/plugins/loader.go:197.16,199.3 1 1
github.com/platinummonkey/spoke/pkg/plugins/loader.go:201.2,201.24 1 1
github.com/platinummonkey/spoke/pkg/plugins/loader.go:205.43,208.2 2 1
github.com/platinummonkey/spoke/pkg/plugins/loader.go:211.71,216.20 4 1
github.com/platinummonkey/spoke/pkg/plugins/loader.go:216.20,218.3 1 1
github.com/platinummonkey/spoke/pkg/plugins/loader.go:220.2,220.26 1 1
github.com/platinummonkey/spoke/pkg/plugins/loader.go:224.113,227.2 1 1
github.com/platinummonkey/spoke/pkg/plugins/loader.go:230.110,233.2 1 1
github.com/platinummonkey/spoke/pkg/plugins/loader.go:236.45,238.16 2 1
github.com/platinummonkey/spoke/pkg/plugins/loader.go:238.16,240.3 1 0
github.com/platinummonkey/spoke/pkg/plugins/loader.go:242.2,246.3 1 1
github.com/platinummonkey/spoke/pkg/plugins/manifest.go:15.51,17.16 2 1
github.com/platinummonkey/spoke/pkg/plugins/manifest.go:17.16,19.3 1 1
github.com/platinummonkey/spoke/pkg/plugins/manifest.go:21.2,22.56 2 1
github.com/platinummonkey/spoke/pkg/plugins/manifest.go:22.56,24.3 1 1
github.com/platinummonkey/spoke/pkg/plugins/manifest.go:26.2,26.23 1 1
github.com/platinummonkey/spoke/pkg/plugins/manifest.go:30.57,33.2 2 1
github.com/platinummonkey/spoke/pkg/plugins/manifest.go:36.58,38.16 2 1
github.com/platinummonkey/spoke/pkg/plugins/manifest.go:38.16,40.3 1 0
github.com/platinummonkey/spoke/pkg/plugins/manifest.go:42.2,42.55 1 1
github.com/platinummonkey/spoke/pkg/plugins/manifest.go:42.55,44.3 1 1
github.com/platinummonkey/spoke/pkg/plugins/manifest.go:46.2,46.12 1 1
github.com/platinummonkey/spoke/pkg/plugins/manifest.go:50.61,54.23 2 1
github.com/platinummonkey/spoke/pkg/plugins/manifest.go:54.23,59.3 1 1
github.com/platinummonkey/spoke/pkg/plugins/manifest.go:61.2,61.25 1 1
github.com/platinummonkey/spoke/pkg/plugins/manifest.go:61.25,66.3 1 1
github.com/platinummonkey/spoke/pkg/plugins/manifest.go:68.2,68.28 1 1
github.com/platinummonkey/spoke/pkg/plugins/manifest.go:68.28,73.3 1 1
github.com/platinummonkey/spoke/pkg/plugins/manifest.go:75.2,75.31 1 1
github.com/platinummonkey/spoke/pkg/plugins/manifest.go:75.31,80.3 1 1
github.com/platinummonkey/spoke/pkg/plugins/manifest.go:82.2,82.25 1 1
github.com/platinummonkey/spoke/pkg/plugins/manifest.go:82.25,87.3 1 1
github.com/platinummonkey/spoke/pkg/plugins/manifest.go:90.2,90.64 1 1
github.com/platinummonkey/spoke/pkg/plugins/manifest.go:90.64,95.3 1 1
github.com/platinummonkey/spoke/pkg/plugins/manifest.go:97.2,97.70 1 1
github.com/platinummonkey/spoke/pkg/plugins/manifest.go:97.70,102.3 1 1
github.com/platinummonkey/spoke/pkg/plugins/manifest.go:105.2,113.32 2 1
github.com/platinummonkey/spoke/pkg/plugins/manifest.go:113.32,118.3 1 1
github.com/platinummonkey/spoke/pkg/plugins/manifest.go:121.2,127.82 2 1
github.com/platinummonkey/spoke/pkg/plugins/manifest.go:127.82,132.3 1 1
github.com/platinummonkey/spoke/pkg/plugins/manifest.go:135.2,144.44 2 1
github.com/platinummonkey/spoke/pkg/plugins/manifest.go:144.44,145.32 1 1
github.com/platinummonkey/spoke/pkg/plugins/manifest.go:145.32,150.4 1 1
github.com/platinummonkey/spoke/pkg/plugins/manifest.go:153.2,153.15 1 1
github.com/platinummonkey/spoke/pkg/plugins/manifest.go:157.41,159.2 1 1
github.com/platinummonkey/spoke/pkg/plugins/manifest.go:162.74,169.2 3 1
github.com/platinummonkey/spoke/pkg/plugins/manifest.go:171.49,173.22 2 1
github.com/platinummonkey/spoke/pkg/plugins/manifest.go:173.22,175.3 1 1
github.com/platinummonkey/spoke/pkg/plugins/manifest.go:176.2,176.12 1 1
github.com/platinummonkey/spoke/pkg/plugins/registry.go:15.30,19.2 1 1
github.com/platinummonkey/spoke/pkg/plugins/registry.go:22.50,23.19 1 1
github.com/platinummonkey/spoke/pkg/plugins/registry.go:23.19,25.3 1 1
github.com/platinummonkey/spoke/pkg/plugins/registry.go:27.2,28.21 2 1
github.com/platinummonkey/spoke/pkg/plugins/registry.go:28.21,30.3 1 1
github.com/platinummonkey/spoke/pkg/plugins/registry.go:32.2,35.49 3 1
github.com/platinummonkey/spoke/pkg/plugins/registry.go:35.49,37.3 1 1
github.com/platinummonkey/spoke/pkg/plugins/registry.go:39.2,40.12 2 1
github.com/platinummonkey/spoke/pkg/plugins/registry.go:44.48,48.41 3 1
github.com/platinummonkey/spoke/pkg/plugins/registry.go:48.41,50.3 1 1
github.com/platinummonkey/spoke/pkg/plugins/registry.go:52.2,53.12 2 1
github.com/platinummonkey/spoke/pkg/plugins/registry.go:57.51,62.13 4 1
github.com/platinummonkey/spoke/pkg/plugins/registry.go:62.13,64.3 1 1
github.com/platinummonkey/spoke/pkg/plugins/registry.go:66.2,66.20 1 1
github.com/platinummonkey/spoke/pkg/plugins/registry.go:70.40,76.2 4 1
github.com/platinummonkey/spoke/pkg/plugins/registry.go:79.36,84.35 4 1
github.com/platinummonkey/spoke/pkg/plugins/registry.go:84.35,86.3 1 1
github.com/platinummonkey/spoke/pkg/plugins/registry.go:88.2,88.16 1 1
github.com/platinummonkey/spoke/pkg/plugins/registry.go:92.54,97.35 4 1
github.com/platinummonkey/spoke/pkg/plugins/registry.go:97.35,98.34 1 1
github.com/platinummonkey/spoke/pkg/plugins/registry.go:98.34,100.4 1 1
github.com/platinummonkey/spoke/pkg/plugins/registry.go:103.2,103.16 1 1
github.com/platinummonkey/spoke/pkg/plugins/registry.go:107.32,112.2 3 1
github.com/platinummonkey/spoke/pkg/plugins/registry.go:115.28,120.2 3 1
github.com/platinummonkey/spoke/pkg/plugins/registry.go:123.58,128.35 4 1
github.com/platinummonkey/spoke/pkg/plugins/registry.go:128.35,129.52 1 1
github.com/platinummonkey/spoke/pkg/plugins/registry.go:129.52,131.4 1 1
github.com/platinummonkey/spoke/pkg/plugins/registry.go:134.2,134.16 1 1
github.com/platinummonkey/spoke/pkg/plugins/registry.go:138.60,143.35 4 1
github.com/platinummonkey/spoke/pkg/plugins/registry.go:143.35,144.52 1 1
github.com/platinummonkey/spoke/pkg/plugins/registry.go:144.52,146.4 1 1
github.com/platinummonkey/spoke/pkg/plugins/registry.go:149.2,149.16 1 1
github.com/platinummonkey/spoke/pkg/plugins/registry.go:153.54,158.35 4 1
github.com/platinummonkey/spoke/pkg/plugins/registry.go:158.35,159.49 1 1
github.com/platinummonkey/spoke/pkg/plugins/registry.go:159.49,161.4 1 1
github.com/platinummonkey/spoke/pkg/plugins/registry.go:164.2,164.16 1 1
github.com/platinummonkey/spoke/pkg/plugins/validator.go:27.53,57.2 3 1
github.com/platinummonkey/spoke/pkg/plugins/validator.go:60.76,64.23 2 1
github.com/platinummonkey/spoke/pkg/plugins/validator.go:64.23,70.3 1 1
github.com/platinummonkey/spoke/pkg/plugins/validator.go:70.8,70.42 1 1
github.com/platinummonkey/spoke/pkg/plugins/validator.go:70.42,76.3 1 1
github.com/platinummonkey/spoke/pkg/plugins/validator.go:78.2,78.25 1 1
github.com/platinummonkey/spoke/pkg/plugins/validator.go:78.25,84.3 1 1
github.com/platinummonkey/spoke/pkg/plugins/validator.go:86.2,86.28 1 1
github.com/platinummonkey/spoke/pkg/plugins/validator.go:86.28,92.3 1 1
github.com/platinummonkey/spoke/pkg/plugins/validator.go:92.8,92.45 1 1
github.com/platinummonkey/spoke/pkg/plugins/validator.go:92.45,98.3 1 1
github.com/platinummonkey/spoke/pkg/plugins/validator.go:100.2,100.31 1 1
github.com/platinummonkey/spoke/pkg/plugins/validator.go:100.31,106.3 1 1
github.com/platinummonkey/spoke/pkg/plugins/validator.go:108.2,108.27 1 1
github.com/platinummonkey/spoke/pkg/plugins/validator.go:108.27,114.3 1 1
github.com/platinummonkey/spoke/pkg/plugins/validator.go:116.2,116.28 1 1
github.com/platinummonkey/spoke/pkg/plugins/validator.go:116.28,122.3 1 1
github.com/platinummonkey/spoke/pkg/plugins/validator.go:125.2,132.32 2 1
github.com/platinummonkey/spoke/pkg/plugins/validator.go:132.32,138.3 1 1
github.com/platinummonkey/spoke/pkg/plugins/validator.go:141.2,146.50 2 1
github.com/platinummonkey/spoke/pkg/plugins/validator.go:146.50,152.3 1 1
github.com/platinummonkey/spoke/pkg/plugins/validator.go:155.2,155.44 1 1
github.com/platinummonkey/spoke/pkg/plugins/validator.go:155.44,156.35 1 1
github.com/platinummonkey/spoke/pkg/plugins/validator.go:156.35,162.4 1 1
github.com/platinummonkey/spoke/pkg/plugins/validator.go:166.2,166.67 1 1
github.com/platinummonkey/spoke/pkg/plugins/validator.go:166.67,172.3 1 1
github.com/platinummonkey/spoke/pkg/plugins/validator.go:174.2,174.63 1 1
github.com/platinummonkey/spoke/pkg/plugins/validator.go:174.63,180.3 1 1
github.com/platinummonkey/spoke/pkg/plugins/validator.go:182.2,182.15 1 1
github.com/platinummonkey/spoke/pkg/plugins/validator.go:186.108,194.16 5 1
github.com/platinummonkey/spoke/pkg/plugins/validator.go:194.16,196.3 1 0
github.com/platinummonkey/spoke/pkg/plugins/validator.go:196.8,198.3 1 1
github.com/platinummonkey/spoke/pkg/plugins/validator.go:201.2,201.23 1 1
github.com/platinummonkey/spoke/pkg/plugins/validator.go:201.23,203.17 2 0
github.com/platinummonkey/spoke/pkg/plugins/validator.go:203.17,205.4 1 0
github.com/platinummonkey/spoke/pkg/plugins/validator.go:205.9,207.4 1 0
github.com/platinummonkey/spoke/pkg/plugins/validator.go:208.8,215.3 2 1
github.com/platinummonkey/spoke/pkg/plugins/validator.go:218.2,219.16 2 1
github.com/platinummonkey/spoke/pkg/plugins/validator.go:219.16,221.3 1 0
github.com/platinummonkey/spoke/pkg/plugins/validator.go:221.8,223.3 1 1
github.com/platinummonkey/spoke/pkg/plugins/validator.go:226.2,227.16 2 1
github.com/platinummonkey/spoke/pkg/plugins/validator.go:227.16,229.3 1 0
github.com/platinummonkey/spoke/pkg/plugins/validator.go:229.8,231.3 1 1
github.com/platinummonkey/spoke/pkg/plugins/validator.go:233.2,234.23 2 1
github.com/platinummonkey/spoke/pkg/plugins/validator.go:238.87,242.88 3 1
github.com/platinummonkey/spoke/pkg/plugins/validator.go:242.88,243.17 1 1
github.com/platinummonkey/spoke/pkg/plugins/validator.go:243.17,245.4 1 1
github.com/platinummonkey/spoke/pkg/plugins/validator.go:247.3,247.50 1 1
github.com/platinummonkey/spoke/pkg/plugins/validator.go:247.50,249.4 1 1
github.com/platinummonkey/spoke/pkg/plugins/validator.go:251.3,252.17 2 1
github.com/platinummonkey/spoke/pkg/plugins/validator.go:252.17,254.4 1 0
github.com/platinummonkey/spoke/pkg/plugins/validator.go:256.3,256.54 1 1
github.com/platinummonkey/spoke/pkg/plugins/validator.go:256.54,263.37 2 1
github.com/platinummonkey/spoke/pkg/plugins/validator.go:263.37,265.16 2 1
github.com/platinummonkey/spoke/pkg/plugins/validator.go:265.16,268.6 2 1
github.com/platinummonkey/spoke/pkg/plugins/validator.go:272.3,272.13 1 1
github.com/platinummonkey/spoke/pkg/plugins/validator.go:275.2,275.16 1 1
github.com/platinummonkey/spoke/pkg/plugins/validator.go:275.16,277.3 1 1
github.com/platinummonkey/spoke/pkg/plugins/validator.go:280.2,280.39 1 1
github.com/platinummonkey/spoke/pkg/plugins/validator.go:280.39,285.42 3 1
github.com/platinummonkey/spoke/pkg/plugins/validator.go:285.42,288.4 2 1
github.com/platinummonkey/spoke/pkg/plugins/validator.go:288.9,288.30 1 1
github.com/platinummonkey/spoke/pkg/plugins/validator.go:288.30,291.4 2 1
github.com/platinummonkey/spoke/pkg/plugins/validator.go:291.9,291.57 1 1
github.com/platinummonkey/spoke/pkg/plugins/validator.go:291.57,294.4 2 1
github.com/platinummonkey/spoke/pkg/plugins/validator.go:296.3,302.5 1 1
github.com/platinummonkey/spoke/pkg/plugins/validator.go:305.2,305.20 1 1
github.com/platinummonkey/spoke/pkg/plugins/validator.go:309.95,310.23 1 1
github.com/platinummonkey/spoke/pkg/plugins/validator.go:310.23,312.3 1 1
github.com/platinummonkey/spoke/pkg/plugins/validator.go:315.2,316.16 2 1
github.com/platinummonkey/spoke/pkg/plugins/validator.go:316.16,318.3 1 0
github.com/platinummonkey/spoke/pkg/plugins/validator.go:319.2,333.34 6 1
github.com/platinummonkey/spoke/pkg/plugins/validator.go:333.34,335.47 1 1
github.com/platinummonkey/spoke/pkg/plugins/validator.go:335.47,337.31 1 0
github.com/platinummonkey/spoke/pkg/plugins/validator.go:337.31,339.5 1 0
github.com/platinummonkey/spoke/pkg/plugins/validator.go:344.2,345.16 2 1
github.com/platinummonkey/spoke/pkg/plugins/validator.go:345.16,347.3 1 0
github.com/platinummonkey/spoke/pkg/plugins/validator.go:349.2,364.62 2 1
github.com/platinummonkey/spoke/pkg/plugins/validator.go:364.62,366.3 1 1
github.com/platinummonkey/spoke/pkg/plugins/validator.go:369.2,370.48 2 0
github.com/platinummonkey/spoke/pkg/plugins/validator.go:370.48,373.60 2 0
github.com/platinummonkey/spoke/pkg/plugins/validator.go:373.60,375.4 1 0
github.com/platinummonkey/spoke/pkg/plugins/validator.go:377.3,386.5 2 0
github.com/platinummonkey/spoke/pkg/plugins/validator.go:389.2,389.20 1 0
github.com/platinummonkey/spoke/pkg/plugins/validator.go:393.87,408.88 3 1
github.com/platinummonkey/spoke/pkg/plugins/validator.go:408.88,409.17 1 1
github.com/platinummonkey/spoke/pkg/plugins/validator.go:409.17,411.4 1 1
github.com/platinummonkey/spoke/pkg/plugins/validator.go:413.3,413.50 1 1
github.com/platinummonkey/spoke/pkg/plugins/validator.go:413.50,415.4 1 1
github.com/platinummonkey/spoke/pkg/plugins/validator.go:417.3,418.17 2 1
github.com/platinummonkey/spoke/pkg/plugins/validator.go:418.17,420.4 1 0
github.com/platinummonkey/spoke/pkg/plugins/validator.go:422.3,422.41 1 1
github.com/platinummonkey/spoke/pkg/plugins/validator.go:422.41,424.24 2 1
github.com/platinummonkey/spoke/pkg/plugins/validator.go:424.24,434.5 2 1
github.com/platinummonkey/spoke/pkg/plugins/validator.go:437.3,437.13 1 1
github.com/platinummonkey/spoke/pkg/plugins/validator.go:440.2,440.20 1 1
github.com/platinummonkey/spoke/pkg/plugins/validator.go:444.95,473.88 3 1
github.com/platinummonkey/spoke/pkg/plugins/validator.go:473.88,474.17 1 1
github.com/platinummonkey/spoke/pkg/plugins/validator.go:474.17,476.4 1 1
github.com/platinummonkey/spoke/pkg/plugins/validator.go:478.3,478.50 1 1
github.com/platinummonkey/spoke/pkg/plugins/validator.go:478.50,480.4 1 1
github.com/platinummonkey/spoke/pkg/plugins/validator.go:482.3,483.17 2 1
github.com/platinummonkey/spoke/pkg/plugins/validator.go:483.17,485.4 1 0
github.com/platinummonkey/spoke/pkg/plugins/validator.go:487.3,487.46 1 1
github.com/platinummonkey/spoke/pkg/plugins/validator.go:487.46,488.38 1 1
github.com/platinummonkey/spoke/pkg/plugins/validator.go:488.38,497.5 2 1
github.com/platinummonkey/spoke/pkg/plugins/validator.go:500.3,500.13 1 1
github.com/platinummonkey/spoke/pkg/plugins/validator.go:503.2,503.20 1 1
github.com/platinummonkey/spoke/pkg/plugins/validator.go:507.65,509.2 1 1
github.com/platinummonkey/spoke/pkg/plugins/validator.go:513.38,518.2 2 1
github.com/platinummonkey/spoke/pkg/plugins/validator.go:520.34,530.2 2 1
github.com/platinummonkey/spoke/pkg/plugins/validator.go:532.42,536.2 3 1
github.com/platinummonkey/spoke/pkg/plugins/validator.go:538.29,541.16 2 1
github.com/platinummonkey/spoke/pkg/plugins/validator.go:541.16,543.3 1 0
github.com/platinummonkey/spoke/pkg/plugins/validator.go:546.2,553.32 2 1
github.com/platinummonkey/spoke/pkg/plugins/validator.go:553.32,554.39 1 1
github.com/platinummonkey/spoke/pkg/plugins/validator.go:554.39,556.4 1 0
github.com/platinummonkey/spoke/pkg/plugins/validator.go:559.2,559.11 1 1
github.com/platinummonkey/spoke/pkg/plugins/verification.go:25.63,35.2 3 0
github.com/platinummonkey/spoke/pkg/plugins/verification.go:64.104,73.16 4 0
github.com/platinummonkey/spoke/pkg/plugins/verification.go:73.16,75.3 1 0
github.com/platinummonkey/spoke/pkg/plugins/verification.go:77.2,78.16 2 0
github.com/platinummonkey/spoke/pkg/plugins/verification.go:78.16,80.3 1 0
github.com/platinummonkey/spoke/pkg/plugins/verification.go:83.2,86.28 3 0
github.com/platinummonkey/spoke/pkg/plugins/verification.go:90.128,95.87 3 0
github.com/platinummonkey/spoke/pkg/plugins/verification.go:95.87,97.3 1 0
github.com/platinummonkey/spoke/pkg/plugins/verification.go:100.2,104.16 3 0
github.com/platinummonkey/spoke/pkg/plugins/verification.go:104.16,106.3 1 0
github.com/platinummonkey/spoke/pkg/plugins/verification.go:108.2,118.20 3 0
github.com/platinummonkey/spoke/pkg/plugins/verification.go:118.20,120.3 1 0
github.com/platinummonkey/spoke/pkg/plugins/verification.go:121.2,121.16 1 0
github.com/platinummonkey/spoke/pkg/plugins/verification.go:121.16,126.3 4 0
github.com/platinummonkey/spoke/pkg/plugins/verification.go:129.2,134.16 4 0
github.com/platinummonkey/spoke/pkg/plugins/verification.go:134.16,140.3 5 0
github.com/platinummonkey/spoke/pkg/plugins/verification.go:143.2,147.37 3 0
github.com/platinummonkey/spoke/pkg/plugins/verification.go:147.37,149.3 1 0
github.com/platinummonkey/spoke/pkg/plugins/verification.go:152.2,153.16 2 0
github.com/platinummonkey/spoke/pkg/plugins/verification.go:153.16,156.3 1 0
github.com/platinummonkey/spoke/pkg/plugins/verification.go:157.2,160.39 2 0
github.com/platinummonkey/spoke/pkg/plugins/verification.go:160.39,162.3 1 0
github.com/platinummonkey/spoke/pkg/plugins/verification.go:165.2,167.39 3 0
github.com/platinummonkey/spoke/pkg/plugins/verification.go:167.39,168.25 1 0
github.com/platinummonkey/spoke/pkg/plugins/verification.go:169.19,170.20 1 0
github.com/platinummonkey/spoke/pkg/plugins/verification.go:171.15,172.16 1 0
github.com/platinummonkey/spoke/pkg/plugins/verification.go:176.2,177.37 2 0
github.com/platinummonkey/spoke/pkg/plugins/verification.go:177.37,178.30 1 0
github.com/platinummonkey/spoke/pkg/plugins/verification.go:178.30,180.4 1 0
github.com/platinummonkey/spoke/pkg/plugins/verification.go:184.2,187.32 2 0
github.com/platinummonkey/spoke/pkg/plugins/verification.go:187.32,190.3 2 0
github.com/platinummonkey/spoke/pkg/plugins/verification.go:190.8,190.31 1 0
github.com/platinummonkey/spoke/pkg/plugins/verification.go:190.31,193.3 2 0
github.com/platinummonkey/spoke/pkg/plugins/verification.go:193.8,193.55 1 0
github.com/platinummonkey/spoke/pkg/plugins/verification.go:193.55,196.3 2 0
github.com/platinummonkey/spoke/pkg/plugins/verification.go:196.8,199.3 2 0
github.com/platinummonkey/spoke/pkg/plugins/verification.go:201.2,205.60 3 0
github.com/platinummonkey/spoke/pkg/plugins/verification.go:205.60,207.3 1 0
github.com/platinummonkey/spoke/pkg/plugins/verification.go:209.2,210.20 2 0
github.com/platinummonkey/spoke/pkg/plugins/verification.go:214.116,228.16 4 0
github.com/platinummonkey/spoke/pkg/plugins/verification.go:228.16,230.3 1 0
github.com/platinummonkey/spoke/pkg/plugins/verification.go:232.2,233.12 2 0
github.com/platinummonkey/spoke/pkg/plugins/verification.go:237.115,250.16 4 0
github.com/platinummonkey/spoke/pkg/plugins/verification.go:250.16,252.3 1 0
github.com/platinummonkey/spoke/pkg/plugins/verification.go:254.2,255.12 2 0
github.com/platinummonkey/spoke/pkg/plugins/verification.go:259.114,286.16 7 0
github.com/platinummonkey/spoke/pkg/plugins/verification.go:286.16,288.3 1 0
github.com/platinummonkey/spoke/pkg/plugins/verification.go:290.2,290.25 1 0
github.com/platinummonkey/spoke/pkg/plugins/verification.go:290.25,292.3 1 0
github.com/platinummonkey/spoke/pkg/plugins/verification.go:293.2,293.18 1 0
github.com/platinummonkey/spoke/pkg/plugins/verification.go:293.18,295.3 1 0
github.com/platinummonkey/spoke/pkg/plugins/verification.go:296.2,296.21 1 0
github.com/platinummonkey/spoke/pkg/plugins/verification.go:296.21,298.3 1 0
github.com/platinummonkey/spoke/pkg/plugins/verification.go:299.2,299.23 1 0
github.com/platinummonkey/spoke/pkg/plugins/verification.go:299.23,302.3 2 0
github.com/platinummonkey/spoke/pkg/plugins/verification.go:305.2,310.20 3 0
github.com/platinummonkey/spoke/pkg/plugins/verification.go:314.108,324.16 3 0
github.com/platinummonkey/spoke/pkg/plugins/verification.go:324.16,326.3 1 0
github.com/platinummonkey/spoke/pkg/plugins/verification.go:327.2,330.18 3 0
github.com/platinummonkey/spoke/pkg/plugins/verification.go:330.18,333.17 3 0
github.com/platinummonkey/spoke/pkg/plugins/verification.go:333.17,334.12 1 0
github.com/platinummonkey/spoke/pkg/plugins/verification.go:336.3,336.36 1 0
github.com/platinummonkey/spoke/pkg/plugins/verification.go:339.2,339.21 1 0
github.com/platinummonkey/spoke/pkg/plugins/verification.go:344.119,347.53 2 0
github.com/platinummonkey/spoke/pkg/plugins/verification.go:347.53,349.3 1 0
github.com/platinummonkey/spoke/pkg/plugins/verification.go:351.2,351.20 1 0
github.com/platinummonkey/spoke/pkg/plugins/verification.go:351.20,353.3 1 0
github.com/platinummonkey/spoke/pkg/plugins/verification.go:356.2,357.70 2 0
github.com/platinummonkey/spoke/pkg/plugins/verification.go:357.70,359.3 1 0
github.com/platinummonkey/spoke/pkg/plugins/verification.go:362.2,363.62 2 0
github.com/platinummonkey/spoke/pkg/plugins/verification.go:363.62,365.3 1 0
github.com/platinummonkey/spoke/pkg/plugins/verification.go:367.2,367.33 1 0
github.com/platinummonkey/spoke/pkg/plugins/verification.go:370.82,372.16 2 0
github.com/platinummonkey/spoke/pkg/plugins/verification.go:372.16,374.3 1 0
github.com/platinummonkey/spoke/pkg/plugins/verification.go:376.2,377.16 2 0
github.com/platinummonkey/spoke/pkg/plugins/verification.go:377.16,379.3 1 0
github.com/platinummonkey/spoke/pkg/plugins/verification.go:380.2,382.38 2 0
github.com/platinummonkey/spoke/pkg/plugins/verification.go:382.38,384.3 1 0
github.com/platinummonkey/spoke/pkg/plugins/verification.go:386.2,387.16 2 0
github.com/platinummonkey/spoke/pkg/plugins/verification.go:387.16,389.3 1 0
github.com/platinummonkey/spoke/pkg/plugins/verification.go:390.2,393.12 3 0
github.com/platinummonkey/spoke/pkg/plugins/verification.go:396.109,398.29 2 0
github.com/platinummonkey/spoke/pkg/plugins/verification.go:398.29,400.3 1 0
github.com/platinummonkey/spoke/pkg/plugins/verification.go:400.8,402.3 1 0
github.com/platinummonkey/spoke/pkg/plugins/verification.go:404.2,405.12 2 0
github.com/platinummonkey/spoke/pkg/plugins/verification.go:408.96,425.16 3 0
github.com/platinummonkey/spoke/pkg/plugins/verification.go:425.16,427.3 1 0
github.com/platinummonkey/spoke/pkg/plugins/verification.go:429.2,432.12 2 0
github.com/platinummonkey/spoke/pkg/plugins/verification.go:435.111,442.2 3 0
github.com/platinummonkey/spoke/pkg/plugins/verification.go:444.109,461.2 3 0
github.com/platinummonkey/spoke/pkg/plugins/verification.go:463.111,466.16 3 0
github.com/platinummonkey/spoke/pkg/plugins/verification.go:466.16,468.3 1 0
github.com/platinummonkey/spoke/pkg/plugins/verification.go:469.2,472.18 3 0
github.com/platinummonkey/spoke/pkg/plugins/verification.go:472.18,474.84 2 0
github.com/platinummonkey/spoke/pkg/plugins/verification.go:474.84,476.4 1 0
github.com/platinummonkey/spoke/pkg/plugins/verification.go:478.2,478.20 1 0
github.com/platinummonkey/spoke/pkg/plugins/verification.go:481.107,488.16 3 0
github.com/platinummonkey/spoke/pkg/plugins/verification.go:488.16,490.3 1 0
github.com/platinummonkey/spoke/pkg/plugins/verification.go:491.2,494.18 3 0
github.com/platinummonkey/spoke/pkg/plugins/verification.go:494.18,501.17 5 0
github.com/platinummonkey/spoke/pkg/plugins/verification.go:501.17,502.12 1 0
github.com/platinummonkey/spoke/pkg/plugins/verification.go:505.3,505.17 1 0
github.com/platinummonkey/spoke/pkg/plugins/verification.go:505.17,507.4 1 0
github.com/platinummonkey/spoke/pkg/plugins/verification.go:508.3,508.23 1 0
github.com/platinummonkey/spoke/pkg/plugins/verification.go:508.23,510.4 1 0
github.com/platinummonkey/spoke/pkg/plugins/verification.go:511.3,511.27 1 0
github.com/platinummonkey/spoke/pkg/plugins/verification.go:511.27,513.4 1 0
github.com/platinummonkey/spoke/pkg/plugins/verification.go:514.3,514.18 1 0
github.com/platinummonkey/spoke/pkg/plugins/verification.go:514.18,516.4 1 0
github.com/platinummonkey/spoke/pkg/plugins/verification.go:518.3,518.33 1 0
github.com/platinummonkey/spoke/pkg/plugins/verification.go:520.2,520.20 1 0
github.com/platinummonkey/spoke/pkg/plugins/verification.go:523.109,529.2 2 0
github.com/platinummonkey/spoke/pkg/plugins/verification.go:531.108,537.16 3 0
github.com/platinummonkey/spoke/pkg/plugins/verification.go:537.16,539.3 1 0
github.com/platinummonkey/spoke/pkg/plugins/verification.go:540.2,540.30 1 0
github.com/platinummonkey/spoke/pkg/plugins/verification.go:543.139,556.2 2 0
github.com/platinummonkey/spoke/pkg/plugins/verification.go:559.54,564.2 2 0
github.com/platinummonkey/spoke/pkg/plugins/verification.go:567.36,569.2 1 0
