mode: set
/Users/cody.lee/gtp/spoke/mayor/rig/pkg/storage/postgres/connection.go:37.80,45.16 3 1
/Users/cody.lee/gtp/spoke/mayor/rig/pkg/storage/postgres/connection.go:45.16,47.3 1 0
/Users/cody.lee/gtp/spoke/mayor/rig/pkg/storage/postgres/connection.go:50.2,59.49 7 1
/Users/cody.lee/gtp/spoke/mayor/rig/pkg/storage/postgres/connection.go:59.49,62.3 2 1
/Users/cody.lee/gtp/spoke/mayor/rig/pkg/storage/postgres/connection.go:64.2,67.48 2 0
/Users/cody.lee/gtp/spoke/mayor/rig/pkg/storage/postgres/connection.go:67.48,69.17 2 0
/Users/cody.lee/gtp/spoke/mayor/rig/pkg/storage/postgres/connection.go:69.17,72.12 2 0
/Users/cody.lee/gtp/spoke/mayor/rig/pkg/storage/postgres/connection.go:76.3,77.26 2 0
/Users/cody.lee/gtp/spoke/mayor/rig/pkg/storage/postgres/connection.go:77.26,79.4 1 0
/Users/cody.lee/gtp/spoke/mayor/rig/pkg/storage/postgres/connection.go:80.3,90.17 8 0
/Users/cody.lee/gtp/spoke/mayor/rig/pkg/storage/postgres/connection.go:90.17,94.12 3 0
/Users/cody.lee/gtp/spoke/mayor/rig/pkg/storage/postgres/connection.go:97.3,97.45 1 0
/Users/cody.lee/gtp/spoke/mayor/rig/pkg/storage/postgres/connection.go:100.2,100.26 1 0
/Users/cody.lee/gtp/spoke/mayor/rig/pkg/storage/postgres/connection.go:100.26,102.3 1 0
/Users/cody.lee/gtp/spoke/mayor/rig/pkg/storage/postgres/connection.go:102.8,104.3 1 0
/Users/cody.lee/gtp/spoke/mayor/rig/pkg/storage/postgres/connection.go:106.2,106.16 1 0
/Users/cody.lee/gtp/spoke/mayor/rig/pkg/storage/postgres/connection.go:110.48,112.2 1 1
/Users/cody.lee/gtp/spoke/mayor/rig/pkg/storage/postgres/connection.go:116.48,121.23 4 1
/Users/cody.lee/gtp/spoke/mayor/rig/pkg/storage/postgres/connection.go:121.23,124.3 1 1
/Users/cody.lee/gtp/spoke/mayor/rig/pkg/storage/postgres/connection.go:127.2,134.16 6 1
/Users/cody.lee/gtp/spoke/mayor/rig/pkg/storage/postgres/connection.go:138.54,145.2 5 1
/Users/cody.lee/gtp/spoke/mayor/rig/pkg/storage/postgres/connection.go:148.69,150.52 1 1
/Users/cody.lee/gtp/spoke/mayor/rig/pkg/storage/postgres/connection.go:150.52,152.3 1 1
/Users/cody.lee/gtp/spoke/mayor/rig/pkg/storage/postgres/connection.go:155.2,161.35 6 1
/Users/cody.lee/gtp/spoke/mayor/rig/pkg/storage/postgres/connection.go:161.35,162.50 1 1
/Users/cody.lee/gtp/spoke/mayor/rig/pkg/storage/postgres/connection.go:162.50,164.4 1 1
/Users/cody.lee/gtp/spoke/mayor/rig/pkg/storage/postgres/connection.go:167.2,167.59 1 1
/Users/cody.lee/gtp/spoke/mayor/rig/pkg/storage/postgres/connection.go:167.59,170.3 1 1
/Users/cody.lee/gtp/spoke/mayor/rig/pkg/storage/postgres/connection.go:172.2,172.12 1 1
/Users/cody.lee/gtp/spoke/mayor/rig/pkg/storage/postgres/connection.go:176.54,185.38 5 1
/Users/cody.lee/gtp/spoke/mayor/rig/pkg/storage/postgres/connection.go:185.38,187.3 1 1
/Users/cody.lee/gtp/spoke/mayor/rig/pkg/storage/postgres/connection.go:189.2,189.14 1 1
/Users/cody.lee/gtp/spoke/mayor/rig/pkg/storage/postgres/connection.go:200.79,207.38 5 1
/Users/cody.lee/gtp/spoke/mayor/rig/pkg/storage/postgres/connection.go:207.38,208.50 1 1
/Users/cody.lee/gtp/spoke/mayor/rig/pkg/storage/postgres/connection.go:208.50,212.4 2 1
/Users/cody.lee/gtp/spoke/mayor/rig/pkg/storage/postgres/connection.go:212.9,214.4 1 1
/Users/cody.lee/gtp/spoke/mayor/rig/pkg/storage/postgres/connection.go:217.2,218.16 2 1
/Users/cody.lee/gtp/spoke/mayor/rig/pkg/storage/postgres/connection.go:222.66,224.16 2 1
/Users/cody.lee/gtp/spoke/mayor/rig/pkg/storage/postgres/connection.go:224.16,226.3 1 0
/Users/cody.lee/gtp/spoke/mayor/rig/pkg/storage/postgres/connection.go:229.2,230.25 2 1
/Users/cody.lee/gtp/spoke/mayor/rig/pkg/storage/postgres/connection.go:230.25,232.3 1 0
/Users/cody.lee/gtp/spoke/mayor/rig/pkg/storage/postgres/connection.go:233.2,242.49 7 1
/Users/cody.lee/gtp/spoke/mayor/rig/pkg/storage/postgres/connection.go:242.49,245.3 2 1
/Users/cody.lee/gtp/spoke/mayor/rig/pkg/storage/postgres/connection.go:247.2,251.12 4 0
/Users/cody.lee/gtp/spoke/mayor/rig/pkg/storage/postgres/connection.go:255.44,259.43 2 1
/Users/cody.lee/gtp/spoke/mayor/rig/pkg/storage/postgres/connection.go:259.43,261.3 1 1
/Users/cody.lee/gtp/spoke/mayor/rig/pkg/storage/postgres/connection.go:264.2,269.35 5 1
/Users/cody.lee/gtp/spoke/mayor/rig/pkg/storage/postgres/connection.go:269.35,270.41 1 1
/Users/cody.lee/gtp/spoke/mayor/rig/pkg/storage/postgres/connection.go:270.41,272.4 1 1
/Users/cody.lee/gtp/spoke/mayor/rig/pkg/storage/postgres/connection.go:275.2,275.19 1 1
/Users/cody.lee/gtp/spoke/mayor/rig/pkg/storage/postgres/connection.go:275.19,277.3 1 1
/Users/cody.lee/gtp/spoke/mayor/rig/pkg/storage/postgres/connection.go:279.2,279.12 1 1
/Users/cody.lee/gtp/spoke/mayor/rig/pkg/storage/postgres/connection.go:284.99,285.19 1 1
/Users/cody.lee/gtp/spoke/mayor/rig/pkg/storage/postgres/connection.go:285.19,287.3 1 1
/Users/cody.lee/gtp/spoke/mayor/rig/pkg/storage/postgres/connection.go:289.2,290.12 2 1
/Users/cody.lee/gtp/spoke/mayor/rig/pkg/storage/postgres/connection.go:290.12,294.16 2 1
/Users/cody.lee/gtp/spoke/mayor/rig/pkg/storage/postgres/connection.go:294.16,295.32 1 1
/Users/cody.lee/gtp/spoke/mayor/rig/pkg/storage/postgres/connection.go:295.32,297.5 1 0
/Users/cody.lee/gtp/spoke/mayor/rig/pkg/storage/postgres/connection.go:300.3,300.7 1 1
/Users/cody.lee/gtp/spoke/mayor/rig/pkg/storage/postgres/connection.go:300.7,301.11 1 1
/Users/cody.lee/gtp/spoke/mayor/rig/pkg/storage/postgres/connection.go:302.20,307.20 4 1
/Users/cody.lee/gtp/spoke/mayor/rig/pkg/storage/postgres/connection.go:307.20,309.6 1 1
/Users/cody.lee/gtp/spoke/mayor/rig/pkg/storage/postgres/connection.go:311.22,312.11 1 1
/Users/cody.lee/gtp/spoke/mayor/rig/pkg/storage/postgres/connection.go:319.55,320.26 1 1
/Users/cody.lee/gtp/spoke/mayor/rig/pkg/storage/postgres/connection.go:320.26,322.3 1 1
/Users/cody.lee/gtp/spoke/mayor/rig/pkg/storage/postgres/connection.go:324.2,327.27 3 1
/Users/cody.lee/gtp/spoke/mayor/rig/pkg/storage/postgres/connection.go:327.27,329.20 2 1
/Users/cody.lee/gtp/spoke/mayor/rig/pkg/storage/postgres/connection.go:329.20,331.4 1 1
/Users/cody.lee/gtp/spoke/mayor/rig/pkg/storage/postgres/connection.go:334.2,334.15 1 1
